{"meta": {"format": 3, "version": "7.13.5", "timestamp": "2026-05-19T00:00:59.351887", "branch_coverage": true, "show_contexts": false}, "files": {"src/__init__.py": {"executed_lines": [3], "summary": {"covered_lines": 1, "num_statements": 1, "percent_covered": 100.0, "percent_covered_display": "100.00", "missing_lines": 0, "excluded_lines": 0, "percent_statements_covered": 100.0, "percent_statements_covered_display": "100.00", "num_branches": 0, "num_partial_branches": 0, "covered_branches": 0, "missing_branches": 0, "percent_branches_covered": 100.0, "percent_branches_covered_display": "100.00"}, "missing_lines": [], "excluded_lines": [], "executed_branches": [], "missing_branches": [], "functions": {"": {"executed_lines": [3], "summary": {"covered_lines": 1, "num_statements": 1, "percent_covered": 100.0, "percent_covered_display": "100.00", "missing_lines": 0, "excluded_lines": 0, "percent_statements_covered": 100.0, "percent_statements_covered_display": "100.00", "num_branches": 0, "num_partial_branches": 0, "covered_branches": 0, "missing_branches": 0, "percent_branches_covered": 100.0, "percent_branches_covered_display": "100.00"}, "missing_lines": [], "excluded_lines": [], "start_line": 1, "executed_branches": [], "missing_branches": []}}, "classes": {"": {"executed_lines": [3], "summary": {"covered_lines": 1, "num_statements": 1, "percent_covered": 100.0, "percent_covered_display": "100.00", "missing_lines": 0, "excluded_lines": 0, "percent_statements_covered": 100.0, "percent_statements_covered_display": "100.00", "num_branches": 0, "num_partial_branches": 0, "covered_branches": 0, "missing_branches": 0, "percent_branches_covered": 100.0, "percent_branches_covered_display": "100.00"}, "missing_lines": [], "excluded_lines": [], "start_line": 1, "executed_branches": [], "missing_branches": []}}}, "src/agent/__init__.py": {"executed_lines": [], "summary": {"covered_lines": 0, "num_statements": 0, "percent_covered": 100.0, "percent_covered_display": "100.00", "missing_lines": 0, "excluded_lines": 0, "percent_statements_covered": 100.0, "percent_statements_covered_display": "100.00", "num_branches": 0, "num_partial_branches": 0, "covered_branches": 0, "missing_branches": 0, "percent_branches_covered": 100.0, "percent_branches_covered_display": "100.00"}, "missing_lines": [], "excluded_lines": [], "executed_branches": [], "missing_branches": [], "functions": {"": {"executed_lines": [], "summary": {"covered_lines": 0, "num_statements": 0, "percent_covered": 100.0, "percent_covered_display": "100.00", "missing_lines": 0, "excluded_lines": 0, "percent_statements_covered": 100.0, "percent_statements_covered_display": "100.00", "num_branches": 0, "num_partial_branches": 0, "covered_branches": 0, "missing_branches": 0, "percent_branches_covered": 100.0, "percent_branches_covered_display": "100.00"}, "missing_lines": [], "excluded_lines": [], "start_line": 1, "executed_branches": [], "missing_branches": []}}, "classes": {"": {"executed_lines": [], "summary": {"covered_lines": 0, "num_statements": 0, "percent_covered": 100.0, "percent_covered_display": "100.00", "missing_lines": 0, "excluded_lines": 0, "percent_statements_covered": 100.0, "percent_statements_covered_display": "100.00", "num_branches": 0, "num_partial_branches": 0, "covered_branches": 0, "missing_branches": 0, "percent_branches_covered": 100.0, "percent_branches_covered_display": "100.00"}, "missing_lines": [], "excluded_lines": [], "start_line": 1, "executed_branches": [], "missing_branches": []}}}, "src/agent/database.py": {"executed_lines": [1, 2, 4, 5, 8, 9, 10, 12, 13, 14, 21, 23], "summary": {"covered_lines": 12, "num_statements": 12, "percent_covered": 100.0, "percent_covered_display": "100.00", "missing_lines": 0, "excluded_lines": 2, "percent_statements_covered": 100.0, "percent_statements_covered_display": "100.00", "num_branches": 0, "num_partial_branches": 0, "covered_branches": 0, "missing_branches": 0, "percent_branches_covered": 100.0, "percent_branches_covered_display": "100.00"}, "missing_lines": [], "excluded_lines": [26, 27], "executed_branches": [], "missing_branches": [], "functions": {"initialiser_base_de_donnees": {"executed_lines": [9, 10, 12, 13, 14, 21, 23], "summary": {"covered_lines": 7, "num_statements": 7, "percent_covered": 100.0, "percent_covered_display": "100.00", "missing_lines": 0, "excluded_lines": 0, "percent_statements_covered": 100.0, "percent_statements_covered_display": "100.00", "num_branches": 0, "num_partial_branches": 0, "covered_branches": 0, "missing_branches": 0, "percent_branches_covered": 100.0, "percent_branches_covered_display": "100.00"}, "missing_lines": [], "excluded_lines": [], "start_line": 8, "executed_branches": [], "missing_branches": []}, "": {"executed_lines": [1, 2, 4, 5, 8], "summary": {"covered_lines": 5, "num_statements": 5, "percent_covered": 100.0, "percent_covered_display": "100.00", "missing_lines": 0, "excluded_lines": 2, "percent_statements_covered": 100.0, "percent_statements_covered_display": "100.00", "num_branches": 0, "num_partial_branches": 0, "covered_branches": 0, "missing_branches": 0, "percent_branches_covered": 100.0, "percent_branches_covered_display": "100.00"}, "missing_lines": [], "excluded_lines": [26, 27], "start_line": 1, "executed_branches": [], "missing_branches": []}}, "classes": {"": {"executed_lines": [1, 2, 4, 5, 8, 9, 10, 12, 13, 14, 21, 23], "summary": {"covered_lines": 12, "num_statements": 12, "percent_covered": 100.0, "percent_covered_display": "100.00", "missing_lines": 0, "excluded_lines": 2, "percent_statements_covered": 100.0, "percent_statements_covered_display": "100.00", "num_branches": 0, "num_partial_branches": 0, "covered_branches": 0, "missing_branches": 0, "percent_branches_covered": 100.0, "percent_branches_covered_display": "100.00"}, "missing_lines": [], "excluded_lines": [26, 27], "start_line": 1, "executed_branches": [], "missing_branches": []}}}, "src/agent/maestro.py": {"executed_lines": [1, 2, 3, 4, 5, 6, 7, 8, 9, 10, 11, 13, 14, 16, 17, 19, 20, 28, 29, 34, 36, 37, 38, 43, 44, 45, 46, 47, 48, 49, 50, 51, 52, 55, 56, 57, 58, 59, 60, 61, 62, 65, 66, 67, 68, 69, 70, 71, 72, 73, 74, 75, 76, 77, 78, 79, 80, 81, 82, 83, 88, 154, 155, 156, 157, 158, 159, 160, 161, 162, 163, 164, 169, 174, 175, 178, 179, 180, 183, 184, 187, 188, 189, 190, 191, 192, 193, 194, 195, 196, 197, 202, 209, 212, 213, 214, 219, 220, 221, 222, 225, 226, 228, 231, 232, 233, 236, 237, 238, 239, 241, 242, 243, 248, 249, 250, 252, 255, 256, 259, 260, 263, 264, 265, 266, 267, 268, 269, 270, 272, 273, 274, 276, 277, 280, 281, 282, 283, 284, 285, 287, 290, 293, 294, 295, 296, 298, 299, 300, 301, 303, 304, 306, 309, 310, 311, 312, 313, 314, 318, 319, 323, 328, 331, 332, 335, 336, 348, 351, 352, 353, 354, 357, 358, 361, 375, 376, 377, 378, 387, 388, 391, 392, 393, 394, 396, 397, 406, 407, 409, 410, 411, 414, 415, 416, 417, 422, 432, 433, 434, 435, 441, 442, 444, 460, 477, 478, 481, 482, 483, 505, 512, 513, 520, 531, 536, 537, 539, 540, 545, 547, 548, 549, 550, 551, 552, 553, 554, 566, 571, 582, 584, 585, 598, 600, 601, 602, 603, 604, 606, 610, 618, 620, 621, 622, 627, 628, 629, 631, 634, 659, 673, 674, 675, 684, 685, 686, 687, 688, 690, 691, 698, 699, 701, 716, 717, 718, 720, 721, 722, 723, 724, 725, 727, 728, 729, 730, 731, 732, 742, 747, 748, 749, 750, 751, 752, 753, 754, 755, 757, 758, 759, 760, 761, 762, 784, 785, 787, 796, 797, 798, 799, 800, 801, 805, 806, 807, 808, 809, 810, 811, 816, 817, 818, 820, 821, 822, 823, 824, 826, 827, 828, 829, 831, 832, 833, 843, 845, 857, 858, 859, 860, 861, 862, 863, 864, 865, 867, 868, 870, 872, 875, 876, 877, 879, 880, 881, 883, 888], "summary": {"covered_lines": 349, "num_statements": 460, "percent_covered": 72.74247491638796, "percent_covered_display": "72.74", "missing_lines": 111, "excluded_lines": 8, "percent_statements_covered": 75.8695652173913, "percent_statements_covered_display": "75.87", "num_branches": 138, "num_partial_branches": 38, "covered_branches": 86, "missing_branches": 52, "percent_branches_covered": 62.31884057971015, "percent_branches_covered_display": "62.32"}, "missing_lines": [198, 199, 200, 201, 227, 251, 257, 261, 278, 288, 315, 333, 349, 355, 362, 363, 364, 365, 366, 368, 369, 370, 372, 379, 380, 381, 389, 398, 399, 400, 401, 402, 403, 404, 408, 484, 491, 492, 493, 503, 506, 521, 522, 523, 524, 525, 526, 541, 542, 543, 555, 556, 557, 561, 568, 586, 590, 595, 596, 597, 630, 641, 647, 648, 649, 654, 693, 700, 763, 764, 765, 773, 774, 775, 776, 777, 779, 780, 781, 782, 783, 812, 813, 814, 846, 847, 848, 849, 850, 851, 853, 854, 855, 866, 873, 878, 896, 897, 899, 900, 911, 912, 913, 914, 915, 916, 917, 918, 919, 932, 933], "excluded_lines": [562, 563, 564, 945, 946, 947, 955, 956], "executed_branches": [[157, 158], [157, 169], [159, 160], [159, 161], [161, 157], [161, 162], [162, 161], [162, 163], [189, 190], [189, 209], [190, 191], [190, 192], [197, 202], [219, 220], [219, 221], [226, 228], [238, 239], [238, 241], [250, 252], [256, 259], [260, 263], [273, 274], [277, 280], [281, 282], [281, 287], [284, 285], [287, 290], [293, 294], [295, 296], [298, 299], [300, 301], [300, 303], [303, 304], [311, 312], [313, 314], [332, 335], [348, 351], [354, 357], [377, 378], [388, 391], [397, 406], [407, 409], [409, 410], [409, 411], [441, 442], [441, 444], [483, 505], [505, 512], [547, 548], [585, 598], [601, 602], [601, 606], [629, 631], [690, 691], [699, 701], [727, 728], [727, 757], [730, 731], [748, 749], [748, 757], [750, 751], [757, 758], [758, 759], [758, 760], [796, 797], [796, 831], [798, 799], [798, 820], [799, 800], [799, 810], [811, 816], [821, 822], [821, 826], [845, 857], [861, 862], [861, 863], [863, 864], [863, 865], [865, 867], [867, 868], [867, 870], [872, 875], [875, 876], [875, 883], [877, 879], [879, 880]], "missing_branches": [[197, 198], [226, 227], [250, 251], [256, 257], [260, 261], [273, 276], [277, 278], [284, 281], [287, 288], [293, 295], [295, 298], [298, 303], [303, 306], [311, 315], [313, 311], [332, 333], [348, 349], [354, 355], [363, 364], [363, 365], [365, 366], [365, 368], [377, 379], [388, 389], [397, 398], [399, 397], [399, 400], [407, 408], [483, 484], [491, 492], [491, 493], [505, 506], [547, 568], [585, 586], [629, 630], [690, 693], [699, 700], [730, 757], [750, 757], [757, 845], [774, 775], [774, 779], [811, 812], [845, 846], [847, 848], [847, 853], [865, 866], [872, 873], [877, 878], [879, 881], [899, 900], [899, 932]], "functions": {"_routing_hint": {"executed_lines": [155, 156, 157, 158, 159, 160, 161, 162, 163, 164, 169], "summary": {"covered_lines": 11, "num_statements": 11, "percent_covered": 100.0, "percent_covered_display": "100.00", "missing_lines": 0, "excluded_lines": 0, "percent_statements_covered": 100.0, "percent_statements_covered_display": "100.00", "num_branches": 8, "num_partial_branches": 0, "covered_branches": 8, "missing_branches": 0, "percent_branches_covered": 100.0, "percent_branches_covered_display": "100.00"}, "missing_lines": [], "excluded_lines": [], "start_line": 154, "executed_branches": [[157, 158], [157, 169], [159, 160], [159, 161], [161, 157], [161, 162], [162, 161], [162, 163]], "missing_branches": []}, "_now_utc_iso": {"executed_lines": [175], "summary": {"covered_lines": 1, "num_statements": 1, "percent_covered": 100.0, "percent_covered_display": "100.00", "missing_lines": 0, "excluded_lines": 0, "percent_statements_covered": 100.0, "percent_statements_covered_display": "100.00", "num_branches": 0, "num_partial_branches": 0, "covered_branches": 0, "missing_branches": 0, "percent_branches_covered": 100.0, "percent_branches_covered_display": "100.00"}, "missing_lines": [], "excluded_lines": [], "start_line": 174, "executed_branches": [], "missing_branches": []}, "_preview": {"executed_lines": [179, 180], "summary": {"covered_lines": 2, "num_statements": 2, "percent_covered": 100.0, "percent_covered_display": "100.00", "missing_lines": 0, "excluded_lines": 0, "percent_statements_covered": 100.0, "percent_statements_covered_display": "100.00", "num_branches": 0, "num_partial_branches": 0, "covered_branches": 0, "missing_branches": 0, "percent_branches_covered": 100.0, "percent_branches_covered_display": "100.00"}, "missing_lines": [], "excluded_lines": [], "start_line": 178, "executed_branches": [], "missing_branches": []}, "_tool_result_text": {"executed_lines": [184], "summary": {"covered_lines": 1, "num_statements": 1, "percent_covered": 100.0, "percent_covered_display": "100.00", "missing_lines": 0, "excluded_lines": 0, "percent_statements_covered": 100.0, "percent_statements_covered_display": "100.00", "num_branches": 0, "num_partial_branches": 0, "covered_branches": 0, "missing_branches": 0, "percent_branches_covered": 100.0, "percent_branches_covered_display": "100.00"}, "missing_lines": [], "excluded_lines": [], "start_line": 183, "executed_branches": [], "missing_branches": []}, "_extract_sources": {"executed_lines": [188, 189, 190, 191, 192, 193, 194, 195, 196, 197, 202, 209], "summary": {"covered_lines": 12, "num_statements": 16, "percent_covered": 77.27272727272727, "percent_covered_display": "77.27", "missing_lines": 4, "excluded_lines": 0, "percent_statements_covered": 75.0, "percent_statements_covered_display": "75.00", "num_branches": 6, "num_partial_branches": 1, "covered_branches": 5, "missing_branches": 1, "percent_branches_covered": 83.33333333333333, "percent_branches_covered_display": "83.33"}, "missing_lines": [198, 199, 200, 201], "excluded_lines": [], "start_line": 187, "executed_branches": [[189, 190], [189, 209], [190, 191], [190, 192], [197, 202]], "missing_branches": [[197, 198]]}, "_extract_actions_from_text": {"executed_lines": [213, 214, 219, 220, 221, 222], "summary": {"covered_lines": 6, "num_statements": 6, "percent_covered": 100.0, "percent_covered_display": "100.00", "missing_lines": 0, "excluded_lines": 0, "percent_statements_covered": 100.0, "percent_statements_covered_display": "100.00", "num_branches": 2, "num_partial_branches": 0, "covered_branches": 2, "missing_branches": 0, "percent_branches_covered": 100.0, "percent_branches_covered_display": "100.00"}, "missing_lines": [], "excluded_lines": [], "start_line": 212, "executed_branches": [[219, 220], [219, 221]], "missing_branches": []}, "_first_solution_block": {"executed_lines": [226, 228], "summary": {"covered_lines": 2, "num_statements": 3, "percent_covered": 60.0, "percent_covered_display": "60.00", "missing_lines": 1, "excluded_lines": 0, "percent_statements_covered": 66.66666666666667, "percent_statements_covered_display": "66.67", "num_branches": 2, "num_partial_branches": 1, "covered_branches": 1, "missing_branches": 1, "percent_branches_covered": 50.0, "percent_branches_covered_display": "50.00"}, "missing_lines": [227], "excluded_lines": [], "start_line": 225, "executed_branches": [[226, 228]], "missing_branches": [[226, 227]]}, "_extract_field": {"executed_lines": [232, 233], "summary": {"covered_lines": 2, "num_statements": 2, "percent_covered": 100.0, "percent_covered_display": "100.00", "missing_lines": 0, "excluded_lines": 0, "percent_statements_covered": 100.0, "percent_statements_covered_display": "100.00", "num_branches": 0, "num_partial_branches": 0, "covered_branches": 0, "missing_branches": 0, "percent_branches_covered": 100.0, "percent_branches_covered_display": "100.00"}, "missing_lines": [], "excluded_lines": [], "start_line": 231, "executed_branches": [], "missing_branches": []}, "_extract_section": {"executed_lines": [237, 238, 239, 241, 242, 243, 248, 249, 250, 252], "summary": {"covered_lines": 10, "num_statements": 11, "percent_covered": 86.66666666666667, "percent_covered_display": "86.67", "missing_lines": 1, "excluded_lines": 0, "percent_statements_covered": 90.9090909090909, "percent_statements_covered_display": "90.91", "num_branches": 4, "num_partial_branches": 1, "covered_branches": 3, "missing_branches": 1, "percent_branches_covered": 75.0, "percent_branches_covered_display": "75.00"}, "missing_lines": [251], "excluded_lines": [], "start_line": 236, "executed_branches": [[238, 239], [238, 241], [250, 252]], "missing_branches": [[250, 251]]}, "_compose_answer_from_tool_call": {"executed_lines": [256, 259, 260, 263, 264, 265, 266, 267, 268, 269, 270, 272, 273, 274, 276, 277, 280, 281, 282, 283, 284, 285, 287, 290, 293, 294, 295, 296, 298, 299, 300, 301, 303, 304, 306], "summary": {"covered_lines": 35, "num_statements": 39, "percent_covered": 77.77777777777777, "percent_covered_display": "77.78", "missing_lines": 4, "excluded_lines": 0, "percent_statements_covered": 89.74358974358974, "percent_statements_covered_display": "89.74", "num_branches": 24, "num_partial_branches": 10, "covered_branches": 14, "missing_branches": 10, "percent_branches_covered": 58.333333333333336, "percent_branches_covered_display": "58.33"}, "missing_lines": [257, 261, 278, 288], "excluded_lines": [], "start_line": 255, "executed_branches": [[256, 259], [260, 263], [273, 274], [277, 280], [281, 282], [281, 287], [284, 285], [287, 290], [293, 294], [295, 296], [298, 299], [300, 301], [300, 303], [303, 304]], "missing_branches": [[256, 257], [260, 261], [273, 276], [277, 278], [284, 281], [287, 288], [293, 295], [295, 298], [298, 303], [303, 306]]}, "_synthesize_answer_from_tools": {"executed_lines": [310, 311, 312, 313, 314], "summary": {"covered_lines": 5, "num_statements": 6, "percent_covered": 70.0, "percent_covered_display": "70.00", "missing_lines": 1, "excluded_lines": 0, "percent_statements_covered": 83.33333333333333, "percent_statements_covered_display": "83.33", "num_branches": 4, "num_partial_branches": 2, "covered_branches": 2, "missing_branches": 2, "percent_branches_covered": 50.0, "percent_branches_covered_display": "50.00"}, "missing_lines": [315], "excluded_lines": [], "start_line": 309, "executed_branches": [[311, 312], [313, 314]], "missing_branches": [[311, 315], [313, 311]]}, "_significant_tokens": {"executed_lines": [319, 323, 328], "summary": {"covered_lines": 3, "num_statements": 3, "percent_covered": 100.0, "percent_covered_display": "100.00", "missing_lines": 0, "excluded_lines": 0, "percent_statements_covered": 100.0, "percent_statements_covered_display": "100.00", "num_branches": 0, "num_partial_branches": 0, "covered_branches": 0, "missing_branches": 0, "percent_branches_covered": 100.0, "percent_branches_covered_display": "100.00"}, "missing_lines": [], "excluded_lines": [], "start_line": 318, "executed_branches": [], "missing_branches": []}, "_answer_is_grounded_in_tools": {"executed_lines": [332, 335, 336, 348, 351, 352, 353, 354, 357, 358], "summary": {"covered_lines": 10, "num_statements": 13, "percent_covered": 68.42105263157895, "percent_covered_display": "68.42", "missing_lines": 3, "excluded_lines": 0, "percent_statements_covered": 76.92307692307692, "percent_statements_covered_display": "76.92", "num_branches": 6, "num_partial_branches": 3, "covered_branches": 3, "missing_branches": 3, "percent_branches_covered": 50.0, "percent_branches_covered_display": "50.00"}, "missing_lines": [333, 349, 355], "excluded_lines": [], "start_line": 331, "executed_branches": [[332, 335], [348, 351], [354, 357]], "missing_branches": [[332, 333], [348, 349], [354, 355]]}, "_extract_llm_usage": {"executed_lines": [], "summary": {"covered_lines": 0, "num_statements": 7, "percent_covered": 0.0, "percent_covered_display": "0.00", "missing_lines": 7, "excluded_lines": 0, "percent_statements_covered": 0.0, "percent_statements_covered_display": "0.00", "num_branches": 4, "num_partial_branches": 0, "covered_branches": 0, "missing_branches": 4, "percent_branches_covered": 0.0, "percent_branches_covered_display": "0.00"}, "missing_lines": [362, 363, 364, 365, 366, 368, 372], "excluded_lines": [], "start_line": 361, "executed_branches": [], "missing_branches": [[363, 364], [363, 365], [365, 366], [365, 368]]}, "_extract_llm_usage._get": {"executed_lines": [], "summary": {"covered_lines": 0, "num_statements": 2, "percent_covered": 0.0, "percent_covered_display": "0.00", "missing_lines": 2, "excluded_lines": 0, "percent_statements_covered": 0.0, "percent_statements_covered_display": "0.00", "num_branches": 0, "num_partial_branches": 0, "covered_branches": 0, "missing_branches": 0, "percent_branches_covered": 100.0, "percent_branches_covered_display": "100.00"}, "missing_lines": [369, 370], "excluded_lines": [], "start_line": 368, "executed_branches": [], "missing_branches": []}, "_get_decision_usage": {"executed_lines": [376, 377, 378], "summary": {"covered_lines": 3, "num_statements": 6, "percent_covered": 50.0, "percent_covered_display": "50.00", "missing_lines": 3, "excluded_lines": 0, "percent_statements_covered": 50.0, "percent_statements_covered_display": "50.00", "num_branches": 2, "num_partial_branches": 1, "covered_branches": 1, "missing_branches": 1, "percent_branches_covered": 50.0, "percent_branches_covered_display": "50.00"}, "missing_lines": [379, 380, 381], "excluded_lines": [], "start_line": 375, "executed_branches": [[377, 378]], "missing_branches": [[377, 379]]}, "_compute_confidence": {"executed_lines": [388, 391, 392, 393, 394, 396, 397, 406, 407, 409, 410, 411], "summary": {"covered_lines": 12, "num_statements": 21, "percent_covered": 54.83870967741935, "percent_covered_display": "54.84", "missing_lines": 9, "excluded_lines": 0, "percent_statements_covered": 57.142857142857146, "percent_statements_covered_display": "57.14", "num_branches": 10, "num_partial_branches": 3, "covered_branches": 5, "missing_branches": 5, "percent_branches_covered": 50.0, "percent_branches_covered_display": "50.00"}, "missing_lines": [389, 398, 399, 400, 401, 402, 403, 404, 408], "excluded_lines": [], "start_line": 387, "executed_branches": [[388, 391], [397, 406], [407, 409], [409, 410], [409, 411]], "missing_branches": [[388, 389], [397, 398], [399, 397], [399, 400], [407, 408]]}, "_build_structured_answer": {"executed_lines": [415, 416, 417, 422], "summary": {"covered_lines": 4, "num_statements": 4, "percent_covered": 100.0, "percent_covered_display": "100.00", "missing_lines": 0, "excluded_lines": 0, "percent_statements_covered": 100.0, "percent_statements_covered_display": "100.00", "num_branches": 0, "num_partial_branches": 0, "covered_branches": 0, "missing_branches": 0, "percent_branches_covered": 100.0, "percent_branches_covered_display": "100.00"}, "missing_lines": [], "excluded_lines": [], "start_line": 414, "executed_branches": [], "missing_branches": []}, "_should_disable_it_tools": {"executed_lines": [433, 434, 435, 441, 442, 444, 460, 477, 478], "summary": {"covered_lines": 9, "num_statements": 9, "percent_covered": 100.0, "percent_covered_display": "100.00", "missing_lines": 0, "excluded_lines": 0, "percent_statements_covered": 100.0, "percent_statements_covered_display": "100.00", "num_branches": 2, "num_partial_branches": 0, "covered_branches": 2, "missing_branches": 0, "percent_branches_covered": 100.0, "percent_branches_covered_display": "100.00"}, "missing_lines": [], "excluded_lines": [], "start_line": 432, "executed_branches": [[441, 442], [441, 444]], "missing_branches": []}, "_fallback_final_answer": {"executed_lines": [482, 483, 505, 512, 513], "summary": {"covered_lines": 5, "num_statements": 11, "percent_covered": 41.1764705882353, "percent_covered_display": "41.18", "missing_lines": 6, "excluded_lines": 0, "percent_statements_covered": 45.45454545454545, "percent_statements_covered_display": "45.45", "num_branches": 6, "num_partial_branches": 2, "covered_branches": 2, "missing_branches": 4, "percent_branches_covered": 33.333333333333336, "percent_branches_covered_display": "33.33"}, "missing_lines": [484, 491, 492, 493, 503, 506], "excluded_lines": [], "start_line": 481, "executed_branches": [[483, 505], [505, 512]], "missing_branches": [[483, 484], [491, 492], [491, 493], [505, 506]]}, "_save_trace": {"executed_lines": [], "summary": {"covered_lines": 0, "num_statements": 6, "percent_covered": 0.0, "percent_covered_display": "0.00", "missing_lines": 6, "excluded_lines": 0, "percent_statements_covered": 0.0, "percent_statements_covered_display": "0.00", "num_branches": 0, "num_partial_branches": 0, "covered_branches": 0, "missing_branches": 0, "percent_branches_covered": 100.0, "percent_branches_covered_display": "100.00"}, "missing_lines": [521, 522, 523, 524, 525, 526], "excluded_lines": [], "start_line": 520, "executed_branches": [], "missing_branches": []}, "_execute_tool_with_policy": {"executed_lines": [536, 537, 539, 540, 545, 547, 548, 549, 550, 551, 552, 553, 554, 566], "summary": {"covered_lines": 14, "num_statements": 22, "percent_covered": 62.5, "percent_covered_display": "62.50", "missing_lines": 8, "excluded_lines": 3, "percent_statements_covered": 63.63636363636363, "percent_statements_covered_display": "63.64", "num_branches": 2, "num_partial_branches": 1, "covered_branches": 1, "missing_branches": 1, "percent_branches_covered": 50.0, "percent_branches_covered_display": "50.00"}, "missing_lines": [541, 542, 543, 555, 556, 557, 561, 568], "excluded_lines": [562, 563, 564], "start_line": 531, "executed_branches": [[547, 548]], "missing_branches": [[547, 568]]}, "_execute_and_record_tool_call": {"executed_lines": [582, 584, 585, 598, 600, 601, 602, 603, 604, 606, 610, 618, 620, 621, 622], "summary": {"covered_lines": 15, "num_statements": 20, "percent_covered": 75.0, "percent_covered_display": "75.00", "missing_lines": 5, "excluded_lines": 0, "percent_statements_covered": 75.0, "percent_statements_covered_display": "75.00", "num_branches": 4, "num_partial_branches": 1, "covered_branches": 3, "missing_branches": 1, "percent_branches_covered": 75.0, "percent_branches_covered_display": "75.00"}, "missing_lines": [586, 590, 595, 596, 597], "excluded_lines": [], "start_line": 571, "executed_branches": [[585, 598], [601, 602], [601, 606]], "missing_branches": [[585, 586]]}, "_make_client": {"executed_lines": [628, 629, 631], "summary": {"covered_lines": 3, "num_statements": 4, "percent_covered": 66.66666666666667, "percent_covered_display": "66.67", "missing_lines": 1, "excluded_lines": 0, "percent_statements_covered": 75.0, "percent_statements_covered_display": "75.00", "num_branches": 2, "num_partial_branches": 1, "covered_branches": 1, "missing_branches": 1, "percent_branches_covered": 50.0, "percent_branches_covered_display": "50.00"}, "missing_lines": [630], "excluded_lines": [], "start_line": 627, "executed_branches": [[629, 631]], "missing_branches": [[629, 630]]}, "_call_llm": {"executed_lines": [], "summary": {"covered_lines": 0, "num_statements": 5, "percent_covered": 0.0, "percent_covered_display": "0.00", "missing_lines": 5, "excluded_lines": 0, "percent_statements_covered": 0.0, "percent_statements_covered_display": "0.00", "num_branches": 0, "num_partial_branches": 0, "covered_branches": 0, "missing_branches": 0, "percent_branches_covered": 100.0, "percent_branches_covered_display": "100.00"}, "missing_lines": [641, 647, 648, 649, 654], "excluded_lines": [], "start_line": 634, "executed_branches": [], "missing_branches": []}, "lancer_agent": {"executed_lines": [673, 674, 675, 684, 685, 686, 687, 688, 690, 691, 698, 699, 701, 716, 717, 718, 720, 721, 722, 723, 724, 725, 727, 728, 729, 730, 731, 732, 742, 747, 748, 749, 750, 751, 752, 753, 754, 755, 757, 758, 759, 760, 761, 762, 784, 785, 787, 796, 797, 798, 799, 800, 801, 805, 806, 807, 808, 809, 810, 811, 816, 817, 818, 820, 821, 822, 823, 824, 826, 827, 828, 829, 831, 832, 833, 843, 845, 857, 858, 859, 860, 861, 862, 863, 864, 865, 867, 868, 870, 872, 875, 876, 877, 879, 880, 881, 883], "summary": {"covered_lines": 97, "num_statements": 127, "percent_covered": 74.28571428571429, "percent_covered_display": "74.29", "missing_lines": 30, "excluded_lines": 0, "percent_statements_covered": 76.37795275590551, "percent_statements_covered_display": "76.38", "num_branches": 48, "num_partial_branches": 11, "covered_branches": 33, "missing_branches": 15, "percent_branches_covered": 68.75, "percent_branches_covered_display": "68.75"}, "missing_lines": [693, 700, 763, 764, 765, 773, 774, 775, 776, 777, 779, 780, 781, 782, 783, 812, 813, 814, 846, 847, 848, 849, 850, 851, 853, 854, 855, 866, 873, 878], "excluded_lines": [], "start_line": 659, "executed_branches": [[690, 691], [699, 701], [727, 728], [727, 757], [730, 731], [748, 749], [748, 757], [750, 751], [757, 758], [758, 759], [758, 760], [796, 797], [796, 831], [798, 799], [798, 820], [799, 800], [799, 810], [811, 816], [821, 822], [821, 826], [845, 857], [861, 862], [861, 863], [863, 864], [863, 865], [865, 867], [867, 868], [867, 870], [872, 875], [875, 876], [875, 883], [877, 879], [879, 880]], "missing_branches": [[690, 693], [699, 700], [730, 757], [750, 757], [757, 845], [774, 775], [774, 779], [811, 812], [845, 846], [847, 848], [847, 853], [865, 866], [872, 873], [877, 878], [879, 881]]}, "evaluer_agent_sur_tickets": {"executed_lines": [], "summary": {"covered_lines": 0, "num_statements": 15, "percent_covered": 0.0, "percent_covered_display": "0.00", "missing_lines": 15, "excluded_lines": 0, "percent_statements_covered": 0.0, "percent_statements_covered_display": "0.00", "num_branches": 2, "num_partial_branches": 0, "covered_branches": 0, "missing_branches": 2, "percent_branches_covered": 0.0, "percent_branches_covered_display": "0.00"}, "missing_lines": [896, 897, 899, 900, 911, 912, 913, 914, 915, 916, 917, 918, 919, 932, 933], "excluded_lines": [], "start_line": 888, "executed_branches": [], "missing_branches": [[899, 900], [899, 932]]}, "": {"executed_lines": [1, 2, 3, 4, 5, 6, 7, 8, 9, 10, 11, 13, 14, 16, 17, 19, 20, 28, 29, 34, 36, 37, 38, 43, 44, 45, 46, 47, 48, 49, 50, 51, 52, 55, 56, 57, 58, 59, 60, 61, 62, 65, 66, 67, 68, 69, 70, 71, 72, 73, 74, 75, 76, 77, 78, 79, 80, 81, 82, 83, 88, 154, 174, 178, 183, 187, 212, 225, 231, 236, 255, 309, 318, 331, 361, 375, 387, 414, 432, 481, 520, 531, 571, 627, 634, 659, 888], "summary": {"covered_lines": 87, "num_statements": 87, "percent_covered": 100.0, "percent_covered_display": "100.00", "missing_lines": 0, "excluded_lines": 5, "percent_statements_covered": 100.0, "percent_statements_covered_display": "100.00", "num_branches": 0, "num_partial_branches": 0, "covered_branches": 0, "missing_branches": 0, "percent_branches_covered": 100.0, "percent_branches_covered_display": "100.00"}, "missing_lines": [], "excluded_lines": [945, 946, 947, 955, 956], "start_line": 1, "executed_branches": [], "missing_branches": []}}, "classes": {"AgentDecision": {"executed_lines": [], "summary": {"covered_lines": 0, "num_statements": 0, "percent_covered": 100.0, "percent_covered_display": "100.00", "missing_lines": 0, "excluded_lines": 0, "percent_statements_covered": 100.0, "percent_statements_covered_display": "100.00", "num_branches": 0, "num_partial_branches": 0, "covered_branches": 0, "missing_branches": 0, "percent_branches_covered": 100.0, "percent_branches_covered_display": "100.00"}, "missing_lines": [], "excluded_lines": [], "start_line": 34, "executed_branches": [], "missing_branches": []}, "ToolCallTrace": {"executed_lines": [], "summary": {"covered_lines": 0, "num_statements": 0, "percent_covered": 100.0, "percent_covered_display": "100.00", "missing_lines": 0, "excluded_lines": 0, "percent_statements_covered": 100.0, "percent_statements_covered_display": "100.00", "num_branches": 0, "num_partial_branches": 0, "covered_branches": 0, "missing_branches": 0, "percent_branches_covered": 100.0, "percent_branches_covered_display": "100.00"}, "missing_lines": [], "excluded_lines": [], "start_line": 44, "executed_branches": [], "missing_branches": []}, "LLMTurnTrace": {"executed_lines": [], "summary": {"covered_lines": 0, "num_statements": 0, "percent_covered": 100.0, "percent_covered_display": "100.00", "missing_lines": 0, "excluded_lines": 0, "percent_statements_covered": 100.0, "percent_statements_covered_display": "100.00", "num_branches": 0, "num_partial_branches": 0, "covered_branches": 0, "missing_branches": 0, "percent_branches_covered": 100.0, "percent_branches_covered_display": "100.00"}, "missing_lines": [], "excluded_lines": [], "start_line": 56, "executed_branches": [], "missing_branches": []}, "MaestroRunTrace": {"executed_lines": [], "summary": {"covered_lines": 0, "num_statements": 0, "percent_covered": 100.0, "percent_covered_display": "100.00", "missing_lines": 0, "excluded_lines": 0, "percent_statements_covered": 100.0, "percent_statements_covered_display": "100.00", "num_branches": 0, "num_partial_branches": 0, "covered_branches": 0, "missing_branches": 0, "percent_branches_covered": 100.0, "percent_branches_covered_display": "100.00"}, "missing_lines": [], "excluded_lines": [], "start_line": 66, "executed_branches": [], "missing_branches": []}, "": {"executed_lines": [1, 2, 3, 4, 5, 6, 7, 8, 9, 10, 11, 13, 14, 16, 17, 19, 20, 28, 29, 34, 36, 37, 38, 43, 44, 45, 46, 47, 48, 49, 50, 51, 52, 55, 56, 57, 58, 59, 60, 61, 62, 65, 66, 67, 68, 69, 70, 71, 72, 73, 74, 75, 76, 77, 78, 79, 80, 81, 82, 83, 88, 154, 155, 156, 157, 158, 159, 160, 161, 162, 163, 164, 169, 174, 175, 178, 179, 180, 183, 184, 187, 188, 189, 190, 191, 192, 193, 194, 195, 196, 197, 202, 209, 212, 213, 214, 219, 220, 221, 222, 225, 226, 228, 231, 232, 233, 236, 237, 238, 239, 241, 242, 243, 248, 249, 250, 252, 255, 256, 259, 260, 263, 264, 265, 266, 267, 268, 269, 270, 272, 273, 274, 276, 277, 280, 281, 282, 283, 284, 285, 287, 290, 293, 294, 295, 296, 298, 299, 300, 301, 303, 304, 306, 309, 310, 311, 312, 313, 314, 318, 319, 323, 328, 331, 332, 335, 336, 348, 351, 352, 353, 354, 357, 358, 361, 375, 376, 377, 378, 387, 388, 391, 392, 393, 394, 396, 397, 406, 407, 409, 410, 411, 414, 415, 416, 417, 422, 432, 433, 434, 435, 441, 442, 444, 460, 477, 478, 481, 482, 483, 505, 512, 513, 520, 531, 536, 537, 539, 540, 545, 547, 548, 549, 550, 551, 552, 553, 554, 566, 571, 582, 584, 585, 598, 600, 601, 602, 603, 604, 606, 610, 618, 620, 621, 622, 627, 628, 629, 631, 634, 659, 673, 674, 675, 684, 685, 686, 687, 688, 690, 691, 698, 699, 701, 716, 717, 718, 720, 721, 722, 723, 724, 725, 727, 728, 729, 730, 731, 732, 742, 747, 748, 749, 750, 751, 752, 753, 754, 755, 757, 758, 759, 760, 761, 762, 784, 785, 787, 796, 797, 798, 799, 800, 801, 805, 806, 807, 808, 809, 810, 811, 816, 817, 818, 820, 821, 822, 823, 824, 826, 827, 828, 829, 831, 832, 833, 843, 845, 857, 858, 859, 860, 861, 862, 863, 864, 865, 867, 868, 870, 872, 875, 876, 877, 879, 880, 881, 883, 888], "summary": {"covered_lines": 349, "num_statements": 460, "percent_covered": 72.74247491638796, "percent_covered_display": "72.74", "missing_lines": 111, "excluded_lines": 8, "percent_statements_covered": 75.8695652173913, "percent_statements_covered_display": "75.87", "num_branches": 138, "num_partial_branches": 38, "covered_branches": 86, "missing_branches": 52, "percent_branches_covered": 62.31884057971015, "percent_branches_covered_display": "62.32"}, "missing_lines": [198, 199, 200, 201, 227, 251, 257, 261, 278, 288, 315, 333, 349, 355, 362, 363, 364, 365, 366, 368, 369, 370, 372, 379, 380, 381, 389, 398, 399, 400, 401, 402, 403, 404, 408, 484, 491, 492, 493, 503, 506, 521, 522, 523, 524, 525, 526, 541, 542, 543, 555, 556, 557, 561, 568, 586, 590, 595, 596, 597, 630, 641, 647, 648, 649, 654, 693, 700, 763, 764, 765, 773, 774, 775, 776, 777, 779, 780, 781, 782, 783, 812, 813, 814, 846, 847, 848, 849, 850, 851, 853, 854, 855, 866, 873, 878, 896, 897, 899, 900, 911, 912, 913, 914, 915, 916, 917, 918, 919, 932, 933], "excluded_lines": [562, 563, 564, 945, 946, 947, 955, 956], "start_line": 1, "executed_branches": [[157, 158], [157, 169], [159, 160], [159, 161], [161, 157], [161, 162], [162, 161], [162, 163], [189, 190], [189, 209], [190, 191], [190, 192], [197, 202], [219, 220], [219, 221], [226, 228], [238, 239], [238, 241], [250, 252], [256, 259], [260, 263], [273, 274], [277, 280], [281, 282], [281, 287], [284, 285], [287, 290], [293, 294], [295, 296], [298, 299], [300, 301], [300, 303], [303, 304], [311, 312], [313, 314], [332, 335], [348, 351], [354, 357], [377, 378], [388, 391], [397, 406], [407, 409], [409, 410], [409, 411], [441, 442], [441, 444], [483, 505], [505, 512], [547, 548], [585, 598], [601, 602], [601, 606], [629, 631], [690, 691], [699, 701], [727, 728], [727, 757], [730, 731], [748, 749], [748, 757], [750, 751], [757, 758], [758, 759], [758, 760], [796, 797], [796, 831], [798, 799], [798, 820], [799, 800], [799, 810], [811, 816], [821, 822], [821, 826], [845, 857], [861, 862], [861, 863], [863, 864], [863, 865], [865, 867], [867, 868], [867, 870], [872, 875], [875, 876], [875, 883], [877, 879], [879, 880]], "missing_branches": [[197, 198], [226, 227], [250, 251], [256, 257], [260, 261], [273, 276], [277, 278], [284, 281], [287, 288], [293, 295], [295, 298], [298, 303], [303, 306], [311, 315], [313, 311], [332, 333], [348, 349], [354, 355], [363, 364], [363, 365], [365, 366], [365, 368], [377, 379], [388, 389], [397, 398], [399, 397], [399, 400], [407, 408], [483, 484], [491, 492], [491, 493], [505, 506], [547, 568], [585, 586], [629, 630], [690, 693], [699, 700], [730, 757], [750, 757], [757, 845], [774, 775], [774, 779], [811, 812], [845, 846], [847, 848], [847, 853], [865, 866], [872, 873], [877, 878], [879, 881], [899, 900], [899, 932]]}}}, "src/agent/mcp_server.py": {"executed_lines": [1, 3, 9, 12, 13, 15, 17, 18, 22, 23, 25], "summary": {"covered_lines": 11, "num_statements": 12, "percent_covered": 91.66666666666667, "percent_covered_display": "91.67", "missing_lines": 1, "excluded_lines": 2, "percent_statements_covered": 91.66666666666667, "percent_statements_covered_display": "91.67", "num_branches": 0, "num_partial_branches": 0, "covered_branches": 0, "missing_branches": 0, "percent_branches_covered": 100.0, "percent_branches_covered_display": "100.00"}, "missing_lines": [20], "excluded_lines": [28, 29], "executed_branches": [], "missing_branches": [], "functions": {"mcp_verifier_statut_serveur": {"executed_lines": [15], "summary": {"covered_lines": 1, "num_statements": 1, "percent_covered": 100.0, "percent_covered_display": "100.00", "missing_lines": 0, "excluded_lines": 0, "percent_statements_covered": 100.0, "percent_statements_covered_display": "100.00", "num_branches": 0, "num_partial_branches": 0, "covered_branches": 0, "missing_branches": 0, "percent_branches_covered": 100.0, "percent_branches_covered_display": "100.00"}, "missing_lines": [], "excluded_lines": [], "start_line": 13, "executed_branches": [], "missing_branches": []}, "mcp_chercher_documentation_technique": {"executed_lines": [], "summary": {"covered_lines": 0, "num_statements": 1, "percent_covered": 0.0, "percent_covered_display": "0.00", "missing_lines": 1, "excluded_lines": 0, "percent_statements_covered": 0.0, "percent_statements_covered_display": "0.00", "num_branches": 0, "num_partial_branches": 0, "covered_branches": 0, "missing_branches": 0, "percent_branches_covered": 100.0, "percent_branches_covered_display": "100.00"}, "missing_lines": [20], "excluded_lines": [], "start_line": 18, "executed_branches": [], "missing_branches": []}, "mcp_chercher_dans_kb": {"executed_lines": [25], "summary": {"covered_lines": 1, "num_statements": 1, "percent_covered": 100.0, "percent_covered_display": "100.00", "missing_lines": 0, "excluded_lines": 0, "percent_statements_covered": 100.0, "percent_statements_covered_display": "100.00", "num_branches": 0, "num_partial_branches": 0, "covered_branches": 0, "missing_branches": 0, "percent_branches_covered": 100.0, "percent_branches_covered_display": "100.00"}, "missing_lines": [], "excluded_lines": [], "start_line": 23, "executed_branches": [], "missing_branches": []}, "": {"executed_lines": [1, 3, 9, 12, 13, 17, 18, 22, 23], "summary": {"covered_lines": 9, "num_statements": 9, "percent_covered": 100.0, "percent_covered_display": "100.00", "missing_lines": 0, "excluded_lines": 2, "percent_statements_covered": 100.0, "percent_statements_covered_display": "100.00", "num_branches": 0, "num_partial_branches": 0, "covered_branches": 0, "missing_branches": 0, "percent_branches_covered": 100.0, "percent_branches_covered_display": "100.00"}, "missing_lines": [], "excluded_lines": [28, 29], "start_line": 1, "executed_branches": [], "missing_branches": []}}, "classes": {"": {"executed_lines": [1, 3, 9, 12, 13, 15, 17, 18, 22, 23, 25], "summary": {"covered_lines": 11, "num_statements": 12, "percent_covered": 91.66666666666667, "percent_covered_display": "91.67", "missing_lines": 1, "excluded_lines": 2, "percent_statements_covered": 91.66666666666667, "percent_statements_covered_display": "91.67", "num_branches": 0, "num_partial_branches": 0, "covered_branches": 0, "missing_branches": 0, "percent_branches_covered": 100.0, "percent_branches_covered_display": "100.00"}, "missing_lines": [20], "excluded_lines": [28, 29], "start_line": 1, "executed_branches": [], "missing_branches": []}}}, "src/agent/memory.py": {"executed_lines": [1, 3, 4, 5, 7, 8, 9, 10, 12, 13], "summary": {"covered_lines": 10, "num_statements": 10, "percent_covered": 100.0, "percent_covered_display": "100.00", "missing_lines": 0, "excluded_lines": 0, "percent_statements_covered": 100.0, "percent_statements_covered_display": "100.00", "num_branches": 2, "num_partial_branches": 0, "covered_branches": 2, "missing_branches": 0, "percent_branches_covered": 100.0, "percent_branches_covered_display": "100.00"}, "missing_lines": [], "excluded_lines": [], "executed_branches": [[9, -7], [9, 10]], "missing_branches": [], "functions": {"MemoCourTerme.__init__": {"executed_lines": [4, 5], "summary": {"covered_lines": 2, "num_statements": 2, "percent_covered": 100.0, "percent_covered_display": "100.00", "missing_lines": 0, "excluded_lines": 0, "percent_statements_covered": 100.0, "percent_statements_covered_display": "100.00", "num_branches": 0, "num_partial_branches": 0, "covered_branches": 0, "missing_branches": 0, "percent_branches_covered": 100.0, "percent_branches_covered_display": "100.00"}, "missing_lines": [], "excluded_lines": [], "start_line": 3, "executed_branches": [], "missing_branches": []}, "MemoCourTerme.add_message": {"executed_lines": [8, 9, 10], "summary": {"covered_lines": 3, "num_statements": 3, "percent_covered": 100.0, "percent_covered_display": "100.00", "missing_lines": 0, "excluded_lines": 0, "percent_statements_covered": 100.0, "percent_statements_covered_display": "100.00", "num_branches": 2, "num_partial_branches": 0, "covered_branches": 2, "missing_branches": 0, "percent_branches_covered": 100.0, "percent_branches_covered_display": "100.00"}, "missing_lines": [], "excluded_lines": [], "start_line": 7, "executed_branches": [[9, -7], [9, 10]], "missing_branches": []}, "MemoCourTerme.get_messages": {"executed_lines": [13], "summary": {"covered_lines": 1, "num_statements": 1, "percent_covered": 100.0, "percent_covered_display": "100.00", "missing_lines": 0, "excluded_lines": 0, "percent_statements_covered": 100.0, "percent_statements_covered_display": "100.00", "num_branches": 0, "num_partial_branches": 0, "covered_branches": 0, "missing_branches": 0, "percent_branches_covered": 100.0, "percent_branches_covered_display": "100.00"}, "missing_lines": [], "excluded_lines": [], "start_line": 12, "executed_branches": [], "missing_branches": []}, "": {"executed_lines": [1, 3, 7, 12], "summary": {"covered_lines": 4, "num_statements": 4, "percent_covered": 100.0, "percent_covered_display": "100.00", "missing_lines": 0, "excluded_lines": 0, "percent_statements_covered": 100.0, "percent_statements_covered_display": "100.00", "num_branches": 0, "num_partial_branches": 0, "covered_branches": 0, "missing_branches": 0, "percent_branches_covered": 100.0, "percent_branches_covered_display": "100.00"}, "missing_lines": [], "excluded_lines": [], "start_line": 1, "executed_branches": [], "missing_branches": []}}, "classes": {"MemoCourTerme": {"executed_lines": [4, 5, 8, 9, 10, 13], "summary": {"covered_lines": 6, "num_statements": 6, "percent_covered": 100.0, "percent_covered_display": "100.00", "missing_lines": 0, "excluded_lines": 0, "percent_statements_covered": 100.0, "percent_statements_covered_display": "100.00", "num_branches": 2, "num_partial_branches": 0, "covered_branches": 2, "missing_branches": 0, "percent_branches_covered": 100.0, "percent_branches_covered_display": "100.00"}, "missing_lines": [], "excluded_lines": [], "start_line": 1, "executed_branches": [[9, -7], [9, 10]], "missing_branches": []}, "": {"executed_lines": [1, 3, 7, 12], "summary": {"covered_lines": 4, "num_statements": 4, "percent_covered": 100.0, "percent_covered_display": "100.00", "missing_lines": 0, "excluded_lines": 0, "percent_statements_covered": 100.0, "percent_statements_covered_display": "100.00", "num_branches": 0, "num_partial_branches": 0, "covered_branches": 0, "missing_branches": 0, "percent_branches_covered": 100.0, "percent_branches_covered_display": "100.00"}, "missing_lines": [], "excluded_lines": [], "start_line": 1, "executed_branches": [], "missing_branches": []}}}, "src/agent/rag.py": {"executed_lines": [1, 3, 5, 6, 7, 8, 11, 12, 13, 15, 16, 18, 20, 21, 22, 23, 24, 25, 26, 28, 29, 30, 31, 32, 33, 34, 36, 37, 38, 39, 41], "summary": {"covered_lines": 31, "num_statements": 31, "percent_covered": 97.77777777777777, "percent_covered_display": "97.78", "missing_lines": 0, "excluded_lines": 2, "percent_statements_covered": 100.0, "percent_statements_covered_display": "100.00", "num_branches": 14, "num_partial_branches": 1, "covered_branches": 13, "missing_branches": 1, "percent_branches_covered": 92.85714285714286, "percent_branches_covered_display": "92.86"}, "missing_lines": [], "excluded_lines": [44, 45], "executed_branches": [[20, 21], [20, 28], [21, 20], [21, 22], [22, 23], [28, 29], [28, 36], [29, 30], [29, 36], [30, 29], [30, 31], [36, 37], [36, 41]], "missing_branches": [[22, 21]], "functions": {"initialiser_documentation": {"executed_lines": [12, 13, 15, 16, 18, 20, 21, 22, 23, 24, 25, 26, 28, 29, 30, 31, 32, 33, 34, 36, 37, 38, 39, 41], "summary": {"covered_lines": 24, "num_statements": 24, "percent_covered": 97.36842105263158, "percent_covered_display": "97.37", "missing_lines": 0, "excluded_lines": 0, "percent_statements_covered": 100.0, "percent_statements_covered_display": "100.00", "num_branches": 14, "num_partial_branches": 1, "covered_branches": 13, "missing_branches": 1, "percent_branches_covered": 92.85714285714286, "percent_branches_covered_display": "92.86"}, "missing_lines": [], "excluded_lines": [], "start_line": 11, "executed_branches": [[20, 21], [20, 28], [21, 20], [21, 22], [22, 23], [28, 29], [28, 36], [29, 30], [29, 36], [30, 29], [30, 31], [36, 37], [36, 41]], "missing_branches": [[22, 21]]}, "": {"executed_lines": [1, 3, 5, 6, 7, 8, 11], "summary": {"covered_lines": 7, "num_statements": 7, "percent_covered": 100.0, "percent_covered_display": "100.00", "missing_lines": 0, "excluded_lines": 2, "percent_statements_covered": 100.0, "percent_statements_covered_display": "100.00", "num_branches": 0, "num_partial_branches": 0, "covered_branches": 0, "missing_branches": 0, "percent_branches_covered": 100.0, "percent_branches_covered_display": "100.00"}, "missing_lines": [], "excluded_lines": [44, 45], "start_line": 1, "executed_branches": [], "missing_branches": []}}, "classes": {"": {"executed_lines": [1, 3, 5, 6, 7, 8, 11, 12, 13, 15, 16, 18, 20, 21, 22, 23, 24, 25, 26, 28, 29, 30, 31, 32, 33, 34, 36, 37, 38, 39, 41], "summary": {"covered_lines": 31, "num_statements": 31, "percent_covered": 97.77777777777777, "percent_covered_display": "97.78", "missing_lines": 0, "excluded_lines": 2, "percent_statements_covered": 100.0, "percent_statements_covered_display": "100.00", "num_branches": 14, "num_partial_branches": 1, "covered_branches": 13, "missing_branches": 1, "percent_branches_covered": 92.85714285714286, "percent_branches_covered_display": "92.86"}, "missing_lines": [], "excluded_lines": [44, 45], "start_line": 1, "executed_branches": [[20, 21], [20, 28], [21, 20], [21, 22], [22, 23], [28, 29], [28, 36], [29, 30], [29, 36], [30, 29], [30, 31], [36, 37], [36, 41]], "missing_branches": [[22, 21]]}}}, "src/agent/tools.py": {"executed_lines": [1, 2, 3, 4, 5, 6, 7, 9, 10, 11, 14, 15, 16, 17, 18, 19, 22, 28, 29, 30, 31, 32, 34, 41, 47, 48, 49, 54, 55, 58, 62, 63, 64, 66, 68, 71, 72, 74, 79, 80, 83, 84, 85, 86, 89, 90, 91, 98, 99, 100, 103, 104, 106, 107, 109, 110, 112, 113, 114, 118, 119, 120, 121, 124, 128, 129, 131, 132, 134, 137, 138, 139, 140, 141, 142, 148, 149, 150, 152, 153, 159, 162, 163, 164, 166, 167, 170, 172, 175, 176, 178, 179, 180, 181, 183, 184, 185, 186, 189, 190, 191, 193, 200, 201, 202, 204, 205, 211, 212, 213, 218, 220, 221, 222, 223, 224, 225, 226, 227, 228, 229, 242, 243, 244, 245, 246, 247, 248, 252, 253, 254, 257, 259, 260, 261, 262, 263, 264, 265, 269, 270, 271, 272, 273, 275, 277, 278, 280, 281, 283, 284, 285, 293, 294, 295, 296, 297, 299, 302, 304, 305, 306, 308, 311, 312, 317, 318, 319, 321, 322, 331, 332, 333], "summary": {"covered_lines": 173, "num_statements": 192, "percent_covered": 86.11111111111111, "percent_covered_display": "86.11", "missing_lines": 19, "excluded_lines": 0, "percent_statements_covered": 90.10416666666667, "percent_statements_covered_display": "90.10", "num_branches": 60, "num_partial_branches": 14, "covered_branches": 44, "missing_branches": 16, "percent_branches_covered": 73.33333333333333, "percent_branches_covered_display": "73.33"}, "missing_lines": [50, 51, 59, 67, 69, 101, 115, 122, 143, 144, 145, 151, 165, 187, 235, 266, 267, 307, 309], "excluded_lines": [], "executed_branches": [[66, 68], [68, 71], [71, 72], [71, 74], [100, 103], [106, 107], [106, 109], [109, 110], [109, 112], [113, 114], [121, 124], [131, 132], [131, 134], [139, 140], [139, 141], [141, 142], [150, 152], [164, 166], [178, 179], [178, 204], [183, 178], [183, 184], [186, 189], [201, 183], [201, 202], [225, 226], [225, 242], [228, 229], [246, 247], [246, 252], [270, 271], [270, 275], [272, 270], [272, 273], [277, 278], [277, 280], [284, 285], [284, 299], [293, 294], [296, 297], [306, 308], [308, 311], [318, 319], [318, 321]], "missing_branches": [[66, 67], [68, 69], [100, 101], [113, 115], [121, 122], [141, 143], [143, 144], [143, 145], [150, 151], [164, 165], [186, 187], [228, 235], [293, 295], [296, 284], [306, 307], [308, 309]], "functions": {"get_tool_policy": {"executed_lines": [55], "summary": {"covered_lines": 1, "num_statements": 1, "percent_covered": 100.0, "percent_covered_display": "100.00", "missing_lines": 0, "excluded_lines": 0, "percent_statements_covered": 100.0, "percent_statements_covered_display": "100.00", "num_branches": 0, "num_partial_branches": 0, "covered_branches": 0, "missing_branches": 0, "percent_branches_covered": 100.0, "percent_branches_covered_display": "100.00"}, "missing_lines": [], "excluded_lines": [], "start_line": 54, "executed_branches": [], "missing_branches": []}, "get_tool_policies": {"executed_lines": [], "summary": {"covered_lines": 0, "num_statements": 1, "percent_covered": 0.0, "percent_covered_display": "0.00", "missing_lines": 1, "excluded_lines": 0, "percent_statements_covered": 0.0, "percent_statements_covered_display": "0.00", "num_branches": 0, "num_partial_branches": 0, "covered_branches": 0, "missing_branches": 0, "percent_branches_covered": 100.0, "percent_branches_covered_display": "100.00"}, "missing_lines": [59], "excluded_lines": [], "start_line": 58, "executed_branches": [], "missing_branches": []}, "normaliser_argument_outil": {"executed_lines": [63, 64, 66, 68, 71, 72, 74], "summary": {"covered_lines": 7, "num_statements": 9, "percent_covered": 73.33333333333333, "percent_covered_display": "73.33", "missing_lines": 2, "excluded_lines": 0, "percent_statements_covered": 77.77777777777777, "percent_statements_covered_display": "77.78", "num_branches": 6, "num_partial_branches": 2, "covered_branches": 4, "missing_branches": 2, "percent_branches_covered": 66.66666666666667, "percent_branches_covered_display": "66.67"}, "missing_lines": [67, 69], "excluded_lines": [], "start_line": 62, "executed_branches": [[66, 68], [68, 71], [71, 72], [71, 74]], "missing_branches": [[66, 67], [68, 69]]}, "_tokenize_query": {"executed_lines": [80], "summary": {"covered_lines": 1, "num_statements": 1, "percent_covered": 100.0, "percent_covered_display": "100.00", "missing_lines": 0, "excluded_lines": 0, "percent_statements_covered": 100.0, "percent_statements_covered_display": "100.00", "num_branches": 0, "num_partial_branches": 0, "covered_branches": 0, "missing_branches": 0, "percent_branches_covered": 100.0, "percent_branches_covered_display": "100.00"}, "missing_lines": [], "excluded_lines": [], "start_line": 79, "executed_branches": [], "missing_branches": []}, "_normalize_search_text": {"executed_lines": [84, 85, 86], "summary": {"covered_lines": 3, "num_statements": 3, "percent_covered": 100.0, "percent_covered_display": "100.00", "missing_lines": 0, "excluded_lines": 0, "percent_statements_covered": 100.0, "percent_statements_covered_display": "100.00", "num_branches": 0, "num_partial_branches": 0, "covered_branches": 0, "missing_branches": 0, "percent_branches_covered": 100.0, "percent_branches_covered_display": "100.00"}, "missing_lines": [], "excluded_lines": [], "start_line": 83, "executed_branches": [], "missing_branches": []}, "_kb_tokens": {"executed_lines": [90, 91], "summary": {"covered_lines": 2, "num_statements": 2, "percent_covered": 100.0, "percent_covered_display": "100.00", "missing_lines": 0, "excluded_lines": 0, "percent_statements_covered": 100.0, "percent_statements_covered_display": "100.00", "num_branches": 0, "num_partial_branches": 0, "covered_branches": 0, "missing_branches": 0, "percent_branches_covered": 100.0, "percent_branches_covered_display": "100.00"}, "missing_lines": [], "excluded_lines": [], "start_line": 89, "executed_branches": [], "missing_branches": []}, "_keyword_match_score": {"executed_lines": [99, 100, 103, 104, 106, 107, 109, 110, 112, 113, 114], "summary": {"covered_lines": 11, "num_statements": 13, "percent_covered": 80.95238095238095, "percent_covered_display": "80.95", "missing_lines": 2, "excluded_lines": 0, "percent_statements_covered": 84.61538461538461, "percent_statements_covered_display": "84.62", "num_branches": 8, "num_partial_branches": 2, "covered_branches": 6, "missing_branches": 2, "percent_branches_covered": 75.0, "percent_branches_covered_display": "75.00"}, "missing_lines": [101, 115], "excluded_lines": [], "start_line": 98, "executed_branches": [[100, 103], [106, 107], [106, 109], [109, 110], [109, 112], [113, 114]], "missing_branches": [[100, 101], [113, 115]]}, "_score_kb_entry": {"executed_lines": [119, 120, 121, 124, 128, 129, 131, 132, 134], "summary": {"covered_lines": 9, "num_statements": 10, "percent_covered": 85.71428571428571, "percent_covered_display": "85.71", "missing_lines": 1, "excluded_lines": 0, "percent_statements_covered": 90.0, "percent_statements_covered_display": "90.00", "num_branches": 4, "num_partial_branches": 1, "covered_branches": 3, "missing_branches": 1, "percent_branches_covered": 75.0, "percent_branches_covered_display": "75.00"}, "missing_lines": [122], "excluded_lines": [], "start_line": 118, "executed_branches": [[121, 124], [131, 132], [131, 134]], "missing_branches": [[121, 122]]}, "_priority_rank": {"executed_lines": [138, 139, 140, 141, 142], "summary": {"covered_lines": 5, "num_statements": 8, "percent_covered": 57.142857142857146, "percent_covered_display": "57.14", "missing_lines": 3, "excluded_lines": 0, "percent_statements_covered": 62.5, "percent_statements_covered_display": "62.50", "num_branches": 6, "num_partial_branches": 1, "covered_branches": 3, "missing_branches": 3, "percent_branches_covered": 50.0, "percent_branches_covered_display": "50.00"}, "missing_lines": [143, 144, 145], "excluded_lines": [], "start_line": 137, "executed_branches": [[139, 140], [139, 141], [141, 142]], "missing_branches": [[141, 143], [143, 144], [143, 145]]}, "_generate_query_variants": {"executed_lines": [149, 150, 152, 153, 159], "summary": {"covered_lines": 5, "num_statements": 6, "percent_covered": 75.0, "percent_covered_display": "75.00", "missing_lines": 1, "excluded_lines": 0, "percent_statements_covered": 83.33333333333333, "percent_statements_covered_display": "83.33", "num_branches": 2, "num_partial_branches": 1, "covered_branches": 1, "missing_branches": 1, "percent_branches_covered": 50.0, "percent_branches_covered_display": "50.00"}, "missing_lines": [151], "excluded_lines": [], "start_line": 148, "executed_branches": [[150, 152]], "missing_branches": [[150, 151]]}, "_lexical_overlap_score": {"executed_lines": [163, 164, 166, 167], "summary": {"covered_lines": 4, "num_statements": 5, "percent_covered": 71.42857142857143, "percent_covered_display": "71.43", "missing_lines": 1, "excluded_lines": 0, "percent_statements_covered": 80.0, "percent_statements_covered_display": "80.00", "num_branches": 2, "num_partial_branches": 1, "covered_branches": 1, "missing_branches": 1, "percent_branches_covered": 50.0, "percent_branches_covered_display": "50.00"}, "missing_lines": [165], "excluded_lines": [], "start_line": 162, "executed_branches": [[164, 166]], "missing_branches": [[164, 165]]}, "_unwrap_chroma_list": {"executed_lines": [172], "summary": {"covered_lines": 1, "num_statements": 1, "percent_covered": 100.0, "percent_covered_display": "100.00", "missing_lines": 0, "excluded_lines": 0, "percent_statements_covered": 100.0, "percent_statements_covered_display": "100.00", "num_branches": 0, "num_partial_branches": 0, "covered_branches": 0, "missing_branches": 0, "percent_branches_covered": 100.0, "percent_branches_covered_display": "100.00"}, "missing_lines": [], "excluded_lines": [], "start_line": 170, "executed_branches": [], "missing_branches": []}, "_rerank_hybrid_candidates": {"executed_lines": [176, 178, 179, 180, 181, 183, 184, 185, 186, 189, 190, 191, 193, 200, 201, 202, 204, 205], "summary": {"covered_lines": 18, "num_statements": 19, "percent_covered": 92.5925925925926, "percent_covered_display": "92.59", "missing_lines": 1, "excluded_lines": 0, "percent_statements_covered": 94.73684210526316, "percent_statements_covered_display": "94.74", "num_branches": 8, "num_partial_branches": 1, "covered_branches": 7, "missing_branches": 1, "percent_branches_covered": 87.5, "percent_branches_covered_display": "87.50"}, "missing_lines": [187], "excluded_lines": [], "start_line": 175, "executed_branches": [[178, 179], [178, 204], [183, 178], [183, 184], [186, 189], [201, 183], [201, 202]], "missing_branches": [[186, 187]]}, "_extract_snippet": {"executed_lines": [212, 213], "summary": {"covered_lines": 2, "num_statements": 2, "percent_covered": 100.0, "percent_covered_display": "100.00", "missing_lines": 0, "excluded_lines": 0, "percent_statements_covered": 100.0, "percent_statements_covered_display": "100.00", "num_branches": 0, "num_partial_branches": 0, "covered_branches": 0, "missing_branches": 0, "percent_branches_covered": 100.0, "percent_branches_covered_display": "100.00"}, "missing_lines": [], "excluded_lines": [], "start_line": 211, "executed_branches": [], "missing_branches": []}, "verifier_statut_serveur": {"executed_lines": [220, 221, 222, 223, 224, 225, 226, 227, 228, 229, 242, 243, 244, 245, 246, 247, 248, 252, 253, 254], "summary": {"covered_lines": 20, "num_statements": 21, "percent_covered": 92.5925925925926, "percent_covered_display": "92.59", "missing_lines": 1, "excluded_lines": 0, "percent_statements_covered": 95.23809523809524, "percent_statements_covered_display": "95.24", "num_branches": 6, "num_partial_branches": 1, "covered_branches": 5, "missing_branches": 1, "percent_branches_covered": 83.33333333333333, "percent_branches_covered_display": "83.33"}, "missing_lines": [235], "excluded_lines": [], "start_line": 218, "executed_branches": [[225, 226], [225, 242], [228, 229], [246, 247], [246, 252]], "missing_branches": [[228, 235]]}, "chercher_dans_kb": {"executed_lines": [259, 260, 261, 262, 263, 264, 265, 269, 270, 271, 272, 273, 275, 277, 278, 280, 281, 283, 284, 285, 293, 294, 295, 296, 297, 299], "summary": {"covered_lines": 26, "num_statements": 28, "percent_covered": 90.0, "percent_covered_display": "90.00", "missing_lines": 2, "excluded_lines": 0, "percent_statements_covered": 92.85714285714286, "percent_statements_covered_display": "92.86", "num_branches": 12, "num_partial_branches": 2, "covered_branches": 10, "missing_branches": 2, "percent_branches_covered": 83.33333333333333, "percent_branches_covered_display": "83.33"}, "missing_lines": [266, 267], "excluded_lines": [], "start_line": 257, "executed_branches": [[270, 271], [270, 275], [272, 270], [272, 273], [277, 278], [277, 280], [284, 285], [284, 299], [293, 294], [296, 297]], "missing_branches": [[293, 295], [296, 284]]}, "chercher_documentation_technique": {"executed_lines": [304, 305, 306, 308, 311, 312, 317, 318, 319, 321, 322, 331, 332, 333], "summary": {"covered_lines": 14, "num_statements": 16, "percent_covered": 81.81818181818181, "percent_covered_display": "81.82", "missing_lines": 2, "excluded_lines": 0, "percent_statements_covered": 87.5, "percent_statements_covered_display": "87.50", "num_branches": 6, "num_partial_branches": 2, "covered_branches": 4, "missing_branches": 2, "percent_branches_covered": 66.66666666666667, "percent_branches_covered_display": "66.67"}, "missing_lines": [307, 309], "excluded_lines": [], "start_line": 302, "executed_branches": [[306, 308], [308, 311], [318, 319], [318, 321]], "missing_branches": [[306, 307], [308, 309]]}, "": {"executed_lines": [1, 2, 3, 4, 5, 6, 7, 9, 10, 11, 14, 15, 16, 17, 18, 19, 22, 28, 29, 30, 31, 32, 34, 41, 47, 48, 49, 54, 58, 62, 79, 83, 89, 98, 118, 137, 148, 162, 170, 175, 211, 218, 257, 302], "summary": {"covered_lines": 44, "num_statements": 46, "percent_covered": 95.65217391304348, "percent_covered_display": "95.65", "missing_lines": 2, "excluded_lines": 0, "percent_statements_covered": 95.65217391304348, "percent_statements_covered_display": "95.65", "num_branches": 0, "num_partial_branches": 0, "covered_branches": 0, "missing_branches": 0, "percent_branches_covered": 100.0, "percent_branches_covered_display": "100.00"}, "missing_lines": [50, 51], "excluded_lines": [], "start_line": 1, "executed_branches": [], "missing_branches": []}}, "classes": {"ToolPolicy": {"executed_lines": [], "summary": {"covered_lines": 0, "num_statements": 0, "percent_covered": 100.0, "percent_covered_display": "100.00", "missing_lines": 0, "excluded_lines": 0, "percent_statements_covered": 100.0, "percent_statements_covered_display": "100.00", "num_branches": 0, "num_partial_branches": 0, "covered_branches": 0, "missing_branches": 0, "percent_branches_covered": 100.0, "percent_branches_covered_display": "100.00"}, "missing_lines": [], "excluded_lines": [], "start_line": 15, "executed_branches": [], "missing_branches": []}, "": {"executed_lines": [1, 2, 3, 4, 5, 6, 7, 9, 10, 11, 14, 15, 16, 17, 18, 19, 22, 28, 29, 30, 31, 32, 34, 41, 47, 48, 49, 54, 55, 58, 62, 63, 64, 66, 68, 71, 72, 74, 79, 80, 83, 84, 85, 86, 89, 90, 91, 98, 99, 100, 103, 104, 106, 107, 109, 110, 112, 113, 114, 118, 119, 120, 121, 124, 128, 129, 131, 132, 134, 137, 138, 139, 140, 141, 142, 148, 149, 150, 152, 153, 159, 162, 163, 164, 166, 167, 170, 172, 175, 176, 178, 179, 180, 181, 183, 184, 185, 186, 189, 190, 191, 193, 200, 201, 202, 204, 205, 211, 212, 213, 218, 220, 221, 222, 223, 224, 225, 226, 227, 228, 229, 242, 243, 244, 245, 246, 247, 248, 252, 253, 254, 257, 259, 260, 261, 262, 263, 264, 265, 269, 270, 271, 272, 273, 275, 277, 278, 280, 281, 283, 284, 285, 293, 294, 295, 296, 297, 299, 302, 304, 305, 306, 308, 311, 312, 317, 318, 319, 321, 322, 331, 332, 333], "summary": {"covered_lines": 173, "num_statements": 192, "percent_covered": 86.11111111111111, "percent_covered_display": "86.11", "missing_lines": 19, "excluded_lines": 0, "percent_statements_covered": 90.10416666666667, "percent_statements_covered_display": "90.10", "num_branches": 60, "num_partial_branches": 14, "covered_branches": 44, "missing_branches": 16, "percent_branches_covered": 73.33333333333333, "percent_branches_covered_display": "73.33"}, "missing_lines": [50, 51, 59, 67, 69, 101, 115, 122, 143, 144, 145, 151, 165, 187, 235, 266, 267, 307, 309], "excluded_lines": [], "start_line": 1, "executed_branches": [[66, 68], [68, 71], [71, 72], [71, 74], [100, 103], [106, 107], [106, 109], [109, 110], [109, 112], [113, 114], [121, 124], [131, 132], [131, 134], [139, 140], [139, 141], [141, 142], [150, 152], [164, 166], [178, 179], [178, 204], [183, 178], [183, 184], [186, 189], [201, 183], [201, 202], [225, 226], [225, 242], [228, 229], [246, 247], [246, 252], [270, 271], [270, 275], [272, 270], [272, 273], [277, 278], [277, 280], [284, 285], [284, 299], [293, 294], [296, 297], [306, 308], [308, 311], [318, 319], [318, 321]], "missing_branches": [[66, 67], [68, 69], [100, 101], [113, 115], [121, 122], [141, 143], [143, 144], [143, 145], [150, 151], [164, 165], [186, 187], [228, 235], [293, 295], [296, 284], [306, 307], [308, 309]]}}}, "src/bibops/__init__.py": {"executed_lines": [], "summary": {"covered_lines": 0, "num_statements": 0, "percent_covered": 100.0, "percent_covered_display": "100.00", "missing_lines": 0, "excluded_lines": 0, "percent_statements_covered": 100.0, "percent_statements_covered_display": "100.00", "num_branches": 0, "num_partial_branches": 0, "covered_branches": 0, "missing_branches": 0, "percent_branches_covered": 100.0, "percent_branches_covered_display": "100.00"}, "missing_lines": [], "excluded_lines": [], "executed_branches": [], "missing_branches": [], "functions": {"": {"executed_lines": [], "summary": {"covered_lines": 0, "num_statements": 0, "percent_covered": 100.0, "percent_covered_display": "100.00", "missing_lines": 0, "excluded_lines": 0, "percent_statements_covered": 100.0, "percent_statements_covered_display": "100.00", "num_branches": 0, "num_partial_branches": 0, "covered_branches": 0, "missing_branches": 0, "percent_branches_covered": 100.0, "percent_branches_covered_display": "100.00"}, "missing_lines": [], "excluded_lines": [], "start_line": 1, "executed_branches": [], "missing_branches": []}}, "classes": {"": {"executed_lines": [], "summary": {"covered_lines": 0, "num_statements": 0, "percent_covered": 100.0, "percent_covered_display": "100.00", "missing_lines": 0, "excluded_lines": 0, "percent_statements_covered": 100.0, "percent_statements_covered_display": "100.00", "num_branches": 0, "num_partial_branches": 0, "covered_branches": 0, "missing_branches": 0, "percent_branches_covered": 100.0, "percent_branches_covered_display": "100.00"}, "missing_lines": [], "excluded_lines": [], "start_line": 1, "executed_branches": [], "missing_branches": []}}}, "src/bibops/adapters/__init__.py": {"executed_lines": [3, 4, 6], "summary": {"covered_lines": 3, "num_statements": 3, "percent_covered": 100.0, "percent_covered_display": "100.00", "missing_lines": 0, "excluded_lines": 0, "percent_statements_covered": 100.0, "percent_statements_covered_display": "100.00", "num_branches": 0, "num_partial_branches": 0, "covered_branches": 0, "missing_branches": 0, "percent_branches_covered": 100.0, "percent_branches_covered_display": "100.00"}, "missing_lines": [], "excluded_lines": [], "executed_branches": [], "missing_branches": [], "functions": {"": {"executed_lines": [3, 4, 6], "summary": {"covered_lines": 3, "num_statements": 3, "percent_covered": 100.0, "percent_covered_display": "100.00", "missing_lines": 0, "excluded_lines": 0, "percent_statements_covered": 100.0, "percent_statements_covered_display": "100.00", "num_branches": 0, "num_partial_branches": 0, "covered_branches": 0, "missing_branches": 0, "percent_branches_covered": 100.0, "percent_branches_covered_display": "100.00"}, "missing_lines": [], "excluded_lines": [], "start_line": 1, "executed_branches": [], "missing_branches": []}}, "classes": {"": {"executed_lines": [3, 4, 6], "summary": {"covered_lines": 3, "num_statements": 3, "percent_covered": 100.0, "percent_covered_display": "100.00", "missing_lines": 0, "excluded_lines": 0, "percent_statements_covered": 100.0, "percent_statements_covered_display": "100.00", "num_branches": 0, "num_partial_branches": 0, "covered_branches": 0, "missing_branches": 0, "percent_branches_covered": 100.0, "percent_branches_covered_display": "100.00"}, "missing_lines": [], "excluded_lines": [], "start_line": 1, "executed_branches": [], "missing_branches": []}}}, "src/bibops/adapters/a2a.py": {"executed_lines": [18, 20, 21, 23, 25, 35, 36, 37, 40, 43, 45, 56, 57, 58, 59, 60, 61, 62, 63, 65, 66, 68, 69, 73, 74, 76, 77, 78, 79, 86, 88, 89, 99, 100, 111, 112, 113, 114, 115, 120, 121, 122, 123, 124, 125, 127, 129, 130, 132, 133], "summary": {"covered_lines": 50, "num_statements": 51, "percent_covered": 96.82539682539682, "percent_covered_display": "96.83", "missing_lines": 1, "excluded_lines": 0, "percent_statements_covered": 98.03921568627452, "percent_statements_covered_display": "98.04", "num_branches": 12, "num_partial_branches": 1, "covered_branches": 11, "missing_branches": 1, "percent_branches_covered": 91.66666666666667, "percent_branches_covered_display": "91.67"}, "missing_lines": [67], "excluded_lines": [], "executed_branches": [[66, 68], [68, 69], [68, 73], [88, 89], [88, 99], [120, 121], [120, 127], [122, 123], [122, 124], [124, 120], [124, 125]], "missing_branches": [[66, 67]], "functions": {"_is_rate_limited": {"executed_lines": [36, 37], "summary": {"covered_lines": 2, "num_statements": 2, "percent_covered": 100.0, "percent_covered_display": "100.00", "missing_lines": 0, "excluded_lines": 0, "percent_statements_covered": 100.0, "percent_statements_covered_display": "100.00", "num_branches": 0, "num_partial_branches": 0, "covered_branches": 0, "missing_branches": 0, "percent_branches_covered": 100.0, "percent_branches_covered_display": "100.00"}, "missing_lines": [], "excluded_lines": [], "start_line": 35, "executed_branches": [], "missing_branches": []}, "A2AAdapter.__init__": {"executed_lines": [56, 57, 58, 59, 60, 61, 62, 63], "summary": {"covered_lines": 8, "num_statements": 8, "percent_covered": 100.0, "percent_covered_display": "100.00", "missing_lines": 0, "excluded_lines": 0, "percent_statements_covered": 100.0, "percent_statements_covered_display": "100.00", "num_branches": 0, "num_partial_branches": 0, "covered_branches": 0, "missing_branches": 0, "percent_branches_covered": 100.0, "percent_branches_covered_display": "100.00"}, "missing_lines": [], "excluded_lines": [], "start_line": 45, "executed_branches": [], "missing_branches": []}, "A2AAdapter._ensure_discovered": {"executed_lines": [66, 68, 69, 73, 74], "summary": {"covered_lines": 5, "num_statements": 6, "percent_covered": 80.0, "percent_covered_display": "80.00", "missing_lines": 1, "excluded_lines": 0, "percent_statements_covered": 83.33333333333333, "percent_statements_covered_display": "83.33", "num_branches": 4, "num_partial_branches": 1, "covered_branches": 3, "missing_branches": 1, "percent_branches_covered": 75.0, "percent_branches_covered_display": "75.00"}, "missing_lines": [67], "excluded_lines": [], "start_line": 65, "executed_branches": [[66, 68], [68, 69], [68, 73]], "missing_branches": [[66, 67]]}, "A2AAdapter._send_once": {"executed_lines": [77, 78, 79, 86, 88, 89, 99, 100], "summary": {"covered_lines": 8, "num_statements": 8, "percent_covered": 100.0, "percent_covered_display": "100.00", "missing_lines": 0, "excluded_lines": 0, "percent_statements_covered": 100.0, "percent_statements_covered_display": "100.00", "num_branches": 2, "num_partial_branches": 0, "covered_branches": 2, "missing_branches": 0, "percent_branches_covered": 100.0, "percent_branches_covered_display": "100.00"}, "missing_lines": [], "excluded_lines": [], "start_line": 76, "executed_branches": [[88, 89], [88, 99]], "missing_branches": []}, "A2AAdapter.query": {"executed_lines": [112, 113, 114, 115, 120, 121, 122, 123, 124, 125, 127], "summary": {"covered_lines": 11, "num_statements": 11, "percent_covered": 100.0, "percent_covered_display": "100.00", "missing_lines": 0, "excluded_lines": 0, "percent_statements_covered": 100.0, "percent_statements_covered_display": "100.00", "num_branches": 6, "num_partial_branches": 0, "covered_branches": 6, "missing_branches": 0, "percent_branches_covered": 100.0, "percent_branches_covered_display": "100.00"}, "missing_lines": [], "excluded_lines": [], "start_line": 111, "executed_branches": [[120, 121], [120, 127], [122, 123], [122, 124], [124, 120], [124, 125]], "missing_branches": []}, "A2AAdapter.warmup": {"executed_lines": [130], "summary": {"covered_lines": 1, "num_statements": 1, "percent_covered": 100.0, "percent_covered_display": "100.00", "missing_lines": 0, "excluded_lines": 0, "percent_statements_covered": 100.0, "percent_statements_covered_display": "100.00", "num_branches": 0, "num_partial_branches": 0, "covered_branches": 0, "missing_branches": 0, "percent_branches_covered": 100.0, "percent_branches_covered_display": "100.00"}, "missing_lines": [], "excluded_lines": [], "start_line": 129, "executed_branches": [], "missing_branches": []}, "A2AAdapter.teardown": {"executed_lines": [133], "summary": {"covered_lines": 1, "num_statements": 1, "percent_covered": 100.0, "percent_covered_display": "100.00", "missing_lines": 0, "excluded_lines": 0, "percent_statements_covered": 100.0, "percent_statements_covered_display": "100.00", "num_branches": 0, "num_partial_branches": 0, "covered_branches": 0, "missing_branches": 0, "percent_branches_covered": 100.0, "percent_branches_covered_display": "100.00"}, "missing_lines": [], "excluded_lines": [], "start_line": 132, "executed_branches": [], "missing_branches": []}, "": {"executed_lines": [18, 20, 21, 23, 25, 35, 40, 43, 45, 65, 76, 111, 129, 132], "summary": {"covered_lines": 14, "num_statements": 14, "percent_covered": 100.0, "percent_covered_display": "100.00", "missing_lines": 0, "excluded_lines": 0, "percent_statements_covered": 100.0, "percent_statements_covered_display": "100.00", "num_branches": 0, "num_partial_branches": 0, "covered_branches": 0, "missing_branches": 0, "percent_branches_covered": 100.0, "percent_branches_covered_display": "100.00"}, "missing_lines": [], "excluded_lines": [], "start_line": 1, "executed_branches": [], "missing_branches": []}}, "classes": {"A2AAdapter": {"executed_lines": [56, 57, 58, 59, 60, 61, 62, 63, 66, 68, 69, 73, 74, 77, 78, 79, 86, 88, 89, 99, 100, 112, 113, 114, 115, 120, 121, 122, 123, 124, 125, 127, 130, 133], "summary": {"covered_lines": 34, "num_statements": 35, "percent_covered": 95.74468085106383, "percent_covered_display": "95.74", "missing_lines": 1, "excluded_lines": 0, "percent_statements_covered": 97.14285714285714, "percent_statements_covered_display": "97.14", "num_branches": 12, "num_partial_branches": 1, "covered_branches": 11, "missing_branches": 1, "percent_branches_covered": 91.66666666666667, "percent_branches_covered_display": "91.67"}, "missing_lines": [67], "excluded_lines": [], "start_line": 40, "executed_branches": [[66, 68], [68, 69], [68, 73], [88, 89], [88, 99], [120, 121], [120, 127], [122, 123], [122, 124], [124, 120], [124, 125]], "missing_branches": [[66, 67]]}, "": {"executed_lines": [18, 20, 21, 23, 25, 35, 36, 37, 40, 43, 45, 65, 76, 111, 129, 132], "summary": {"covered_lines": 16, "num_statements": 16, "percent_covered": 100.0, "percent_covered_display": "100.00", "missing_lines": 0, "excluded_lines": 0, "percent_statements_covered": 100.0, "percent_statements_covered_display": "100.00", "num_branches": 0, "num_partial_branches": 0, "covered_branches": 0, "missing_branches": 0, "percent_branches_covered": 100.0, "percent_branches_covered_display": "100.00"}, "missing_lines": [], "excluded_lines": [], "start_line": 1, "executed_branches": [], "missing_branches": []}}}, "src/bibops/adapters/a2a_client.py": {"executed_lines": [3, 5, 6, 7, 8, 9, 10, 11, 12, 14, 15, 16, 19, 23, 24, 27, 28, 29, 30, 31, 32, 33, 34, 35, 36, 37, 39, 43, 44, 47, 48, 49, 50, 51, 52, 53, 55, 59, 60, 63, 64, 65, 66, 67, 68, 69, 70, 72, 76, 77, 78, 79, 80, 83, 84, 85, 91, 92, 93, 94, 95, 97, 100, 101, 102, 103, 104, 105, 106, 107, 108, 109, 110, 111, 112, 113, 114, 117, 118, 119, 120, 121, 122, 123, 124, 125, 126, 127, 128, 129, 130, 133, 134, 135, 138, 139, 140, 141, 142, 143, 144, 145, 146, 149, 150, 151, 152, 153, 154, 155, 157, 158, 159, 160, 163, 165, 166, 167, 168, 169, 170, 171, 172, 173, 174, 175, 176, 189, 190, 191, 193, 196, 197, 198, 199, 202, 203, 204, 205, 206, 210, 212, 213, 214, 216, 225, 226, 227, 228, 229, 231, 232, 233, 234, 235, 236, 237, 238, 240, 241, 244, 247, 249, 270, 288, 295, 296, 297, 298, 300, 301, 314, 316, 317, 318, 319, 320, 321, 322, 323, 324, 325, 327, 328, 329, 330, 331, 332, 333, 334, 339, 341, 342, 343, 345, 346, 347, 349, 350, 351, 353, 356, 361, 362, 363, 365, 367, 379, 380, 381, 388, 389, 390, 391, 392, 393, 401, 410, 411, 424, 425, 426, 427, 434, 435, 436, 437, 438, 439, 440, 448, 449, 450, 461, 463, 464, 465, 466, 467, 468, 469, 470, 471, 472, 473, 474, 476, 477, 478, 479, 482, 484, 485, 486, 487, 488, 489, 491, 492, 498, 499, 500, 501, 502, 503, 506, 520, 521, 534, 535, 536, 537, 538, 546, 547, 548, 550, 551, 553, 554, 555, 556, 565, 566, 567], "summary": {"covered_lines": 285, "num_statements": 301, "percent_covered": 90.5311778290993, "percent_covered_display": "90.53", "missing_lines": 16, "excluded_lines": 0, "percent_statements_covered": 94.6843853820598, "percent_statements_covered_display": "94.68", "num_branches": 132, "num_partial_branches": 21, "covered_branches": 107, "missing_branches": 25, "percent_branches_covered": 81.06060606060606, "percent_branches_covered_display": "81.06"}, "missing_lines": [40, 56, 73, 96, 207, 326, 335, 336, 337, 357, 358, 493, 494, 495, 496, 549], "excluded_lines": [], "executed_branches": [[78, 79], [78, 80], [95, 97], [101, 102], [101, 109], [102, 103], [102, 105], [103, 102], [103, 104], [105, 106], [105, 109], [107, 105], [107, 108], [109, 110], [109, 114], [110, 111], [112, 113], [120, 121], [121, 122], [121, 130], [122, 123], [122, 128], [124, 125], [124, 126], [126, 127], [128, 129], [139, 140], [139, 141], [143, 144], [143, 145], [151, 152], [151, 157], [153, 154], [153, 155], [158, 159], [158, 160], [166, 167], [166, 193], [197, 198], [197, 199], [203, 204], [205, 206], [213, 214], [213, 216], [226, 227], [226, 231], [227, 228], [227, 231], [228, 229], [232, 233], [232, 240], [233, 234], [233, 235], [235, 232], [235, 236], [237, 238], [240, 241], [240, 244], [316, 317], [317, 318], [317, 329], [319, 317], [319, 320], [321, 322], [321, 327], [322, 323], [323, 324], [325, 321], [327, 328], [329, 330], [331, 329], [331, 332], [333, 334], [342, 343], [342, 345], [346, 347], [346, 349], [350, 351], [350, 353], [356, 361], [361, 362], [361, 365], [362, 361], [362, 363], [437, 438], [437, 439], [464, 465], [464, 479], [466, 467], [466, 468], [469, 470], [469, 471], [473, 474], [473, 476], [485, 486], [485, 503], [487, 488], [487, 491], [492, 498], [498, 485], [498, 499], [500, 498], [500, 501], [547, 548], [547, 553], [548, 550], [550, 551]], "missing_branches": [[95, 96], [110, 114], [112, 110], [120, 130], [126, 121], [128, 121], [203, 207], [205, 207], [228, 227], [237, 235], [316, 335], [322, 321], [323, 325], [325, 326], [327, 317], [329, 335], [333, 329], [335, 336], [335, 337], [356, 357], [492, 493], [494, 495], [494, 498], [548, 549], [550, 547]], "functions": {"A2AAgentInfo.to_dict": {"executed_lines": [], "summary": {"covered_lines": 0, "num_statements": 1, "percent_covered": 0.0, "percent_covered_display": "0.00", "missing_lines": 1, "excluded_lines": 0, "percent_statements_covered": 0.0, "percent_statements_covered_display": "0.00", "num_branches": 0, "num_partial_branches": 0, "covered_branches": 0, "missing_branches": 0, "percent_branches_covered": 100.0, "percent_branches_covered_display": "100.00"}, "miss
[...]
164, 165, 166, 167, 168, 170, 171, 173, 174, 175, 177, 178, 179, 182, 184, 185, 195, 196, 197, 199, 200, 201, 202, 203, 204, 212, 213], "excluded_lines": [219, 220, 221, 222, 223, 224], "start_line": 1, "executed_branches": [], "missing_branches": [[73, 74], [73, 82], [139, -133], [139, 140], [144, 145], [144, 147], [150, 152], [150, 156], [173, 174], [173, 177], [178, 179], [178, 182], [202, 203], [202, 204]]}}}, "src/racing/team_validated/nodes.py": {"executed_lines": [25, 27, 29, 30, 32, 35, 44, 46, 55, 56, 58, 61, 76, 102, 152, 184], "summary": {"covered_lines": 16, "num_statements": 60, "percent_covered": 22.857142857142858, "percent_covered_display": "22.86", "missing_lines": 44, "excluded_lines": 0, "percent_statements_covered": 26.666666666666668, "percent_statements_covered_display": "26.67", "num_branches": 10, "num_partial_branches": 0, "covered_branches": 0, "missing_branches": 10, "percent_branches_covered": 0.0, "percent_branches_covered_display": "0.00"}, "missing_lines": [62, 77, 78, 79, 81, 82, 93, 103, 104, 105, 106, 108, 110, 112, 114, 115, 117, 122, 132, 134, 138, 153, 154, 158, 160, 161, 163, 164, 175, 185, 186, 188, 189, 190, 191, 192, 193, 194, 196, 198, 205, 213, 215, 223], "excluded_lines": [], "executed_branches": [], "missing_branches": [[81, 82], [81, 93], [108, 110], [108, 112], [163, 164], [163, 175], [189, 190], [189, 194], [191, 189], [191, 192]], "functions": {"_get_llm": {"executed_lines": [], "summary": {"covered_lines": 0, "num_statements": 1, "percent_covered": 0.0, "percent_covered_display": "0.00", "missing_lines": 1, "excluded_lines": 0, "percent_statements_covered": 0.0, "percent_statements_covered_display": "0.00", "num_branches": 0, "num_partial_branches": 0, "covered_branches": 0, "missing_branches": 0, "percent_branches_covered": 100.0, "percent_branches_covered_display": "100.00"}, "missing_lines": [62], "excluded_lines": [], "start_line": 61, "executed_branches": [], "missing_branches": []}, "telemetry_validator_node": {"executed_lines": [], "summary": {"covered_lines": 0, "num_statements": 6, "percent_covered": 0.0, "percent_covered_display": "0.00", "missing_lines": 6, "excluded_lines": 0, "percent_statements_covered": 0.0, "percent_statements_covered_display": "0.00", "num_branches": 2, "num_partial_branches": 0, "covered_branches": 0, "missing_branches": 2, "percent_branches_covered": 0.0, "percent_branches_covered_display": "0.00"}, "missing_lines": [77, 78, 79, 81, 82, 93], "excluded_lines": [], "start_line": 76, "executed_branches": [], "missing_branches": [[81, 82], [81, 93]]}, "team_principal_routing_node": {"executed_lines": [], "summary": {"covered_lines": 0, "num_statements": 14, "percent_covered": 0.0, "percent_covered_display": "0.00", "missing_lines": 14, "excluded_lines": 0, "percent_statements_covered": 0.0, "percent_statements_covered_display": "0.00", "num_branches": 2, "num_partial_branches": 0, "covered_branches": 0, "missing_branches": 2, "percent_branches_covered": 0.0, "percent_branches_covered_display": "0.00"}, "missing_lines": [103, 104, 105, 106, 108, 110, 112, 114, 115, 117, 122, 132, 134, 138], "excluded_lines": [], "start_line": 102, "executed_branches": [], "missing_branches": [[108, 110], [108, 112]]}, "expert_validator_node": {"executed_lines": [], "summary": {"covered_lines": 0, "num_statements": 8, "percent_covered": 0.0, "percent_covered_display": "0.00", "missing_lines": 8, "excluded_lines": 0, "percent_statements_covered": 0.0, "percent_statements_covered_display": "0.00", "num_branches": 2, "num_partial_branches": 0, "covered_branches": 0, "missing_branches": 2, "percent_branches_covered": 0.0, "percent_branches_covered_display": "0.00"}, "missing_lines": [153, 154, 158, 160, 161, 163, 164, 175], "excluded_lines": [], "start_line": 152, "executed_branches": [], "missing_branches": [[163, 164], [163, 175]]}, "team_principal_decision_node": {"executed_lines": [], "summary": {"covered_lines": 0, "num_statements": 15, "percent_covered": 0.0, "percent_covered_display": "0.00", "missing_lines": 15, "excluded_lines": 0, "percent_statements_covered": 0.0, "percent_statements_covered_display": "0.00", "num_branches": 4, "num_partial_branches": 0, "covered_branches": 0, "missing_branches": 4, "percent_branches_covered": 0.0, "percent_branches_covered_display": "0.00"}, "missing_lines": [185, 186, 188, 189, 190, 191, 192, 193, 194, 196, 198, 205, 213, 215, 223], "excluded_lines": [], "start_line": 184, "executed_branches": [], "missing_branches": [[189, 190], [189, 194], [191, 189], [191, 192]]}, "": {"executed_lines": [25, 27, 29, 30, 32, 35, 44, 46, 55, 56, 58, 61, 76, 102, 152, 184], "summary": {"covered_lines": 16, "num_statements": 16, "percent_covered": 100.0, "percent_covered_display": "100.00", "missing_lines": 0, "excluded_lines": 0, "percent_statements_covered": 100.0, "percent_statements_covered_display": "100.00", "num_branches": 0, "num_partial_branches": 0, "covered_branches": 0, "missing_branches": 0, "percent_branches_covered": 100.0, "percent_branches_covered_display": "100.00"}, "missing_lines": [], "excluded_lines": [], "start_line": 1, "executed_branches": [], "missing_branches": []}}, "classes": {"": {"executed_lines": [25, 27, 29, 30, 32, 35, 44, 46, 55, 56, 58, 61, 76, 102, 152, 184], "summary": {"covered_lines": 16, "num_statements": 60, "percent_covered": 22.857142857142858, "percent_covered_display": "22.86", "missing_lines": 44, "excluded_lines": 0, "percent_statements_covered": 26.666666666666668, "percent_statements_covered_display": "26.67", "num_branches": 10, "num_partial_branches": 0, "covered_branches": 0, "missing_branches": 10, "percent_branches_covered": 0.0, "percent_branches_covered_display": "0.00"}, "missing_lines": [62, 77, 78, 79, 81, 82, 93, 103, 104, 105, 106, 108, 110, 112, 114, 115, 117, 122, 132, 134, 138, 153, 154, 158, 160, 161, 163, 164, 175, 185, 186, 188, 189, 190, 191, 192, 193, 194, 196, 198, 205, 213, 215, 223], "excluded_lines": [], "start_line": 1, "executed_branches": [], "missing_branches": [[81, 82], [81, 93], [108, 110], [108, 112], [163, 164], [163, 175], [189, 190], [189, 194], [191, 189], [191, 192]]}}}, "src/racing/team_validated/state_tools.py": {"executed_lines": [2, 4, 5, 7, 8, 9, 11, 12, 15, 16, 17, 18, 19, 22, 23], "summary": {"covered_lines": 15, "num_statements": 20, "percent_covered": 75.0, "percent_covered_display": "75.00", "missing_lines": 5, "excluded_lines": 0, "percent_statements_covered": 75.0, "percent_statements_covered_display": "75.00", "num_branches": 0, "num_partial_branches": 0, "covered_branches": 0, "missing_branches": 0, "percent_branches_covered": 100.0, "percent_branches_covered_display": "100.00"}, "missing_lines": [35, 36, 40, 41, 42], "excluded_lines": [], "executed_branches": [], "missing_branches": [], "functions": {"ask_michelin_engineer": {"executed_lines": [], "summary": {"covered_lines": 0, "num_statements": 5, "percent_covered": 0.0, "percent_covered_display": "0.00", "missing_lines": 5, "excluded_lines": 0, "percent_statements_covered": 0.0, "percent_statements_covered_display": "0.00", "num_branches": 0, "num_partial_branches": 0, "covered_branches": 0, "missing_branches": 0, "percent_branches_covered": 100.0, "percent_branches_covered_display": "100.00"}, "missing_lines": [35, 36, 40, 41, 42], "excluded_lines": [], "start_line": 23, "executed_branches": [], "missing_branches": []}, "": {"executed_lines": [2, 4, 5, 7, 8, 9, 11, 12, 15, 16, 17, 18, 19, 22, 23], "summary": {"covered_lines": 15, "num_statements": 15, "percent_covered": 100.0, "percent_covered_display": "100.00", "missing_lines": 0, "excluded_lines": 0, "percent_statements_covered": 100.0, "percent_statements_covered_display": "100.00", "num_branches": 0, "num_partial_branches": 0, "covered_branches": 0, "missing_branches": 0, "percent_branches_covered": 100.0, "percent_branches_covered_display": "100.00"}, "missing_lines": [], "excluded_lines": [], "start_line": 1, "executed_branches": [], "missing_branches": []}}, "classes": {"TeamState": {"executed_lines": [], "summary": {"covered_lines": 0, "num_statements": 0, "percent_covered": 100.0, "percent_covered_display": "100.00", "missing_lines": 0, "excluded_lines": 0, "percent_statements_covered": 100.0, "percent_statements_covered_display": "100.00", "num_branches": 0, "num_partial_branches": 0, "covered_branches": 0, "missing_branches": 0, "percent_branches_covered": 100.0, "percent_branches_covered_display": "100.00"}, "missing_lines": [], "excluded_lines": [], "start_line": 15, "executed_branches": [], "missing_branches": []}, "": {"executed_lines": [2, 4, 5, 7, 8, 9, 11, 12, 15, 16, 17, 18, 19, 22, 23], "summary": {"covered_lines": 15, "num_statements": 20, "percent_covered": 75.0, "percent_covered_display": "75.00", "missing_lines": 5, "excluded_lines": 0, "percent_statements_covered": 75.0, "percent_statements_covered_display": "75.00", "num_branches": 0, "num_partial_branches": 0, "covered_branches": 0, "missing_branches": 0, "percent_branches_covered": 100.0, "percent_branches_covered_display": "100.00"}, "missing_lines": [35, 36, 40, 41, 42], "excluded_lines": [], "start_line": 1, "executed_branches": [], "missing_branches": []}}}, "src/racing/team_zero_shot/__init__.py": {"executed_lines": [], "summary": {"covered_lines": 0, "num_statements": 0, "percent_covered": 100.0, "percent_covered_display": "100.00", "missing_lines": 0, "excluded_lines": 0, "percent_statements_covered": 100.0, "percent_statements_covered_display": "100.00", "num_branches": 0, "num_partial_branches": 0, "covered_branches": 0, "missing_branches": 0, "percent_branches_covered": 100.0, "percent_branches_covered_display": "100.00"}, "missing_lines": [], "excluded_lines": [], "executed_branches": [], "missing_branches": [], "functions": {"": {"executed_lines": [], "summary": {"covered_lines": 0, "num_statements": 0, "percent_covered": 100.0, "percent_covered_display": "100.00", "missing_lines": 0, "excluded_lines": 0, "percent_statements_covered": 100.0, "percent_statements_covered_display": "100.00", "num_branches": 0, "num_partial_branches": 0, "covered_branches": 0, "missing_branches": 0, "percent_branches_covered": 100.0, "percent_branches_covered_display": "100.00"}, "missing_lines": [], "excluded_lines": [], "start_line": 1, "executed_branches": [], "missing_branches": []}}, "classes": {"": {"executed_lines": [], "summary": {"covered_lines": 0, "num_statements": 0, "percent_covered": 100.0, "percent_covered_display": "100.00", "missing_lines": 0, "excluded_lines": 0, "percent_statements_covered": 100.0, "percent_statements_covered_display": "100.00", "num_branches": 0, "num_partial_branches": 0, "covered_branches": 0, "missing_branches": 0, "percent_branches_covered": 100.0, "percent_branches_covered_display": "100.00"}, "missing_lines": [], "excluded_lines": [], "start_line": 1, "executed_branches": [], "missing_branches": []}}}, "src/racing/team_zero_shot/main.py": {"executed_lines": [14, 16, 17, 18, 19, 20, 21, 22, 24, 25, 26, 27, 28, 29, 30, 32, 33, 39, 40, 41, 42, 43, 44, 47, 49, 55, 69, 70, 73, 74, 77, 78, 93, 106, 115, 144, 145, 152, 213], "summary": {"covered_lines": 39, "num_statements": 99, "percent_covered": 35.13513513513514, "percent_covered_display": "35.14", "missing_lines": 60, "excluded_lines": 6, "percent_statements_covered": 39.39393939393939, "percent_statements_covered_display": "39.39", "num_branches": 12, "num_partial_branches": 0, "covered_branches": 0, "missing_branches": 12, "percent_branches_covered": 0.0, "percent_branches_covered_display": "0.00"}, "missing_lines": [56, 80, 81, 88, 89, 90, 94, 95, 96, 97, 98, 99, 116, 123, 124, 128, 130, 131, 132, 133, 135, 136, 137, 153, 155, 156, 157, 158, 159, 160, 161, 162, 163, 164, 166, 167, 169, 171, 172, 173, 175, 176, 177, 179, 180, 181, 184, 186, 187, 197, 198, 199, 201, 202, 203, 204, 205, 206, 214, 215], "excluded_lines": [221, 222, 223, 224, 225, 226], "executed_branches": [], "missing_branches": [[130, 131], [130, 135], [158, -152], [158, 159], [163, 164], [163, 166], [169, 171], [169, 175], [180, 181], [180, 184], [204, 205], [204, 206]], "functions": {"_parse_args": {"executed_lines": [40, 41, 42, 43, 44], "summary": {"covered_lines": 5, "num_statements": 5, "percent_covered": 100.0, "percent_covered_display": "100.00", "missing_lines": 0, "excluded_lines": 0, "percent_statements_covered": 100.0, "percent_statements_covered_display": "100.00", "num_branches": 0, "num_partial_branches": 0, "covered_branches": 0, "missing_branches": 0, "percent_branches_covered": 100.0, "percent_branches_covered_display": "100.00"}, "missing_lines": [], "excluded_lines": [], "start_line": 39, "executed_branches": [], "missing_branches": []}, "_get_llm": {"executed_lines": [], "summary": {"covered_lines": 0, "num_statements": 1, "percent_covered": 0.0, "percent_covered_display": "0.00", "missing_lines": 1, "excluded_lines": 0, "percent_statements_covered": 0.0, "percent_statements_covered_display": "0.00", "num_branches": 0, "num_partial_branches": 0, "covered_branches": 0, "missing_branches": 0, "percent_branches_covered": 100.0, "percent_branches_covered_display": "100.00"}, "missing_lines": [56], "excluded_lines": [], "start_line": 55, "executed_branches": [], "missing_branches": []}, "handle_query": {"executed_lines": [], "summary": {"covered_lines": 0, "num_statements": 5, "percent_covered": 0.0, "percent_covered_display": "0.00", "missing_lines": 5, "excluded_lines": 0, "percent_statements_covered": 0.0, "percent_statements_covered_display": "0.00", "num_branches": 0, "num_partial_branches": 0, "covered_branches": 0, "missing_branches": 0, "percent_branches_covered": 100.0, "percent_branches_covered_display": "100.00"}, "missing_lines": [80, 81, 88, 89, 90], "excluded_lines": [], "start_line": 78, "executed_branches": [], "missing_branches": []}, "_run_query_server": {"executed_lines": [], "summary": {"covered_lines": 0, "num_statements": 6, "percent_covered": 0.0, "percent_covered_display": "0.00", "missing_lines": 6, "excluded_lines": 0, "percent_statements_covered": 0.0, "percent_statements_covered_display": "0.00", "num_branches": 0, "num_partial_branches": 0, "covered_branches": 0, "missing_branches": 0, "percent_branches_covered": 100.0, "percent_branches_covered_display": "100.00"}, "missing_lines": [94, 95, 96, 97, 98, 99], "excluded_lines": [], "start_line": 93, "executed_branches": [], "missing_branches": []}, "_decide": {"executed_lines": [], "summary": {"covered_lines": 0, "num_statements": 11, "percent_covered": 0.0, "percent_covered_display": "0.00", "missing_lines": 11, "excluded_lines": 0, "percent_statements_covered": 0.0, "percent_statements_covered_display": "0.00", "num_branches": 2, "num_partial_branches": 0, "covered_branches": 0, "missing_branches": 2, "percent_branches_covered": 0.0, "percent_branches_covered_display": "0.00"}, "missing_lines": [116, 123, 124, 128, 130, 131, 132, 133, 135, 136, 137], "excluded_lines": [], "start_line": 115, "executed_branches": [], "missing_branches": [[130, 131], [130, 135]]}, "_pfx": {"executed_lines": [145], "summary": {"covered_lines": 1, "num_statements": 1, "percent_covered": 100.0, "percent_covered_display": "100.00", "missing_lines": 0, "excluded_lines": 0, "percent_statements_covered": 100.0, "percent_statements_covered_display": "100.00", "num_branches": 0, "num_partial_branches": 0, "covered_branches": 0, "missing_branches": 0, "percent_branches_covered": 100.0, "percent_branches_covered_display": "100.00"}, "missing_lines": [], "excluded_lines": [], "start_line": 144, "executed_branches": [], "missing_branches": []}, "listen_and_race": {"executed_lines": [], "summary": {"covered_lines": 0, "num_statements": 35, "percent_covered": 0.0, "percent_covered_display": "0.00", "missing_lines": 35, "excluded_lines": 0, "percent_statements_covered": 0.0, "percent_statements_covered_display": "0.00", "num_branches": 10, "num_partial_branches": 0, "covered_branches": 0, "missing_branches": 10, "percent_branches_covered": 0.0, "percent_branches_covered_display": "0.00"}, "missing_lines": [153, 155, 156, 157, 158, 159, 160, 161, 162, 163, 164, 166, 167, 169, 171, 172, 173, 175, 176, 177, 179, 180, 181, 184, 186, 187, 197, 198, 199, 201, 202, 203, 204, 205, 206], "excluded_lines": [], "start_line": 152, "executed_branches": [], "missing_branches": [[158, -152], [158, 159], [163, 164], [163, 166], [169, 171], [169, 175], [180, 181], [180, 184], [204, 205], [204, 206]]}, "_main": {"executed_lines": [], "summary": {"covered_lines": 0, "num_statements": 2, "percent_covered": 0.0, "percent_covered_display": "0.00", "missing_lines": 2, "excluded_lines": 0, "percent_statements_covered": 0.0, "percent_statements_covered_display": "0.00", "num_branches": 0, "num_partial_branches": 0, "covered_branches": 0, "missing_branches": 0, "percent_branches_covered": 100.0, "percent_branches_covered_display": "100.00"}, "missing_lines": [214, 215], "excluded_lines": [], "start_line": 213, "executed_branches": [], "missing_branches": []}, "": {"executed_lines": [14, 16, 17, 18, 19, 20, 21, 22, 24, 25, 26, 27, 28, 29, 30, 32, 33, 39, 47, 49, 55, 69, 70, 73, 74, 77, 78, 93, 106, 115, 144, 152, 213], "summary": {"covered_lines": 33, "num_statements": 33, "percent_covered": 100.0, "percent_covered_display": "100.00", "missing_lines": 0, "excluded_lines": 6, "percent_statements_covered": 100.0, "percent_statements_covered_display": "100.00", "num_branches": 0, "num_partial_branches": 0, "covered_branches": 0, "missing_branches": 0, "percent_branches_covered": 100.0, "percent_branches_covered_display": "100.00"}, "missing_lines": [], "excluded_lines": [221, 222, 223, 224, 225, 226], "start_line": 1, "executed_branches": [], "missing_branches": []}}, "classes": {"_QueryPayload": {"executed_lines": [], "summary": {"covered_lines": 0, "num_statements": 0, "percent_covered": 100.0, "percent_covered_display": "100.00", "missing_lines": 0, "excluded_lines": 0, "percent_statements_covered": 100.0, "percent_statements_covered_display": "100.00", "num_branches": 0, "num_partial_branches": 0, "covered_branches": 0, "missing_branches": 0, "percent_branches_covered": 100.0, "percent_branches_covered_display": "100.00"}, "missing_lines": [], "excluded_lines": [], "start_line": 73, "executed_branches": [], "missing_branches": []}, "": {"executed_lines": [14, 16, 17, 18, 19, 20, 21, 22, 24, 25, 26, 27, 28, 29, 30, 32, 33, 39, 40, 41, 42, 43, 44, 47, 49, 55, 69, 70, 73, 74, 77, 78, 93, 106, 115, 144, 145, 152, 213], "summary": {"covered_lines": 39, "num_statements": 99, "percent_covered": 35.13513513513514, "percent_covered_display": "35.14", "missing_lines": 60, "excluded_lines": 6, "percent_statements_covered": 39.39393939393939, "percent_statements_covered_display": "39.39", "num_branches": 12, "num_partial_branches": 0, "covered_branches": 0, "missing_branches": 12, "percent_branches_covered": 0.0, "percent_branches_covered_display": "0.00"}, "missing_lines": [56, 80, 81, 88, 89, 90, 94, 95, 96, 97, 98, 99, 116, 123, 124, 128, 130, 131, 132, 133, 135, 136, 137, 153, 155, 156, 157, 158, 159, 160, 161, 162, 163, 164, 166, 167, 169, 171, 172, 173, 175, 176, 177, 179, 180, 181, 184, 186, 187, 197, 198, 199, 201, 202, 203, 204, 205, 206, 214, 215], "excluded_lines": [221, 222, 223, 224, 225, 226], "start_line": 1, "executed_branches": [], "missing_branches": [[130, 131], [130, 135], [158, -152], [158, 159], [163, 164], [163, 166], [169, 171], [169, 175], [180, 181], [180, 184], [204, 205], [204, 206]]}}}}, "totals": {"covered_lines": 4669, "num_statements": 7547, "percent_covered": 59.48631222915125, "percent_covered_display": "59.49", "missing_lines": 2878, "excluded_lines": 122, "percent_statements_covered": 61.86564197694448, "percent_statements_covered_display": "61.87", "num_branches": 1914, "num_partial_branches": 223, "covered_branches": 959, "missing_branches": 955, "percent_branches_covered": 50.10449320794148, "percent_branches_covered_display": "50.10"}}