{"meta": {"format": 3, "version": "7.13.5", "timestamp": "2026-05-12T23:03:35.397211", "branch_coverage": true, "show_contexts": false}, "files": {"src/__init__.py": {"executed_lines": [3], "summary": {"covered_lines": 1, "num_statements": 1, "percent_covered": 100.0, "percent_covered_display": "100.00", "missing_lines": 0, "excluded_lines": 0, "percent_statements_covered": 100.0, "percent_statements_covered_display": "100.00", "num_branches": 0, "num_partial_branches": 0, "covered_branches": 0, "missing_branches": 0, "percent_branches_covered": 100.0, "percent_branches_covered_display": "100.00"}, "missing_lines": [], "excluded_lines": [], "executed_branches": [], "missing_branches": [], "functions": {"": {"executed_lines": [3], "summary": {"covered_lines": 1, "num_statements": 1, "percent_covered": 100.0, "percent_covered_display": "100.00", "missing_lines": 0, "excluded_lines": 0, "percent_statements_covered": 100.0, "percent_statements_covered_display": "100.00", "num_branches": 0, "num_partial_branches": 0, "covered_branches": 0, "missing_branches": 0, "percent_branches_covered": 100.0, "percent_branches_covered_display": "100.00"}, "missing_lines": [], "excluded_lines": [], "start_line": 1, "executed_branches": [], "missing_branches": []}}, "classes": {"": {"executed_lines": [3], "summary": {"covered_lines": 1, "num_statements": 1, "percent_covered": 100.0, "percent_covered_display": "100.00", "missing_lines": 0, "excluded_lines": 0, "percent_statements_covered": 100.0, "percent_statements_covered_display": "100.00", "num_branches": 0, "num_partial_branches": 0, "covered_branches": 0, "missing_branches": 0, "percent_branches_covered": 100.0, "percent_branches_covered_display": "100.00"}, "missing_lines": [], "excluded_lines": [], "start_line": 1, "executed_branches": [], "missing_branches": []}}}, "src/agent/__init__.py": {"executed_lines": [], "summary": {"covered_lines": 0, "num_statements": 0, "percent_covered": 100.0, "percent_covered_display": "100.00", "missing_lines": 0, "excluded_lines": 0, "percent_statements_covered": 100.0, "percent_statements_covered_display": "100.00", "num_branches": 0, "num_partial_branches": 0, "covered_branches": 0, "missing_branches": 0, "percent_branches_covered": 100.0, "percent_branches_covered_display": "100.00"}, "missing_lines": [], "excluded_lines": [], "executed_branches": [], "missing_branches": [], "functions": {"": {"executed_lines": [], "summary": {"covered_lines": 0, "num_statements": 0, "percent_covered": 100.0, "percent_covered_display": "100.00", "missing_lines": 0, "excluded_lines": 0, "percent_statements_covered": 100.0, "percent_statements_covered_display": "100.00", "num_branches": 0, "num_partial_branches": 0, "covered_branches": 0, "missing_branches": 0, "percent_branches_covered": 100.0, "percent_branches_covered_display": "100.00"}, "missing_lines": [], "excluded_lines": [], "start_line": 1, "executed_branches": [], "missing_branches": []}}, "classes": {"": {"executed_lines": [], "summary": {"covered_lines": 0, "num_statements": 0, "percent_covered": 100.0, "percent_covered_display": "100.00", "missing_lines": 0, "excluded_lines": 0, "percent_statements_covered": 100.0, "percent_statements_covered_display": "100.00", "num_branches": 0, "num_partial_branches": 0, "covered_branches": 0, "missing_branches": 0, "percent_branches_covered": 100.0, "percent_branches_covered_display": "100.00"}, "missing_lines": [], "excluded_lines": [], "start_line": 1, "executed_branches": [], "missing_branches": []}}}, "src/agent/database.py": {"executed_lines": [1, 2, 4, 5, 8, 9, 10, 12, 13, 14, 21, 23], "summary": {"covered_lines": 12, "num_statements": 12, "percent_covered": 100.0, "percent_covered_display": "100.00", "missing_lines": 0, "excluded_lines": 2, "percent_statements_covered": 100.0, "percent_statements_covered_display": "100.00", "num_branches": 0, "num_partial_branches": 0, "covered_branches": 0, "missing_branches": 0, "percent_branches_covered": 100.0, "percent_branches_covered_display": "100.00"}, "missing_lines": [], "excluded_lines": [26, 27], "executed_branches": [], "missing_branches": [], "functions": {"initialiser_base_de_donnees": {"executed_lines": [9, 10, 12, 13, 14, 21, 23], "summary": {"covered_lines": 7, "num_statements": 7, "percent_covered": 100.0, "percent_covered_display": "100.00", "missing_lines": 0, "excluded_lines": 0, "percent_statements_covered": 100.0, "percent_statements_covered_display": "100.00", "num_branches": 0, "num_partial_branches": 0, "covered_branches": 0, "missing_branches": 0, "percent_branches_covered": 100.0, "percent_branches_covered_display": "100.00"}, "missing_lines": [], "excluded_lines": [], "start_line": 8, "executed_branches": [], "missing_branches": []}, "": {"executed_lines": [1, 2, 4, 5, 8], "summary": {"covered_lines": 5, "num_statements": 5, "percent_covered": 100.0, "percent_covered_display": "100.00", "missing_lines": 0, "excluded_lines": 2, "percent_statements_covered": 100.0, "percent_statements_covered_display": "100.00", "num_branches": 0, "num_partial_branches": 0, "covered_branches": 0, "missing_branches": 0, "percent_branches_covered": 100.0, "percent_branches_covered_display": "100.00"}, "missing_lines": [], "excluded_lines": [26, 27], "start_line": 1, "executed_branches": [], "missing_branches": []}}, "classes": {"": {"executed_lines": [1, 2, 4, 5, 8, 9, 10, 12, 13, 14, 21, 23], "summary": {"covered_lines": 12, "num_statements": 12, "percent_covered": 100.0, "percent_covered_display": "100.00", "missing_lines": 0, "excluded_lines": 2, "percent_statements_covered": 100.0, "percent_statements_covered_display": "100.00", "num_branches": 0, "num_partial_branches": 0, "covered_branches": 0, "missing_branches": 0, "percent_branches_covered": 100.0, "percent_branches_covered_display": "100.00"}, "missing_lines": [], "excluded_lines": [26, 27], "start_line": 1, "executed_branches": [], "missing_branches": []}}}, "src/agent/maestro.py": {"executed_lines": [1, 2, 3, 4, 5, 6, 7, 8, 9, 10, 11, 13, 14, 16, 17, 19, 20, 28, 29, 34, 36, 37, 38, 43, 44, 45, 46, 47, 48, 49, 50, 51, 54, 55, 56, 57, 58, 59, 60, 61, 64, 65, 66, 67, 68, 69, 70, 71, 72, 73, 74, 75, 76, 77, 78, 79, 80, 85, 92, 93, 94, 95, 96, 97, 98, 99, 100, 101, 106, 107, 110, 111, 112, 115, 116, 117, 118, 119, 120, 121, 122, 123, 124, 125, 126, 129, 136, 139, 140, 141, 146, 147, 148, 149, 152, 153, 156, 157, 158, 159, 161, 162, 163, 164, 165, 166, 167, 171, 172, 174, 175, 176, 179, 180, 181, 182, 187, 197, 208, 213, 214, 216, 217, 218, 219, 220, 222, 224, 225, 226, 227, 228, 229, 230, 231, 243, 250, 251, 252, 254, 257, 263, 268, 273, 285, 286, 287, 296, 297, 298, 299, 301, 303, 304, 317, 318, 319, 321, 322, 323, 325, 326, 327, 328, 330, 339, 340, 341, 342, 343, 344, 346, 347, 348, 350, 351, 352, 356, 361, 362, 363, 364, 365, 367, 368, 369, 370, 371, 373, 377, 384, 386, 387, 388, 390, 397, 398, 399, 400, 401, 403, 406, 407, 408, 410, 411, 412, 414, 419], "summary": {"covered_lines": 209, "num_statements": 246, "percent_covered": 83.44594594594595, "percent_covered_display": "83.45", "missing_lines": 37, "excluded_lines": 8, "percent_statements_covered": 84.95934959349593, "percent_statements_covered_display": "84.96", "num_branches": 50, "num_partial_branches": 10, "covered_branches": 38, "missing_branches": 12, "percent_branches_covered": 76.0, "percent_branches_covered_display": "76.00"}, "missing_lines": [127, 128, 154, 168, 169, 173, 198, 199, 200, 201, 202, 203, 232, 233, 234, 238, 245, 253, 391, 395, 404, 409, 427, 428, 430, 431, 442, 443, 444, 445, 446, 447, 448, 449, 450, 463, 464], "excluded_lines": [239, 240, 241, 476, 477, 478, 486, 487], "executed_branches": [[95, 96], [95, 101], [96, 97], [96, 98], [98, 95], [98, 99], [99, 98], [99, 100], [117, 118], [117, 136], [118, 119], [118, 120], [124, 125], [124, 129], [146, 147], [146, 148], [153, 156], [162, 163], [162, 171], [164, 165], [172, 174], [174, 175], [174, 176], [224, 225], [252, 254], [325, 326], [339, 340], [339, 346], [351, 352], [351, 365], [368, 369], [368, 373], [390, 397], [403, 406], [406, 407], [406, 414], [408, 410], [410, 411]], "missing_branches": [[153, 154], [164, 162], [172, 173], [224, 245], [252, 253], [325, 390], [390, 391], [403, 404], [408, 409], [410, 412], [430, 431], [430, 463]], "functions": {"_routing_hint": {"executed_lines": [93, 94, 95, 96, 97, 98, 99, 100, 101], "summary": {"covered_lines": 9, "num_statements": 9, "percent_covered": 100.0, "percent_covered_display": "100.00", "missing_lines": 0, "excluded_lines": 0, "percent_statements_covered": 100.0, "percent_statements_covered_display": "100.00", "num_branches": 8, "num_partial_branches": 0, "covered_branches": 8, "missing_branches": 0, "percent_branches_covered": 100.0, "percent_branches_covered_display": "100.00"}, "missing_lines": [], "excluded_lines": [], "start_line": 92, "executed_branches": [[95, 96], [95, 101], [96, 97], [96, 98], [98, 95], [98, 99], [99, 98], [99, 100]], "missing_branches": []}, "_now_utc_iso": {"executed_lines": [107], "summary": {"covered_lines": 1, "num_statements": 1, "percent_covered": 100.0, "percent_covered_display": "100.00", "missing_lines": 0, "excluded_lines": 0, "percent_statements_covered": 100.0, "percent_statements_covered_display": "100.00", "num_branches": 0, "num_partial_branches": 0, "covered_branches": 0, "missing_branches": 0, "percent_branches_covered": 100.0, "percent_branches_covered_display": "100.00"}, "missing_lines": [], "excluded_lines": [], "start_line": 106, "executed_branches": [], "missing_branches": []}, "_preview": {"executed_lines": [111, 112], "summary": {"covered_lines": 2, "num_statements": 2, "percent_covered": 100.0, "percent_covered_display": "100.00", "missing_lines": 0, "excluded_lines": 0, "percent_statements_covered": 100.0, "percent_statements_covered_display": "100.00", "num_branches": 0, "num_partial_branches": 0, "covered_branches": 0, "missing_branches": 0, "percent_branches_covered": 100.0, "percent_branches_covered_display": "100.00"}, "missing_lines": [], "excluded_lines": [], "start_line": 110, "executed_branches": [], "missing_branches": []}, "_extract_sources": {"executed_lines": [116, 117, 118, 119, 120, 121, 122, 123, 124, 125, 126, 129, 136], "summary": {"covered_lines": 13, "num_statements": 15, "percent_covered": 90.47619047619048, "percent_covered_display": "90.48", "missing_lines": 2, "excluded_lines": 0, "percent_statements_covered": 86.66666666666667, "percent_statements_covered_display": "86.67", "num_branches": 6, "num_partial_branches": 0, "covered_branches": 6, "missing_branches": 0, "percent_branches_covered": 100.0, "percent_branches_covered_display": "100.00"}, "missing_lines": [127, 128], "excluded_lines": [], "start_line": 115, "executed_branches": [[117, 118], [117, 136], [118, 119], [118, 120], [124, 125], [124, 129]], "missing_branches": []}, "_extract_actions_from_text": {"executed_lines": [140, 141, 146, 147, 148, 149], "summary": {"covered_lines": 6, "num_statements": 6, "percent_covered": 100.0, "percent_covered_display": "100.00", "missing_lines": 0, "excluded_lines": 0, "percent_statements_covered": 100.0, "percent_statements_covered_display": "100.00", "num_branches": 2, "num_partial_branches": 0, "covered_branches": 2, "missing_branches": 0, "percent_branches_covered": 100.0, "percent_branches_covered_display": "100.00"}, "missing_lines": [], "excluded_lines": [], "start_line": 139, "executed_branches": [[146, 147], [146, 148]], "missing_branches": []}, "_compute_confidence": {"executed_lines": [153, 156, 157, 158, 159, 161, 162, 163, 164, 165, 166, 167, 171, 172, 174, 175, 176], "summary": {"covered_lines": 17, "num_statements": 21, "percent_covered": 77.41935483870968, "percent_covered_display": "77.42", "missing_lines": 4, "excluded_lines": 0, "percent_statements_covered": 80.95238095238095, "percent_statements_covered_display": "80.95", "num_branches": 10, "num_partial_branches": 3, "covered_branches": 7, "missing_branches": 3, "percent_branches_covered": 70.0, "percent_branches_covered_display": "70.00"}, "missing_lines": [154, 168, 169, 173], "excluded_lines": [], "start_line": 152, "executed_branches": [[153, 156], [162, 163], [162, 171], [164, 165], [172, 174], [174, 175], [174, 176]], "missing_branches": [[153, 154], [164, 162], [172, 173]]}, "_build_structured_answer": {"executed_lines": [180, 181, 182, 187], "summary": {"covered_lines": 4, "num_statements": 4, "percent_covered": 100.0, "percent_covered_display": "100.00", "missing_lines": 0, "excluded_lines": 0, "percent_statements_covered": 100.0, "percent_statements_covered_display": "100.00", "num_branches": 0, "num_partial_branches": 0, "covered_branches": 0, "missing_branches": 0, "percent_branches_covered": 100.0, "percent_branches_covered_display": "100.00"}, "missing_lines": [], "excluded_lines": [], "start_line": 179, "executed_branches": [], "missing_branches": []}, "_save_trace": {"executed_lines": [], "summary": {"covered_lines": 0, "num_statements": 6, "percent_covered": 0.0, "percent_covered_display": "0.00", "missing_lines": 6, "excluded_lines": 0, "percent_statements_covered": 0.0, "percent_statements_covered_display": "0.00", "num_branches": 0, "num_partial_branches": 0, "covered_branches": 0, "missing_branches": 0, "percent_branches_covered": 100.0, "percent_branches_covered_display": "100.00"}, "missing_lines": [198, 199, 200, 201, 202, 203], "excluded_lines": [], "start_line": 197, "executed_branches": [], "missing_branches": []}, "_execute_tool_with_policy": {"executed_lines": [213, 214, 216, 217, 218, 219, 220, 222, 224, 225, 226, 227, 228, 229, 230, 231, 243], "summary": {"covered_lines": 17, "num_statements": 22, "percent_covered": 75.0, "percent_covered_display": "75.00", "missing_lines": 5, "excluded_lines": 3, "percent_statements_covered": 77.27272727272727, "percent_statements_covered_display": "77.27", "num_branches": 2, "num_partial_branches": 1, "covered_branches": 1, "missing_branches": 1, "percent_branches_covered": 50.0, "percent_branches_covered_display": "50.00"}, "missing_lines": [232, 233, 234, 238, 245], "excluded_lines": [239, 240, 241], "start_line": 208, "executed_branches": [[224, 225]], "missing_branches": [[224, 245]]}, "_make_client": {"executed_lines": [251, 252, 254], "summary": {"covered_lines": 3, "num_statements": 4, "percent_covered": 66.66666666666667, "percent_covered_display": "66.67", "missing_lines": 1, "excluded_lines": 0, "percent_statements_covered": 75.0, "percent_statements_covered_display": "75.00", "num_branches": 2, "num_partial_branches": 1, "covered_branches": 1, "missing_branches": 1, "percent_branches_covered": 50.0, "percent_branches_covered_display": "50.00"}, "missing_lines": [253], "excluded_lines": [], "start_line": 250, "executed_branches": [[252, 254]], "missing_branches": [[252, 253]]}, "_call_llm": {"executed_lines": [263, 268], "summary": {"covered_lines": 2, "num_statements": 2, "percent_covered": 100.0, "percent_covered_display": "100.00", "missing_lines": 0, "excluded_lines": 0, "percent_statements_covered": 100.0, "percent_statements_covered_display": "100.00", "num_branches": 0, "num_partial_branches": 0, "covered_branches": 0, "missing_branches": 0, "percent_branches_covered": 100.0, "percent_branches_covered_display": "100.00"}, "missing_lines": [], "excluded_lines": [], "start_line": 257, "executed_branches": [], "missing_branches": []}, "lancer_agent": {"executed_lines": [285, 286, 287, 296, 297, 298, 299, 301, 303, 304, 317, 318, 319, 321, 322, 323, 325, 326, 327, 328, 330, 339, 340, 341, 342, 343, 344, 346, 347, 348, 350, 351, 352, 356, 361, 362, 363, 364, 365, 367, 368, 369, 370, 371, 373, 377, 384, 386, 387, 388, 390, 397, 398, 399, 400, 401, 403, 406, 407, 408, 410, 411, 412, 414], "summary": {"covered_lines": 64, "num_statements": 68, "percent_covered": 89.53488372093024, "percent_covered_display": "89.53", "missing_lines": 4, "excluded_lines": 0, "percent_statements_covered": 94.11764705882354, "percent_statements_covered_display": "94.12", "num_branches": 18, "num_partial_branches": 5, "covered_branches": 13, "missing_branches": 5, "percent_branches_covered": 72.22222222222223, "percent_branches_covered_display": "72.22"}, "missing_lines": [391, 395, 404, 409], "excluded_lines": [], "start_line": 273, "executed_branches": [[325, 326], [339, 340], [339, 346], [351, 352], [351, 365], [368, 369], [368, 373], [390, 397], [403, 406], [406, 407], [406, 414], [408, 410], [410, 411]], "missing_branches": [[325, 390], [390, 391], [403, 404], [408, 409], [410, 412]]}, "evaluer_agent_sur_tickets": {"executed_lines": [], "summary": {"covered_lines": 0, "num_statements": 15, "percent_covered": 0.0, "percent_covered_display": "0.00", "missing_lines": 15, "excluded_lines": 0, "percent_statements_covered": 0.0, "percent_statements_covered_display": "0.00", "num_branches": 2, "num_partial_branches": 0, "covered_branches": 0, "missing_branches": 2, "percent_branches_covered": 0.0, "percent_branches_covered_display": "0.00"}, "missing_lines": [427, 428, 430, 431, 442, 443, 444, 445, 446, 447, 448, 449, 450, 463, 464], "excluded_lines": [], "start_line": 419, "executed_branches": [], "missing_branches": [[430, 431], [430, 463]]}, "": {"executed_lines": [1, 2, 3, 4, 5, 6, 7, 8, 9, 10, 11, 13, 14, 16, 17, 19, 20, 28, 29, 34, 36, 37, 38, 43, 44, 45, 46, 47, 48, 49, 50, 51, 54, 55, 56, 57, 58, 59, 60, 61, 64, 65, 66, 67, 68, 69, 70, 71, 72, 73, 74, 75, 76, 77, 78, 79, 80, 85, 92, 106, 110, 115, 139, 152, 179, 197, 208, 250, 257, 273, 419], "summary": {"covered_lines": 71, "num_statements": 71, "percent_covered": 100.0, "percent_covered_display": "100.00", "missing_lines": 0, "excluded_lines": 5, "percent_statements_covered": 100.0, "percent_statements_covered_display": "100.00", "num_branches": 0, "num_partial_branches": 0, "covered_branches": 0, "missing_branches": 0, "percent_branches_covered": 100.0, "percent_branches_covered_display": "100.00"}, "missing_lines": [], "excluded_lines": [476, 477, 478, 486, 487], "start_line": 1, "executed_branches": [], "missing_branches": []}}, "classes": {"AgentDecision": {"executed_lines": [], "summary": {"covered_lines": 0, "num_statements": 0, "percent_covered": 100.0, "percent_covered_display": "100.00", "missing_lines": 0, "excluded_lines": 0, "percent_statements_covered": 100.0, "percent_statements_covered_display": "100.00", "num_branches": 0, "num_partial_branches": 0, "covered_branches": 0, "missing_branches": 0, "percent_branches_covered": 100.0, "percent_branches_covered_display": "100.00"}, "missing_lines": [], "excluded_lines": [], "start_line": 34, "executed_branches": [], "missing_branches": []}, "ToolCallTrace": {"executed_lines": [], "summary": {"covered_lines": 0, "num_statements": 0, "percent_covered": 100.0, "percent_covered_display": "100.00", "missing_lines": 0, "excluded_lines": 0, "percent_statements_covered": 100.0, "percent_statements_covered_display": "100.00", "num_branches": 0, "num_partial_branches": 0, "covered_branches": 0, "missing_branches": 0, "percent_branches_covered": 100.0, "percent_branches_covered_display": "100.00"}, "missing_lines": [], "excluded_lines": [], "start_line": 44, "executed_branches": [], "missing_branches": []}, "LLMTurnTrace": {"executed_lines": [], "summary": {"covered_lines": 0, "num_statements": 0, "percent_covered": 100.0, "percent_covered_display": "100.00", "missing_lines": 0, "excluded_lines": 0, "percent_statements_covered": 100.0, "percent_statements_covered_display": "100.00", "num_branches": 0, "num_partial_branches": 0, "covered_branches": 0, "missing_branches": 0, "percent_branches_covered": 100.0, "percent_branches_covered_display": "100.00"}, "missing_lines": [], "excluded_lines": [], "start_line": 55, "executed_branches": [], "missing_branches": []}, "MaestroRunTrace": {"executed_lines": [], "summary": {"covered_lines": 0, "num_statements": 0, "percent_covered": 100.0, "percent_covered_display": "100.00", "missing_lines": 0, "excluded_lines": 0, "percent_statements_covered": 100.0, "percent_statements_covered_display": "100.00", "num_branches": 0, "num_partial_branches": 0, "covered_branches": 0, "missing_branches": 0, "percent_branches_covered": 100.0, "percent_branches_covered_display": "100.00"}, "missing_lines": [], "excluded_lines": [], "start_line": 65, "executed_branches": [], "missing_branches": []}, "": {"executed_lines": [1, 2, 3, 4, 5, 6, 7, 8, 9, 10, 11, 13, 14, 16, 17, 19, 20, 28, 29, 34, 36, 37, 38, 43, 44, 45, 46, 47, 48, 49, 50, 51, 54, 55, 56, 57, 58, 59, 60, 61, 64, 65, 66, 67, 68, 69, 70, 71, 72, 73, 74, 75, 76, 77, 78, 79, 80, 85, 92, 93, 94, 95, 96, 97, 98, 99, 100, 101, 106, 107, 110, 111, 112, 115, 116, 117, 118, 119, 120, 121, 122, 123, 124, 125, 126, 129, 136, 139, 140, 141, 146, 147, 148, 149, 152, 153, 156, 157, 158, 159, 161, 162, 163, 164, 165, 166, 167, 171, 172, 174, 175, 176, 179, 180, 181, 182, 187, 197, 208, 213, 214, 216, 217, 218, 219, 220, 222, 224, 225, 226, 227, 228, 229, 230, 231, 243, 250, 251, 252, 254, 257, 263, 268, 273, 285, 286, 287, 296, 297, 298, 299, 301, 303, 304, 317, 318, 319, 321, 322, 323, 325, 326, 327, 328, 330, 339, 340, 341, 342, 343, 344, 346, 347, 348, 350, 351, 352, 356, 361, 362, 363, 364, 365, 367, 368, 369, 370, 371, 373, 377, 384, 386, 387, 388, 390, 397, 398, 399, 400, 401, 403, 406, 407, 408, 410, 411, 412, 414, 419], "summary": {"covered_lines": 209, "num_statements": 246, "percent_covered": 83.44594594594595, "percent_covered_display": "83.45", "missing_lines": 37, "excluded_lines": 8, "percent_statements_covered": 84.95934959349593, "percent_statements_covered_display": "84.96", "num_branches": 50, "num_partial_branches": 10, "covered_branches": 38, "missing_branches": 12, "percent_branches_covered": 76.0, "percent_branches_covered_display": "76.00"}, "missing_lines": [127, 128, 154, 168, 169, 173, 198, 199, 200, 201, 202, 203, 232, 233, 234, 238, 245, 253, 391, 395, 404, 409, 427, 428, 430, 431, 442, 443, 444, 445, 446, 447, 448, 449, 450, 463, 464], "excluded_lines": [239, 240, 241, 476, 477, 478, 486, 487], "start_line": 1, "executed_branches": [[95, 96], [95, 101], [96, 97], [96, 98], [98, 95], [98, 99], [99, 98], [99, 100], [117, 118], [117, 136], [118, 119], [118, 120], [124, 125], [124, 129], [146, 147], [146, 148], [153, 156], [162, 163], [162, 171], [164, 165], [172, 174], [174, 175], [174, 176], [224, 225], [252, 254], [325, 326], [339, 340], [339, 346], [351, 352], [351, 365], [368, 369], [368, 373], [390, 397], [403, 406], [406, 407], [406, 414], [408, 410], [410, 411]], "missing_branches": [[153, 154], [164, 162], [172, 173], [224, 245], [252, 253], [325, 390], [390, 391], [403, 404], [408, 409], [410, 412], [430, 431], [430, 463]]}}}, "src/agent/mcp_server.py": {"executed_lines": [1, 3, 9, 12, 13, 15, 17, 18, 22, 23, 25], "summary": {"covered_lines": 11, "num_statements": 12, "percent_covered": 91.66666666666667, "percent_covered_display": "91.67", "missing_lines": 1, "excluded_lines": 2, "percent_statements_covered": 91.66666666666667, "percent_statements_covered_display": "91.67", "num_branches": 0, "num_partial_branches": 0, "covered_branches": 0, "missing_branches": 0, "percent_branches_covered": 100.0, "percent_branches_covered_display": "100.00"}, "missing_lines": [20], "excluded_lines": [28, 29], "executed_branches": [], "missing_branches": [], "functions": {"mcp_verifier_statut_serveur": {"executed_lines": [15], "summary": {"covered_lines": 1, "num_statements": 1, "percent_covered": 100.0, "percent_covered_display": "100.00", "missing_lines": 0, "excluded_lines": 0, "percent_statements_covered": 100.0, "percent_statements_covered_display": "100.00", "num_branches": 0, "num_partial_branches": 0, "covered_branches": 0, "missing_branches": 0, "percent_branches_covered": 100.0, "percent_branches_covered_display": "100.00"}, "missing_lines": [], "excluded_lines": [], "start_line": 13, "executed_branches": [], "missing_branches": []}, "mcp_chercher_documentation_technique": {"executed_lines": [], "summary": {"covered_lines": 0, "num_statements": 1, "percent_covered": 0.0, "percent_covered_display": "0.00", "missing_lines": 1, "excluded_lines": 0, "percent_statements_covered": 0.0, "percent_statements_covered_display": "0.00", "num_branches": 0, "num_partial_branches": 0, "covered_branches": 0, "missing_branches": 0, "percent_branches_covered": 100.0, "percent_branches_covered_display": "100.00"}, "missing_lines": [20], "excluded_lines": [], "start_line": 18, "executed_branches": [], "missing_branches": []}, "mcp_chercher_dans_kb": {"executed_lines": [25], "summary": {"covered_lines": 1, "num_statements": 1, "percent_covered": 100.0, "percent_covered_display": "100.00", "missing_lines": 0, "excluded_lines": 0, "percent_statements_covered": 100.0, "percent_statements_covered_display": "100.00", "num_branches": 0, "num_partial_branches": 0, "covered_branches": 0, "missing_branches": 0, "percent_branches_covered": 100.0, "percent_branches_covered_display": "100.00"}, "missing_lines": [], "excluded_lines": [], "start_line": 23, "executed_branches": [], "missing_branches": []}, "": {"executed_lines": [1, 3, 9, 12, 13, 17, 18, 22, 23], "summary": {"covered_lines": 9, "num_statements": 9, "percent_covered": 100.0, "percent_covered_display": "100.00", "missing_lines": 0, "excluded_lines": 2, "percent_statements_covered": 100.0, "percent_statements_covered_display": "100.00", "num_branches": 0, "num_partial_branches": 0, "covered_branches": 0, "missing_branches": 0, "percent_branches_covered": 100.0, "percent_branches_covered_display": "100.00"}, "missing_lines": [], "excluded_lines": [28, 29], "start_line": 1, "executed_branches": [], "missing_branches": []}}, "classes": {"": {"executed_lines": [1, 3, 9, 12, 13, 15, 17, 18, 22, 23, 25], "summary": {"covered_lines": 11, "num_statements": 12, "percent_covered": 91.66666666666667, "percent_covered_display": "91.67", "missing_lines": 1, "excluded_lines": 2, "percent_statements_covered": 91.66666666666667, "percent_statements_covered_display": "91.67", "num_branches": 0, "num_partial_branches": 0, "covered_branches": 0, "missing_branches": 0, "percent_branches_covered": 100.0, "percent_branches_covered_display": "100.00"}, "missing_lines": [20], "excluded_lines": [28, 29], "start_line": 1, "executed_branches": [], "missing_branches": []}}}, "src/agent/memory.py": {"executed_lines": [1, 3, 4, 5, 7, 8, 9, 10, 12, 13], "summary": {"covered_lines": 10, "num_statements": 10, "percent_covered": 100.0, "percent_covered_display": "100.00", "missing_lines": 0, "excluded_lines": 0, "percent_statements_covered": 100.0, "percent_statements_covered_display": "100.00", "num_branches": 2, "num_partial_branches": 0, "covered_branches": 2, "missing_branches": 0, "percent_branches_covered": 100.0, "percent_branches_covered_display": "100.00"}, "missing_lines": [], "excluded_lines": [], "executed_branches": [[9, -7], [9, 10]], "missing_branches": [], "functions": {"MemoCourTerme.__init__": {"executed_lines": [4, 5], "summary": {"covered_lines": 2, "num_statements": 2, "percent_covered": 100.0, "percent_covered_display": "100.00", "missing_lines": 0, "excluded_lines": 0, "percent_statements_covered": 100.0, "percent_statements_covered_display": "100.00", "num_branches": 0, "num_partial_branches": 0, "covered_branches": 0, "missing_branches": 0, "percent_branches_covered": 100.0, "percent_branches_covered_display": "100.00"}, "missing_lines": [], "excluded_lines": [], "start_line": 3, "executed_branches": [], "missing_branches": []}, "MemoCourTerme.add_message": {"executed_lines": [8, 9, 10], "summary": {"covered_lines": 3, "num_statements": 3, "percent_covered": 100.0, "percent_covered_display": "100.00", "missing_lines": 0, "excluded_lines": 0, "percent_statements_covered": 100.0, "percent_statements_covered_display": "100.00", "num_branches": 2, "num_partial_branches": 0, "covered_branches": 2, "missing_branches": 0, "percent_branches_covered": 100.0, "percent_branches_covered_display": "100.00"}, "missing_lines": [], "excluded_lines": [], "start_line": 7, "executed_branches": [[9, -7], [9, 10]], "missing_branches": []}, "MemoCourTerme.get_messages": {"executed_lines": [13], "summary": {"covered_lines": 1, "num_statements": 1, "percent_covered": 100.0, "percent_covered_display": "100.00", "missing_lines": 0, "excluded_lines": 0, "percent_statements_covered": 100.0, "percent_statements_covered_display": "100.00", "num_branches": 0, "num_partial_branches": 0, "covered_branches": 0, "missing_branches": 0, "percent_branches_covered": 100.0, "percent_branches_covered_display": "100.00"}, "missing_lines": [], "excluded_lines": [], "start_line": 12, "executed_branches": [], "missing_branches": []}, "": {"executed_lines": [1, 3, 7, 12], "summary": {"covered_lines": 4, "num_statements": 4, "percent_covered": 100.0, "percent_covered_display": "100.00", "missing_lines": 0, "excluded_lines": 0, "percent_statements_covered": 100.0, "percent_statements_covered_display": "100.00", "num_branches": 0, "num_partial_branches": 0, "covered_branches": 0, "missing_branches": 0, "percent_branches_covered": 100.0, "percent_branches_covered_display": "100.00"}, "missing_lines": [], "excluded_lines": [], "start_line": 1, "executed_branches": [], "missing_branches": []}}, "classes": {"MemoCourTerme": {"executed_lines": [4, 5, 8, 9, 10, 13], "summary": {"covered_lines": 6, "num_statements": 6, "percent_covered": 100.0, "percent_covered_display": "100.00", "missing_lines": 0, "excluded_lines": 0, "percent_statements_covered": 100.0, "percent_statements_covered_display": "100.00", "num_branches": 2, "num_partial_branches": 0, "covered_branches": 2, "missing_branches": 0, "percent_branches_covered": 100.0, "percent_branches_covered_display": "100.00"}, "missing_lines": [], "excluded_lines": [], "start_line": 1, "executed_branches": [[9, -7], [9, 10]], "missing_branches": []}, "": {"executed_lines": [1, 3, 7, 12], "summary": {"covered_lines": 4, "num_statements": 4, "percent_covered": 100.0, "percent_covered_display": "100.00", "missing_lines": 0, "excluded_lines": 0, "percent_statements_covered": 100.0, "percent_statements_covered_display": "100.00", "num_branches": 0, "num_partial_branches": 0, "covered_branches": 0, "missing_branches": 0, "percent_branches_covered": 100.0, "percent_branches_covered_display": "100.00"}, "missing_lines": [], "excluded_lines": [], "start_line": 1, "executed_branches": [], "missing_branches": []}}}, "src/agent/rag.py": {"executed_lines": [1, 3, 5, 6, 7, 8, 11, 12, 13, 15, 16, 18, 20, 28, 36, 41], "summary": {"covered_lines": 16, "num_statements": 31, "percent_covered": 42.22222222222222, "percent_covered_display": "42.22", "missing_lines": 15, "excluded_lines": 2, "percent_statements_covered": 51.61290322580645, "percent_statements_covered_display": "51.61", "num_branches": 14, "num_partial_branches": 3, "covered_branches": 3, "missing_branches": 11, "percent_branches_covered": 21.428571428571427, "percent_branches_covered_display": "21.43"}, "missing_lines": [21, 22, 23, 24, 25, 26, 29, 30, 31, 32, 33, 34, 37, 38, 39], "excluded_lines": [44, 45], "executed_branches": [[20, 28], [28, 36], [36, 41]], "missing_branches": [[20, 21], [21, 20], [21, 22], [22, 21], [22, 23], [28, 29], [29, 30], [29, 36], [30, 29], [30, 31], [36, 37]], "functions": {"initialiser_documentation": {"executed_lines": [12, 13, 15, 16, 18, 20, 28, 36, 41], "summary": {"covered_lines": 9, "num_statements": 24, "percent_covered": 31.57894736842105, "percent_covered_display": "31.58", "missing_lines": 15, "excluded_lines": 0, "percent_statements_covered": 37.5, "percent_statements_covered_display": "37.50", "num_branches": 14, "num_partial_branches": 3, "covered_branches": 3, "missing_branches": 11, "percent_branches_covered": 21.428571428571427, "percent_branches_covered_display": "21.43"}, "missing_lines": [21, 22, 23, 24, 25, 26, 29, 30, 31, 32, 33, 34, 37, 38, 39], "excluded_lines": [], "start_line": 11, "executed_branches": [[20, 28], [28, 36], [36, 41]], "missing_branches": [[20, 21], [21, 20], [21, 22], [22, 21], [22, 23], [28, 29], [29, 30], [29, 36], [30, 29], [30, 31], [36, 37]]}, "": {"executed_lines": [1, 3, 5, 6, 7, 8, 11], "summary": {"covered_lines": 7, "num_statements": 7, "percent_covered": 100.0, "percent_covered_display": "100.00", "missing_lines": 0, "excluded_lines": 2, "percent_statements_covered": 100.0, "percent_statements_covered_display": "100.00", "num_branches": 0, "num_partial_branches": 0, "covered_branches": 0, "missing_branches": 0, "percent_branches_covered": 100.0, "percent_branches_covered_display": "100.00"}, "missing_lines": [], "excluded_lines": [44, 45], "start_line": 1, "executed_branches": [], "missing_branches": []}}, "classes": {"": {"executed_lines": [1, 3, 5, 6, 7, 8, 11, 12, 13, 15, 16, 18, 20, 28, 36, 41], "summary": {"covered_lines": 16, "num_statements": 31, "percent_covered": 42.22222222222222, "percent_covered_display": "42.22", "missing_lines": 15, "excluded_lines": 2, "percent_statements_covered": 51.61290322580645, "percent_statements_covered_display": "51.61", "num_branches": 14, "num_partial_branches": 3, "covered_branches": 3, "missing_branches": 11, "percent_branches_covered": 21.428571428571427, "percent_branches_covered_display": "21.43"}, "missing_lines": [21, 22, 23, 24, 25, 26, 29, 30, 31, 32, 33, 34, 37, 38, 39], "excluded_lines": [44, 45], "start_line": 1, "executed_branches": [[20, 28], [28, 36], [36, 41]], "missing_branches": [[20, 21], [21, 20], [21, 22], [22, 21], [22, 23], [28, 29], [29, 30], [29, 36], [30, 29], [30, 31], [36, 37]]}}}, "src/agent/tools.py": {"executed_lines": [1, 2, 3, 4, 5, 6, 8, 9, 10, 13, 14, 15, 16, 17, 18, 21, 27, 28, 29, 32, 33, 34, 39, 40, 43, 47, 48, 49, 51, 52, 53, 56, 57, 59, 64, 65, 68, 69, 70, 72, 73, 79, 82, 83, 84, 86, 87, 90, 92, 95, 96, 98, 99, 100, 101, 103, 104, 105, 106, 109, 110, 111, 113, 120, 121, 122, 124, 125, 131, 132, 133, 138, 140, 141, 142, 143, 144, 145, 146, 148, 149, 150, 151, 152, 153, 154, 155, 156, 157, 160, 162, 163, 164, 165, 166, 167, 168, 172, 173, 174, 175, 176, 177, 178, 179, 181, 182, 184, 185, 187, 188, 189, 190, 191, 192, 193, 194, 196, 199, 201, 202, 203, 205, 208, 209, 214, 215, 216, 218, 219, 228, 229, 230], "summary": {"covered_lines": 133, "num_statements": 144, "percent_covered": 89.78494623655914, "percent_covered_display": "89.78", "missing_lines": 11, "excluded_lines": 0, "percent_statements_covered": 92.36111111111111, "percent_statements_covered_display": "92.36", "num_branches": 42, "num_partial_branches": 8, "covered_branches": 34, "missing_branches": 8, "percent_branches_covered": 80.95238095238095, "percent_branches_covered_display": "80.95"}, "missing_lines": [35, 36, 44, 54, 71, 85, 107, 169, 170, 204, 206], "excluded_lines": [], "executed_branches": [[51, 52], [51, 53], [53, 56], [56, 57], [56, 59], [70, 72], [84, 86], [98, 99], [98, 124], [103, 98], [103, 104], [106, 109], [121, 103], [121, 122], [145, 146], [145, 148], [152, 153], [152, 155], [174, 175], [174, 181], [176, 177], [176, 178], [178, 174], [178, 179], [184, 185], [184, 187], [188, 189], [188, 196], [190, 191], [193, 194], [203, 205], [205, 208], [215, 216], [215, 218]], "missing_branches": [[53, 54], [70, 71], [84, 85], [106, 107], [190, 192], [193, 188], [203, 204], [205, 206]], "functions": {"get_tool_policy": {"executed_lines": [40], "summary": {"covered_lines": 1, "num_statements": 1, "percent_covered": 100.0, "percent_covered_display": "100.00", "missing_lines": 0, "excluded_lines": 0, "percent_statements_covered": 100.0, "percent_statements_covered_display": "100.00", "num_branches": 0, "num_partial_branches": 0, "covered_branches": 0, "missing_branches": 0, "percent_branches_covered": 100.0, "percent_branches_covered_display": "100.00"}, "missing_lines": [], "excluded_lines": [], "start_line": 39, "executed_branches": [], "missing_branches": []}, "get_tool_policies": {"executed_lines": [], "summary": {"covered_lines": 0, "num_statements": 1, "percent_covered": 0.0, "percent_covered_display": "0.00", "missing_lines": 1, "excluded_lines": 0, "percent_statements_covered": 0.0, "percent_statements_covered_display": "0.00", "num_branches": 0, "num_partial_branches": 0, "covered_branches": 0, "missing_branches": 0, "percent_branches_covered": 100.0, "percent_branches_covered_display": "100.00"}, "missing_lines": [44], "excluded_lines": [], "start_line": 43, "executed_branches": [], "missing_branches": []}, "normaliser_argument_outil": {"executed_lines": [48, 49, 51, 52, 53, 56, 57, 59], "summary": {"covered_lines": 8, "num_statements": 9, "percent_covered": 86.66666666666667, "percent_covered_display": "86.67", "missing_lines": 1, "excluded_lines": 0, "percent_statements_covered": 88.88888888888889, "percent_statements_covered_display": "88.89", "num_branches": 6, "num_partial_branches": 1, "covered_branches": 5, "missing_branches": 1, "percent_branches_covered": 83.33333333333333, "percent_branches_covered_display": "83.33"}, "missing_lines": [54], "excluded_lines": [], "start_line": 47, "executed_branches": [[51, 52], [51, 53], [53, 56], [56, 57], [56, 59]], "missing_branches": [[53, 54]]}, "_tokenize_query": {"executed_lines": [65], "summary": {"covered_lines": 1, "num_statements": 1, "percent_covered": 100.0, "percent_covered_display": "100.00", "missing_lines": 0, "excluded_lines": 0, "percent_statements_covered": 100.0, "percent_statements_covered_display": "100.00", "num_branches": 0, "num_partial_branches": 0, "covered_branches": 0, "missing_branches": 0, "percent_branches_covered": 100.0, "percent_branches_covered_display": "100.00"}, "missing_lines": [], "excluded_lines": [], "start_line": 64, "executed_branches": [], "missing_branches": []}, "_generate_query_variants": {"executed_lines": [69, 70, 72, 73, 79], "summary": {"covered_lines": 5, "num_statements": 6, "percent_covered": 75.0, "percent_covered_display": "75.00", "missing_lines": 1, "excluded_lines": 0, "percent_statements_covered": 83.33333333333333, "percent_statements_covered_display": "83.33", "num_branches": 2, "num_partial_branches": 1, "covered_branches": 1, "missing_branches": 1, "percent_branches_covered": 50.0, "percent_branches_covered_display": "50.00"}, "missing_lines": [71], "excluded_lines": [], "start_line": 68, "executed_branches": [[70, 72]], "missing_branches": [[70, 71]]}, "_lexical_overlap_score": {"executed_lines": [83, 84, 86, 87], "summary": {"covered_lines": 4, "num_statements": 5, "percent_covered": 71.42857142857143, "percent_covered_display": "71.43", "missing_lines": 1, "excluded_lines": 0, "percent_statements_covered": 80.0, "percent_statements_covered_display": "80.00", "num_branches": 2, "num_partial_branches": 1, "covered_branches": 1, "missing_branches": 1, "percent_branches_covered": 50.0, "percent_branches_covered_display": "50.00"}, "missing_lines": [85], "excluded_lines": [], "start_line": 82, "executed_branches": [[84, 86]], "missing_branches": [[84, 85]]}, "_unwrap_chroma_list": {"executed_lines": [92], "summary": {"covered_lines": 1, "num_statements": 1, "percent_covered": 100.0, "percent_covered_display": "100.00", "missing_lines": 0, "excluded_lines": 0, "percent_statements_covered": 100.0, "percent_statements_covered_display": "100.00", "num_branches": 0, "num_partial_branches": 0, "covered_branches": 0, "missing_branches": 0, "percent_branches_covered": 100.0, "percent_branches_covered_display": "100.00"}, "missing_lines": [], "excluded_lines": [], "start_line": 90, "executed_branches": [], "missing_branches": []}, "_rerank_hybrid_candidates": {"executed_lines": [96, 98, 99, 100, 101, 103, 104, 105, 106, 109, 110, 111, 113, 120, 121, 122, 124, 125], "summary": {"covered_lines": 18, "num_statements": 19, "percent_covered": 92.5925925925926, "percent_covered_display": "92.59", "missing_lines": 1, "excluded_lines": 0, "percent_statements_covered": 94.73684210526316, "percent_statements_covered_display": "94.74", "num_branches": 8, "num_partial_branches": 1, "covered_branches": 7, "missing_branches": 1, "percent_branches_covered": 87.5, "percent_branches_covered_display": "87.50"}, "missing_lines": [107], "excluded_lines": [], "start_line": 95, "executed_branches": [[98, 99], [98, 124], [103, 98], [103, 104], [106, 109], [121, 103], [121, 122]], "missing_branches": [[106, 107]]}, "_extract_snippet": {"executed_lines": [132, 133], "summary": {"covered_lines": 2, "num_statements": 2, "percent_covered": 100.0, "percent_covered_display": "100.00", "missing_lines": 0, "excluded_lines": 0, "percent_statements_covered": 100.0, "percent_statements_covered_display": "100.00", "num_branches": 0, "num_partial_branches": 0, "covered_branches": 0, "missing_branches": 0, "percent_branches_covered": 100.0, "percent_branches_covered_display": "100.00"}, "missing_lines": [], "excluded_lines": [], "start_line": 131, "executed_branches": [], "missing_branches": []}, "verifier_statut_serveur": {"executed_lines": [140, 141, 142, 143, 144, 145, 146, 148, 149, 150, 151, 152, 153, 154, 155, 156, 157], "summary": {"covered_lines": 17, "num_statements": 17, "percent_covered": 100.0, "percent_covered_display": "100.00", "missing_lines": 0, "excluded_lines": 0, "percent_statements_covered": 100.0, "percent_statements_covered_display": "100.00", "num_branches": 4, "num_partial_branches": 0, "covered_branches": 4, "missing_branches": 0, "percent_branches_covered": 100.0, "percent_branches_covered_display": "100.00"}, "missing_lines": [], "excluded_lines": [], "start_line": 138, "executed_branches": [[145, 146], [145, 148], [152, 153], [152, 155]], "missing_branches": []}, "chercher_dans_kb": {"executed_lines": [162, 163, 164, 165, 166, 167, 168, 172, 173, 174, 175, 176, 177, 178, 179, 181, 182, 184, 185, 187, 188, 189, 190, 191, 192, 193, 194, 196], "summary": {"covered_lines": 28, "num_statements": 30, "percent_covered": 90.9090909090909, "percent_covered_display": "90.91", "missing_lines": 2, "excluded_lines": 0, "percent_statements_covered": 93.33333333333333, "percent_statements_covered_display": "93.33", "num_branches": 14, "num_partial_branches": 2, "covered_branches": 12, "missing_branches": 2, "percent_branches_covered": 85.71428571428571, "percent_branches_covered_display": "85.71"}, "missing_lines": [169, 170], "excluded_lines": [], "start_line": 160, "executed_branches": [[174, 175], [174, 181], [176, 177], [176, 178], [178, 174], [178, 179], [184, 185], [184, 187], [188, 189], [188, 196], [190, 191], [193, 194]], "missing_branches": [[190, 192], [193, 188]]}, "chercher_documentation_technique": {"executed_lines": [201, 202, 203, 205, 208, 209, 214, 215, 216, 218, 219, 228, 229, 230], "summary": {"covered_lines": 14, "num_statements": 16, "percent_covered": 81.81818181818181, "percent_covered_display": "81.82", "missing_lines": 2, "excluded_lines": 0, "percent_statements_covered": 87.5, "percent_statements_covered_display": "87.50", "num_branches": 6, "num_partial_branches": 2, "covered_branches": 4, "missing_branches": 2, "percent_branches_covered": 66.66666666666667, "percent_branches_covered_display": "66.67"}, "missing_lines": [204, 206], "excluded_lines": [], "start_line": 199, "executed_branches": [[203, 205], [205, 208], [215, 216], [215, 218]], "missing_branches": [[203, 204], [205, 206]]}, "": {"executed_lines": [1, 2, 3, 4, 5, 6, 8, 9, 10, 13, 14, 15, 16, 17, 18, 21, 27, 28, 29, 32, 33, 34, 39, 43, 47, 64, 68, 82, 90, 95, 131, 138, 160, 199], "summary": {"covered_lines": 34, "num_statements": 36, "percent_covered": 94.44444444444444, "percent_covered_display": "94.44", "missing_lines": 2, "excluded_lines": 0, "percent_statements_covered": 94.44444444444444, "percent_statements_covered_display": "94.44", "num_branches": 0, "num_partial_branches": 0, "covered_branches": 0, "missing_branches": 0, "percent_branches_covered": 100.0, "percent_branches_covered_display": "100.00"}, "missing_lines": [35, 36], "excluded_lines": [], "start_line": 1, "executed_branches": [], "missing_branches": []}}, "classes": {"ToolPolicy": {"executed_lines": [], "summary": {"covered_lines": 0, "num_statements": 0, "percent_covered": 100.0, "percent_covered_display": "100.00", "missing_lines": 0, "excluded_lines": 0, "percent_statements_covered": 100.0, "percent_statements_covered_display": "100.00", "num_branches": 0, "num_partial_branches": 0, "covered_branches": 0, "missing_branches": 0, "percent_branches_covered": 100.0, "percent_branches_covered_display": "100.00"}, "missing_lines": [], "excluded_lines": [], "start_line": 14, "executed_branches": [], "missing_branches": []}, "": {"executed_lines": [1, 2, 3, 4, 5, 6, 8, 9, 10, 13, 14, 15, 16, 17, 18, 21, 27, 28, 29, 32, 33, 34, 39, 40, 43, 47, 48, 49, 51, 52, 53, 56, 57, 59, 64, 65, 68, 69, 70, 72, 73, 79, 82, 83, 84, 86, 87, 90, 92, 95, 96, 98, 99, 100, 101, 103, 104, 105, 106, 109, 110, 111, 113, 120, 121, 122, 124, 125, 131, 132, 133, 138, 140, 141, 142, 143, 144, 145, 146, 148, 149, 150, 151, 152, 153, 154, 155, 156, 157, 160, 162, 163, 164, 165, 166, 167, 168, 172, 173, 174, 175, 176, 177, 178, 179, 181, 182, 184, 185, 187, 188, 189, 190, 191, 192, 193, 194, 196, 199, 201, 202, 203, 205, 208, 209, 214, 215, 216, 218, 219, 228, 229, 230], "summary": {"covered_lines": 133, "num_statements": 144, "percent_covered": 89.78494623655914, "percent_covered_display": "89.78", "missing_lines": 11, "excluded_lines": 0, "percent_statements_covered": 92.36111111111111, "percent_statements_covered_display": "92.36", "num_branches": 42, "num_partial_branches": 8, "covered_branches": 34, "missing_branches": 8, "percent_branches_covered": 80.95238095238095, "percent_branches_covered_display": "80.95"}, "missing_lines": [35, 36, 44, 54, 71, 85, 107, 169, 170, 204, 206], "excluded_lines": [], "start_line": 1, "executed_branches": [[51, 52], [51, 53], [53, 56], [56, 57], [56, 59], [70, 72], [84, 86], [98, 99], [98, 124], [103, 98], [103, 104], [106, 109], [121, 103], [121, 122], [145, 146], [145, 148], [152, 153], [152, 155], [174, 175], [174, 181], [176, 177], [176, 178], [178, 174], [178, 179], [184, 185], [184, 187], [188, 189], [188, 196], [190, 191], [193, 194], [203, 205], [205, 208], [215, 216], [215, 218]], "missing_branches": [[53, 54], [70, 71], [84, 85], [106, 107], [190, 192], [193, 188], [203, 204], [205, 206]]}}}, "src/bibops/__init__.py": {"executed_lines": [], "summary": {"covered_lines": 0, "num_statements": 0, "percent_covered": 100.0, "percent_covered_display": "100.00", "missing_lines": 0, "excluded_lines": 0, "percent_statements_covered": 100.0, "percent_statements_covered_display": "100.00", "num_branches": 0, "num_partial_branches": 0, "covered_branches": 0, "missing_branches": 0, "percent_branches_covered": 100.0, "percent_branches_covered_display": "100.00"}, "missing_lines": [], "excluded_lines": [], "executed_branches": [], "missing_branches": [], "functions": {"": {"executed_lines": [], "summary": {"covered_lines": 0, "num_statements": 0, "percent_covered": 100.0, "percent_covered_display": "100.00", "missing_lines": 0, "excluded_lines": 0, "percent_statements_covered": 100.0, "percent_statements_covered_display": "100.00", "num_branches": 0, "num_partial_branches": 0, "covered_branches": 0, "missing_branches": 0, "percent_branches_covered": 100.0, "percent_branches_covered_display": "100.00"}, "missing_lines": [], "excluded_lines": [], "start_line": 1, "executed_branches": [], "missing_branches": []}}, "classes": {"": {"executed_lines": [], "summary": {"covered_lines": 0, "num_statements": 0, "percent_covered": 100.0, "percent_covered_display": "100.00", "missing_lines": 0, "excluded_lines": 0, "percent_statements_covered": 100.0, "percent_statements_covered_display": "100.00", "num_branches": 0, "num_partial_branches": 0, "covered_branches": 0, "missing_branches": 0, "percent_branches_covered": 100.0, "percent_branches_covered_display": "100.00"}, "missing_lines": [], "excluded_lines": [], "start_line": 1, "executed_branches": [], "missing_branches": []}}}, "src/bibops/adapters/__init__.py": {"executed_lines": [3, 4, 6], "summary": {"covered_lines": 3, "num_statements": 3, "percent_covered": 100.0, "percent_covered_display": "100.00", "missing_lines": 0, "excluded_lines": 0, "percent_statements_covered": 100.0, "percent_statements_covered_display": "100.00", "num_branches": 0, "num_partial_branches": 0, "covered_branches": 0, "missing_branches": 0, "percent_branches_covered": 100.0, "percent_branches_covered_display": "100.00"}, "missing_lines": [], "excluded_lines": [], "executed_branches": [], "missing_branches": [], "functions": {"": {"executed_lines": [3, 4, 6], "summary": {"covered_lines": 3, "num_statements": 3, "percent_covered": 100.0, "percent_covered_display": "100.00", "missing_lines": 0, "excluded_lines": 0, "percent_statements_covered": 100.0, "percent_statements_covered_display": "100.00", "num_branches": 0, "num_partial_branches": 0, "covered_branches": 0, "missing_branches": 0, "percent_branches_covered": 100.0, "percent_branches_covered_display": "100.00"}, "missing_lines": [], "excluded_lines": [], "start_line": 1, "executed_branches": [], "missing_branches": []}}, "classes": {"": {"executed_lines": [3, 4, 6], "summary": {"covered_lines": 3, "num_statements": 3, "percent_covered": 100.0, "percent_covered_display": "100.00", "missing_lines": 0, "excluded_lines": 0, "percent_statements_covered": 100.0, "percent_statements_covered_display": "100.00", "num_branches": 0, "num_partial_branches": 0, "covered_branches": 0, "missing_branches": 0, "percent_branches_covered": 100.0, "percent_branches_covered_display": "100.00"}, "missing_lines": [], "excluded_lines": [], "start_line": 1, "executed_branches": [], "missing_branches": []}}}, "src/bibops/adapters/a2a.py": {"executed_lines": [18, 20, 21, 23, 25, 35, 36, 37, 40, 43, 45, 56, 57, 58, 59, 60, 61, 62, 63, 65, 66, 68, 69, 73, 74, 76, 77, 78, 79, 86, 88, 89, 99, 100, 111, 112, 113, 114, 115, 120, 121, 122, 123, 124, 125, 127, 129, 130, 132, 133], "summary": {"covered_lines": 50, "num_statements": 51, "percent_covered": 96.82539682539682, "percent_covered_display": "96.83", "missing_lines": 1, "excluded_lines": 0, "percent_statements_covered": 98.03921568627452, "percent_statements_covered_display": "98.04", "num_branches": 12, "num_partial_branches": 1, "covered_branches": 11, "missing_branches": 1, "percent_branches_covered": 91.66666666666667, "percent_branches_covered_display": "91.67"}, "missing_lines": [67], "excluded_lines": [], "executed_branches": [[66, 68], [68, 69], [68, 73], [88, 89], [88, 99], [120, 121], [120, 127], [122, 123], [122, 124], [124, 120], [124, 125]], "missing_branches": [[66, 67]], "functions": {"_is_rate_limited": {"executed_lines": [36, 37], "summary": {"covered_lines": 2, "num_statements": 2, "percent_covered": 100.0, "percent_covered_display": "100.00", "missing_lines": 0, "excluded_lines": 0, "percent_statements_covered": 100.0, "percent_statements_covered_display": "100.00", "num_branches": 0, "num_partial_branches": 0, "covered_branches": 0, "missing_branches": 0, "percent_branches_covered": 100.0, "percent_branches_covered_display": "100.00"}, "missing_lines": [], "excluded_lines": [], "start_line": 35, "executed_branches": [], "missing_branches": []}, "A2AAdapter.__init__": {"executed_lines": [56, 57, 58, 59, 60, 61, 62, 63], "summary": {"covered_lines": 8, "num_statements": 8, "percent_covered": 100.0, "percent_covered_display": "100.00", "missing_lines": 0, "excluded_lines": 0, "percent_statements_covered": 100.0, "percent_statements_covered_display": "100.00", "num_branches": 0, "num_partial_branches": 0, "covered_branches": 0, "missing_branches": 0, "percent_branches_covered": 100.0, "percent_branches_covered_display": "100.00"}, "missing_lines": [], "excluded_lines": [], "start_line": 45, "executed_branches": [], "missing_branches": []}, "A2AAdapter._ensure_discovered": {"executed_lines": [66, 68, 69, 73, 74], "summary": {"covered_lines": 5, "num_statements": 6, "percent_covered": 80.0, "percent_covered_display": "80.00", "missing_lines": 1, "excluded_lines": 0, "percent_statements_covered": 83.33333333333333, "percent_statements_covered_display": "83.33", "num_branches": 4, "num_partial_branches": 1, "covered_branches": 3, "missing_branches": 1, "percent_branches_covered": 75.0, "percent_branches_covered_display": "75.00"}, "missing_lines": [67], "excluded_lines": [], "start_line": 65, "executed_branches": [[66, 68], [68, 69], [68, 73]], "missing_branches": [[66, 67]]}, "A2AAdapter._send_once": {"executed_lines": [77, 78, 79, 86, 88, 89, 99, 100], "summary": {"covered_lines": 8, "num_statements": 8, "percent_covered": 100.0, "percent_covered_display": "100.00", "missing_lines": 0, "excluded_lines": 0, "percent_statements_covered": 100.0, "percent_statements_covered_display": "100.00", "num_branches": 2, "num_partial_branches": 0, "covered_branches": 2, "missing_branches": 0, "percent_branches_covered": 100.0, "percent_branches_covered_display": "100.00"}, "missing_lines": [], "excluded_lines": [], "start_line": 76, "executed_branches": [[88, 89], [88, 99]], "missing_branches": []}, "A2AAdapter.query": {"executed_lines": [112, 113, 114, 115, 120, 121, 122, 123, 124, 125, 127], "summary": {"covered_lines": 11, "num_statements": 11, "percent_covered": 100.0, "percent_covered_display": "100.00", "missing_lines": 0, "excluded_lines": 0, "percent_statements_covered": 100.0, "percent_statements_covered_display": "100.00", "num_branches": 6, "num_partial_branches": 0, "covered_branches": 6, "missing_branches": 0, "percent_branches_covered": 100.0, "percent_branches_covered_display": "100.00"}, "missing_lines": [], "excluded_lines": [], "start_line": 111, "executed_branches": [[120, 121], [120, 127], [122, 123], [122, 124], [124, 120], [124, 125]], "missing_branches": []}, "A2AAdapter.warmup": {"executed_lines": [130], "summary": {"covered_lines": 1, "num_statements": 1, "percent_covered": 100.0, "percent_covered_display": "100.00", "missing_lines": 0, "excluded_lines": 0, "percent_statements_covered": 100.0, "percent_statements_covered_display": "100.00", "num_branches": 0, "num_partial_branches": 0, "covered_branches": 0, "missing_branches": 0, "percent_branches_covered": 100.0, "percent_branches_covered_display": "100.00"}, "missing_lines": [], "excluded_lines": [], "start_line": 129, "executed_branches": [], "missing_branches": []}, "A2AAdapter.teardown": {"executed_lines": [133], "summary": {"covered_lines": 1, "num_statements": 1, "percent_covered": 100.0, "percent_covered_display": "100.00", "missing_lines": 0, "excluded_lines": 0, "percent_statements_covered": 100.0, "percent_statements_covered_display": "100.00", "num_branches": 0, "num_partial_branches": 0, "covered_branches": 0, "missing_branches": 0, "percent_branches_covered": 100.0, "percent_branches_covered_display": "100.00"}, "missing_lines": [], "excluded_lines": [], "start_line": 132, "executed_branches": [], "missing_branches": []}, "": {"executed_lines": [18, 20, 21, 23, 25, 35, 40, 43, 45, 65, 76, 111, 129, 132], "summary": {"covered_lines": 14, "num_statements": 14, "percent_covered": 100.0, "percent_covered_display": "100.00", "missing_lines": 0, "excluded_lines": 0, "percent_statements_covered": 100.0, "percent_statements_covered_display": "100.00", "num_branches": 0, "num_partial_branches": 0, "covered_branches": 0, "missing_branches": 0, "percent_branches_covered": 100.0, "percent_branches_covered_display": "100.00"}, "missing_lines": [], "excluded_lines": [], "start_line": 1, "executed_branches": [], "missing_branches": []}}, "classes": {"A2AAdapter": {"executed_lines": [56, 57, 58, 59, 60, 61, 62, 63, 66, 68, 69, 73, 74, 77, 78, 79, 86, 88, 89, 99, 100, 112, 113, 114, 115, 120, 121, 122, 123, 124, 125, 127, 130, 133], "summary": {"covered_lines": 34, "num_statements": 35, "percent_covered": 95.74468085106383, "percent_covered_display": "95.74", "missing_lines": 1, "excluded_lines": 0, "percent_statements_covered": 97.14285714285714, "percent_statements_covered_display": "97.14", "num_branches": 12, "num_partial_branches": 1, "covered_branches": 11, "missing_branches": 1, "percent_branches_covered": 91.66666666666667, "percent_branches_covered_display": "91.67"}, "missing_lines": [67], "excluded_lines": [], "start_line": 40, "executed_branches": [[66, 68], [68, 69], [68, 73], [88, 89], [88, 99], [120, 121], [120, 127], [122, 123], [122, 124], [124, 120], [124, 125]], "missing_branches": [[66, 67]]}, "": {"executed_lines": [18, 20, 21, 23, 25, 35, 36, 37, 40, 43, 45, 65, 76, 111, 129, 132], "summary": {"covered_lines": 16, "num_statements": 16, "percent_covered": 100.0, "percent_covered_display": "100.00", "missing_lines": 0, "excluded_lines": 0, "percent_statements_covered": 100.0, "percent_statements_covered_display": "100.00", "num_branches": 0, "num_partial_branches": 0, "covered_branches": 0, "missing_branches": 0, "percent_branches_covered": 100.0, "percent_branches_covered_display": "100.00"}, "missing_lines": [], "excluded_lines": [], "start_line": 1, "executed_branches": [], "missing_branches": []}}}, "src/bibops/adapters/a2a_client.py": {"executed_lines": [3, 5, 6, 7, 8, 9, 10, 11, 12, 14, 15, 16, 19, 23, 24, 27, 28, 29, 30, 31, 32, 33, 34, 35, 36, 37, 39, 43, 44, 47, 48, 49, 50, 51, 52, 53, 55, 59, 60, 63, 64, 65, 66, 67, 68, 69, 70, 72, 76, 77, 78, 80, 83, 84, 85, 91, 92, 93, 94, 95, 97, 100, 101, 102, 103, 104, 105, 106, 107, 109, 114, 117, 118, 119, 120, 121, 122, 128, 129, 130, 133, 134, 135, 138, 139, 140, 141, 142, 143, 145, 146, 149, 150, 151, 157, 158, 159, 160, 163, 165, 166, 167, 168, 169, 170, 171, 172, 173, 174, 175, 176, 189, 190, 191, 193, 196, 197, 198, 199, 202, 203, 204, 205, 206, 210, 212, 213, 214, 216, 225, 226, 227, 228, 229, 231, 232, 233, 234, 235, 236, 237, 238, 240, 241, 244, 247, 249, 270, 288, 300, 314, 339, 367, 401, 410, 411, 424, 425, 426, 427, 434, 435, 436, 437, 438, 439, 440, 448, 449, 450, 461, 463, 464, 465, 466, 468, 469, 470, 471, 472, 473, 474, 479, 482, 484, 485, 486, 487, 488, 489, 503, 506, 520, 521, 534, 535, 536, 537, 538, 546, 547, 548, 550, 551, 553, 554, 555, 556], "summary": {"covered_lines": 208, "num_statements": 301, "percent_covered": 61.89376443418014, "percent_covered_display": "61.89", "missing_lines": 93, "excluded_lines": 0, "percent_statements_covered": 69.1029900332226, "percent_statements_covered_display": "69.10", "num_branches": 132, "num_partial_branches": 18, "covered_branches": 60, "missing_branches": 72, "percent_branches_covered": 45.45454545454545, "percent_branches_covered_display": "45.45"}, "missing_lines": [40, 56, 73, 79, 96, 108, 110, 111, 112, 113, 123, 124, 125, 126, 127, 144, 152, 153, 154, 155, 207, 295, 296, 297, 298, 301, 316, 317, 318, 319, 320, 321, 322, 323, 324, 325, 326, 327, 328, 329, 330, 331, 332, 333, 334, 335, 336, 337, 341, 342, 343, 345, 346, 347, 349, 350, 351, 353, 356, 357, 358, 361, 362, 363, 365, 379, 380, 381, 388, 389, 390, 391, 392, 393, 467, 476, 477, 478, 491, 492, 493, 494, 495, 496, 498, 499, 500, 501, 502, 549, 565, 566, 567], "excluded_lines": [], "executed_branches": [[78, 80], [95, 97], [101, 102], [101, 109], [102, 103], [102, 105], [103, 102], [103, 104], [105, 106], [105, 109], [107, 105], [109, 114], [120, 121], [121, 122], [121, 130], [122, 128], [128, 129], [139, 140], [139, 141], [143, 145], [151, 157], [158, 159], [158, 160], [166, 167], [166, 193], [197, 198], [197, 199], [203, 204], [205, 206], [213, 214], [213, 216], [226, 227], [226, 231], [227, 228], [227, 231], [228, 229], [232, 233], [232, 240], [233, 234], [233, 235], [235, 232], [235, 236], [237, 238], [240, 241], [240, 244], [437, 438], [437, 439], [464, 465], [464, 479], [466, 468], [469, 470], [469, 471], [473, 474], [485, 486], [485, 503], [487, 488], [547, 548], [547, 553], [548, 550], [550, 551]], "missing_branches": [[78, 79], [95, 96], [107, 108], [109, 110], [110, 111], [110, 114], [112, 110], [112, 113], [120, 130], [122, 123], [124, 125], [124, 126], [126, 121], [126, 127], [128, 121], [143, 144], [151, 152], [153, 154], [153, 155], [203, 207], [205, 207], [228, 227], [237, 235], [316, 317], [316, 335], [317, 318], [317, 329], [319, 317], [319, 320], [321, 322], [321, 327], [322, 321], [322, 323], [323, 324], [323, 325], [325, 321], [325, 326], [327, 317], [327, 328], [329, 330], [329, 335], [331, 329], [331, 332], [333, 329], [333, 334], [335, 336], [335, 337], [342, 343], [342, 345], [346, 347], [346, 349], [350, 351], [350, 353], [356, 357], [356, 361], [361, 362], [361, 365], [362, 361], [362, 363], [466, 467], [473, 476], [487, 491], [492, 493], [492, 498], [494, 495], [494, 498], [498, 485], [498, 499], [500, 498], [500, 501], [548, 549], [550, 547]], "functions": {"A2AAgentInfo.to_dict": {"executed_lines": [], "summary": {"covered_lines": 0, "num_statements": 1, "percent_covered": 0.0, "percent_covered_display": "0.00", "missing_lines": 1, "excluded_lines": 0, "percent_statements_covered": 0.0, "percent_statements_covered_display": "0.00", "num_branches": 0, "num_partial_branches": 0, "covered_branches": 0, "missing_branches": 0, "percent_branches_covered": 100.0, "percent_branches_covered_display": "100.00"}, "missing_lines": [40], "excluded_lines": [], "start_line": 39, "executed_branches": [], "missing_branches": []}, "A2AAgentResult.to_dict": {"executed_lines": [], "summary": {"covered_lines": 0, "num_statements": 1, "percent_covered": 0.0, "percent_covered_display": "0.00", "missing_lines": 1, "excluded_lines": 0, "percent_statements_covered": 0.0, "percent_statements_covered_display": "0.00", "num_branches": 0, "num_partial_branches": 0, "covered_branches": 0, "missing_branches": 0, "percent_branches_covered": 100.0, "percent_branches_covered_display": "100.00"}, "missing_lines": [56], "excluded_lines": [], "start_line": 55, "executed_branches": [], "missing_branches": []}, "A2AStreamResult.to_dict": {"executed_lines": [], "summary": {"covered_lines": 0, "num_statements": 1, "percent_covered": 0.0, "percent_covered_display": "0.00", "missing_lines": 1, "excluded_lines": 0, "percent_statements_covered": 0.0, "percent_statements_covered_display": "0.00", "num_branches": 0, "num_partial_branches": 0, "covered_branches": 0, "missing_branches": 0, "percent_branches_covered": 100.0, "percent_branches_covered_display": "100.00"}, "missing_lines": [73], "excluded_lines": [], "start_line": 72, "executed_branches": [], "missing_branches": []}, "_clean_base_url": {"executed_lines": [77, 78, 80], "summary": {"covered_lines": 3, "num_statements": 4, "percent_covered": 66.66666666666667, "percent_covered_display": "66.67", "missing_lines": 1, "excluded_lines": 0, "percent_statements_covered": 75.0, "percent_statements_covered_display": "75.00", "num_branches": 2, "num_partial_branches": 1, "covered_branches": 1, "missing_branches": 1, "percent_branches_covered": 50.0, "percent_branches_covered_display": "50.00"}, "missing_lines": [79], "excluded_lines": [], "start_line": 76, "executed_branches": [[78, 80]], "missing_branches": [[78, 79]]}, "_card_candidates": {"executed_lines": [84, 85], "summary": {"covered_lines": 2, "num_statements": 2, "percent_covered": 100.0, "percent_covered_display": "100.00", "missing_lines": 0, "excluded_lines": 0, "percent_statements_covered": 100.0, "percent_statements_covered_display": "100.00", "num_branches": 0, "num_partial_branches": 0, "covered_branches": 0, "missing_branches": 0, "percent_branches_covered": 100.0, "percent_branches_covered_display": "100.00"}, "missing_lines": [], "excluded_lines": [], "start_line": 83, "executed_branches": [], "missing_branches": []}, "_fetch_json": {"executed_lines": [92, 93, 94, 95, 97], "summary": {"covered_lines": 5, "num_statements": 6, "percent_covered": 75.0, "percent_covered_display": "75.00", "missing_lines": 1, "excluded_lines": 0, "percent_statements_covered": 83.33333333333333, "percent_statements_covered_display": "83.33", "num_branches": 2, "num_partial_branches": 1, "covered_branches": 1, "missing_branches": 1, "percent_branches_covered": 50.0, "percent_branches_covered_display": "50.00"}, "missing_lines": [96], "excluded_lines": [], "start_line": 91, "executed_branches": [[95, 97]], "missing_branches": [[95, 96]]}, "_find_first_key": {"executed_lines": [101, 102, 103, 104, 105, 106, 107, 109, 114], "summary": {"covered_lines": 9, "num_statements": 14, "percent_covered": 63.333333333333336, "percent_covered_display": "63.33", "missing_lines": 5, "excluded_lines": 0, "percent_statements_covered": 64.28571428571429, "percent_statements_covered_display": "64.29", "num_branches": 16, "num_partial_branches": 2, "covered_branches": 10, "missing_branches": 6, "percent_branches_covered": 62.5, "percent_branches_covered_display": "62.50"}, "missing_lines": [108, 110, 111, 112, 113], "excluded_lines": [], "start_line": 100, "executed_branches": [[101, 102], [101, 109], [102, 103], [102, 105], [103, 102], [103, 104], [105, 106], [105, 109], [107, 105], [109, 114]], "missing_branches": [[107, 108], [109, 110], [110, 111], [110, 114], [112, 110], [112, 113]]}, "_extract_skills": {"executed_lines": [118, 119, 120, 121, 122, 128, 129, 130], "summary": {"covered_lines": 8, "num_statements": 13, "percent_covered": 52.0, "percent_covered_display": "52.00", "missing_lines": 5, "excluded_lines": 0, "percent_statements_covered": 61.53846153846154, "percent_statements_covered_display": "61.54", "num_branches": 12, "num_partial_branches": 3, "covered_branches": 5, "missing_branches": 7, "percent_branches_covered": 41.666666666666664, "percent_branches_covered_display": "41.67"}, "missing_lines": [123, 124, 125, 126, 127], "excluded_lines": [], "start_line": 117, "executed_branches": [[120, 121], [121, 122], [121, 130], [122, 128], [128, 129]], "missing_branches": [[120, 130], [122, 123], [124, 125], [124, 126], [126, 121], [126, 127], [128, 121]]}, "_extract_capabilities": {"executed_lines": [134, 135], "summary": {"covered_lines": 2, "num_statements": 2, "percent_covered": 100.0, "percent_covered_display": "100.00", "missing_lines": 0, "excluded_lines": 0, "percent_statements_covered": 100.0, "percent_statements_covered_display": "100.00", "num_branches": 0, "num_partial_branches": 0, "covered_branches": 0, "missing_branches": 0, "percent_branches_covered": 100.0, "percent_branches_covered_display": "100.00"}, "missing_lines": [], "excluded_lines": [], "start_line": 133, "executed_branches": [], "missing_branches": []}, "_is_revealed": {"executed_lines": [139, 140, 141, 142, 143, 145, 146], "summary": {"covered_lines": 7, "num_statements": 8, "percent_covered": 83.33333333333333, "percent_covered_display": "83.33", "missing_lines": 1, "excluded_lines": 0, "percent_statements_covered": 87.5, "percent_statements_covered_display": "87.50", "num_branches": 4, "num_partial_branches": 1, "covered_branches": 3, "missing_branches": 1, "percent_branches_covered": 75.0, "percent_branches_covered_display": "75.00"}, "missing_lines": [144], "excluded_lines": [], "start_line": 138, "executed_branches": [[139, 140], [139, 141], [143, 145]], "missing_branches": [[143, 144]]}, "_resolve_rpc_url": {"executed_lines": [150, 151, 157, 158, 159, 160], "summary": {"covered_lines": 6, "num_statements": 10, "percent_covered": 56.25, "percent_covered_display": "56.25", "missing_lines": 4, "excluded_lines": 0, "percent_statements_covered": 60.0, "percent_statements_covered_display": "60.00", "num_branches": 6, "num_partial_branches": 1, "covered_branches": 3, "missing_branches": 3, "percent_branches_covered": 50.0, "percent_branches_covered_display": "50.00"}, "missing_lines": [152, 153, 154, 155], "excluded_lines": [], "start_line": 149, "executed_branches": [[151, 157], [158, 159], [158, 160]], "missing_branches": [[151, 152], [153, 154], [153, 155]]}, "discover_agent": {"executed_lines": [165, 166, 167, 168, 169, 170, 171, 172, 173, 174, 175, 176, 189, 190, 191, 193], "summary": {"covered_lines": 16, "num_statements": 16, "percent_covered": 100.0, "percent_covered_display": "100.00", "missing_lines": 0, "excluded_lines": 0, "percent_statements_covered": 100.0, "percent_statements_covered_display": "100.00", "num_branches": 2, "num_partial_branches": 0, "covered_branches": 2, "missing_branches": 0, "percent_branches_covered": 100.0, "percent_branches_covered_display": "100.00"}, "missing_lines": [], "excluded_lines": [], "start_line": 163, "executed_branches": [[166, 167], [166, 193]], "missing_branches": []}, "_message_parts": {"executed_lines": [197, 198, 199], "summary": {"covered_lines": 3, "num_statements": 3, "percent_covered": 100.0, "percent_covered_display": "100.00", "missing_lines": 0, "excluded_lines": 0, "percent_statements_covered": 100.0, "percent_statements_covered_display": "100.00", "num_branches": 2, "num_partial_branches": 0, "covered_branches": 2, "missing_branches": 0, "percent_branches_covered": 100.0, "percent_branches_covered_display": "100.00"}, "missing_lines": [], "excluded_lines": [], "start_line": 196, "executed_branches": [[197, 198], [197, 199]], "missing_branches": []}, "_extract_text_from_part": {"executed_lines": [203, 204, 205, 206], "summary": {"covered_lines": 4, "num_statements": 5, "percent_covered": 66.66666666666667, "percent_covered_display": "66.67", "missing_lines": 1, "excluded_lines": 0, "percent_statements_covered": 80.0, "percent_statements_covered_display": "80.00", "num_branches": 4, "num_partial_branches": 2, "covered_branches": 2, "missing_branches": 2, "percent_branches_covered": 50.0, "percent_branches_covered_display": "50.00"}, "missing_lines": [207], "excluded_lines": [], "start_line": 202, "executed_branches": [[203, 204], [205, 206]], "missing_branches": [[203, 207], [205, 207]]}, "extract_text_from_response": {"executed_lines": [212, 213, 214, 216, 225, 226, 227, 228, 229, 231, 232, 233, 234, 235, 236, 237, 238, 240, 241, 244], "summary": {"covered_lines": 20, "num_statements": 20, "percent_covered": 94.73684210526316, "percent_covered_display": "94.74", "missing_lines": 0, "excluded_lines": 0, "percent_statements_covered": 100.0, "percent_statements_covered_display": "100.00", "num_branches": 18, "num_partial_branches": 2, "covered_branches": 16, "missing_branches": 2, "percent_branches_covered": 88.88888888888889, "percent_branches_covered_display": "88.89"}, "missing_lines": [], "excluded_lines": [], "start_line": 210, "executed_branches": [[213, 214], [213, 216], [226, 227], [226, 231], [227, 228], [227, 231], [228, 229], [232, 233], [232, 240], [233, 234], [233, 235], [235, 232], [235, 236], [237, 238], [240, 241], [240, 244]], "missing_branches": [[228, 227], [237, 235]]}, "A2AFactChecker.__init__": {"executed_lines": [], "summary": {"covered_lines": 0, "num_statements": 4, "percent_covered": 0.0, "percent_covered_display": "0.00", "missing_lines": 4, "excluded_lines": 0, "percent_statements_covered": 0.0, "percent_statements_covered_display": "0.00", "num_branches": 0, "num_partial_branches": 0, "covered_branches": 0, "missing_branches": 0, "percent_branches_covered": 100.0, "percent_branches_covered_display": "100.00"}, "missing_lines": [295, 296, 297, 298], "excluded_lines": [], "start_line": 288, "executed_branches": [], "missing_branches": []}, "A2AFactChecker._build_payload": {"executed_lines": [], "summary": {"covered_lines": 0, "num_statements": 1, "percent_covered": 0.0, "percent_covered_display": "0.00", "missing_lines": 1, "excluded_lines": 0, "percent_statements_covered": 0.0, "percent_statements_covered_display": "0.00", "num_branches": 0, "num_partial_branches": 0, "covered_branches": 0, "missing_branches": 0, "percent_branches_covered": 100.0, "percent_branches_covered_display": "100.00"}, "missing_lines": [301], "excluded_lines": [], "start_line": 300, "executed_branches": [], "missing_branches": []}, "A2AFactChecker._extract_text": {"executed_lines": [], "summary": {"covered_lines": 0, "num_statements": 22, "percent_covered": 0.0, "percent_covered_display": "0.00", "missing_lines": 22, "excluded_lines": 0, "percent_statements_covered": 0.0, "percent_statements_covered_display": "0.00", "num_branches": 24, "num_partial_branches": 0, "covered_branches": 0, "missing_branches": 24, "percent_branches_covered": 0.0, "percent_branches_covered_display": "0.00"}, "missing_lines": [316, 317, 318, 319, 320, 321, 322, 323, 324, 325, 326, 327, 328, 329, 330, 331, 332, 333, 334, 335, 336, 337], "excluded_lines": [], "start_line": 314, "executed_branches": [], "missing_branches": [[316, 317], [316, 335], [317, 318], [317, 329], [319, 317], [319, 320], [321, 322], [321, 327], [322, 321], [322, 323], [323, 324], [323, 325], [325, 321], [325, 326], [327, 317], [327, 328], [329, 330], [329, 335], [331, 329], [331, 332], [333, 329], [333, 334], [335, 336], [335, 337]]}, "A2AFactChecker._parse_accuracy": {"executed_lines": [], "summary": {"covered_lines": 0, "num_statements": 17, "percent_covered": 0.0, "percent_covered_display": "0.00", "missing_lines": 17, "excluded_lines": 0, "percent_statements_covered": 0.0, "percent_statements_covered_display": "0.00", "num_branches": 12, "num_partial_branches": 0, "covered_branches": 0, "missing_branches": 12, "percent_branches_covered": 0.0, "percent_branches_covered_display": "0.00"}, "missing_lines": [341, 342, 343, 345, 346, 347, 349, 350, 351, 353, 356, 357, 358, 361, 362, 363, 365], "excluded_lines": [], "start_line": 339, "executed_branches": [], "missing_branches": [[342, 343], [342, 345], [346, 347], [346, 349], [350, 351], [350, 353], [356, 357], [356, 361], [361, 362], [361, 365], [362, 361], [362, 363]]}, "A2AFactChecker.check_answer": {"executed_lines": [], "summary": {"covered_lines": 0, "num_statements": 9, "percent_covered": 0.0, "percent_covered_display": "0.00", "missing_lines": 9, "excluded_lines": 0, "percent_statements_covered": 0.0, "percent_statements_covered_display": "0.00", "num_branches": 0, "num_partial_branches": 0, "covered_branches": 0, "missing_branches": 0, "percent_branches_covered": 100.0, "percent_branches_covered_display": "100.00"}, "missing_lines": [379, 380, 381, 388, 389, 390, 391, 392, 393], "excluded_lines": [], "start_line": 367, "executed_branches": [], "missing_branches": []}, "send_message": {"executed_lines": [410, 411, 424, 425, 426, 427, 434, 435, 436, 437, 438, 439, 440, 448, 449, 450], "summary": {"covered_lines": 16, "num_statements": 16, "percent_covered": 100.0, "percent_covered_display": "100.00", "missing_lines": 0, "excluded_lines": 0, "percent_statements_covered": 100.0, "percent_statements_covered_display": "100.00", "num_branches": 2, "num_partial_branches": 0, "covered_branches": 2, "missing_branches": 0, "percent_branches_covered": 100.0, "percent_branches_covered_display": "100.00"}, "missing_lines": [], "excluded_lines": [], "start_line": 401, "executed_branches": [[437, 438], [437, 439]], "missing_branches": []}, "_decode_sse_data_lines": {"executed_lines": [463, 464, 465, 466, 468, 469, 470, 471, 472, 473, 474, 479], "summary": {"covered_lines": 12, "num_statements": 16, "percent_covered": 75.0, "percent_covered_display": "75.00", "missing_lines": 4, "excluded_lines": 0, "percent_statements_covered": 75.0, "percent_statements_covered_display": "75.00", "num_branches": 8, "num_partial_branches": 2, "covered_branches": 6, "missing_branches": 2, "percent_branches_covered": 75.0, "percent_branches_covered_display": "75.00"}, "missing_lines": [467, 476, 477, 478], "excluded_lines": [], "start_line": 461, "executed_branches": [[464, 465], [464, 479], [466, 468], [469, 470], [469, 471], [473, 474]], "missing_branches": [[466, 467], [473, 476]]}, "_extract_text_from_stream_events": {"executed_lines": [484, 485, 486, 487, 488, 489, 503], "summary": {"covered_lines": 7, "num_statements": 18, "percent_covered": 33.333333333333336, "percent_covered_display": "33.33", "missing_lines": 11, "excluded_lines": 0, "percent_statements_covered": 38.888888888888886, "percent_statements_covered_display": "38.89", "num_branches": 12, "num_partial_branches": 1, "covered_branches": 3, "missing_branches": 9, "percent_branches_covered": 25.0, "percent_branches_covered_display": "25.00"}, "missing_lines": [491, 492, 493, 494, 495, 496, 498, 499, 500, 501, 502], "excluded_lines": [], "start_line": 482, "executed_branches": [[485, 486], [485, 503], [487, 488]], "missing_branches": [[487, 491], [492, 493], [492, 498], [494, 495], [494, 498], [498, 485], [498, 499], [500, 498], [500, 501]]}, "send_stream_message": {"executed_lines": [520, 521, 534, 535, 536, 537, 538, 546, 547, 548, 550, 551, 553, 554, 555, 556], "summary": {"covered_lines": 16, "num_statements": 20, "percent_covered": 76.92307692307692, "percent_covered_display": "76.92", "missing_lines": 4, "excluded_lines": 0, "percent_statements_covered": 80.0, "percent_statements_covered_display": "80.00", "num_branches": 6, "num_partial_branches": 2, "covered_branches": 4, "missing_branches": 2, "percent_branches_covered": 66.66666666666667, "percent_branches_covered_display": "66.67"}, "missing_lines": [549, 565, 566, 567], "excluded_lines": [], "start_line": 506, "executed_branches": [[547, 548], [547, 553], [548, 550], [550, 551]], "missing_branches": [[548, 549], [550, 547]]}, "": {"executed_lines": [3, 5, 6, 7, 8, 9, 10, 11, 12, 14, 15, 16, 19, 23, 24, 27, 28, 29, 30, 31, 32, 33, 34, 35, 36, 37, 39, 43, 44, 47, 48, 49, 50, 51, 52, 53, 55, 59, 60, 63, 64, 65, 66, 67, 68, 69, 70, 72, 76, 83, 91, 100, 117, 133, 138, 149, 163, 196, 202, 210, 247, 249, 270, 288, 300, 314, 339, 367, 401, 461, 482, 506], "summary": {"covered_lines": 72, "num_statements": 72, "percent_covered": 100.0, "percent_covered_display": "100.00", "missing_lines": 0, "excluded_lines": 0, "percent_statements_covered": 100.0, "percent_statements_covered_display": "100.00", "num_branches": 0, "num_partial_branches": 0, "covered_branches": 0, "missing_branches": 0, "percent_branches_covered": 100.0, "percent_branches_covered_display": "100.00"}, "missing_lines": [], "excluded_lines": [], "start_line": 1, "executed_branches": [], "missing_branches": []}}, "classes": {"A2AClientError": {"executed_lines": [], "summary": {"covered_lines": 0, "num_statements": 0, "percent_covered": 100.0, "percent_covered_display": "100.00", "missing_lines": 0, "excluded_lines": 0, "percent_statements_covered": 100.0, "percent_statements_covered_display": "100.00", "num_branches": 0, "num_partial_branches": 0, "covered_branches": 0, "missing_branches": 0, "percent_branches_covered": 100.0, "percent_branches_covered_display": "100.00"}, "missing_lines": [], "excluded_lines": [], "start_line": 19, "executed_branches": [], "missing_branches": []}, "A2AAgentInfo": {"executed_lines": [], "summary": {"covered_lines": 0, "num_statements": 1, "percent_covered": 0.0, "percent_covered_display": "0.00", "missing_lines": 1, "excluded_lines": 0, "percent_statements_covered": 0.0, "percent_statements_covered_display": "0.00", "num_branches": 0, "num_partial_branches": 0, "covered_branches": 0, "missing_branches": 0, "percent_branches_covered": 100.0, "percent_branches_covered_display": "100.00"}, "missing_lines": [40], "excluded_lines": [], "start_line": 24, "executed_branches": [], "missing_branches": []}, "A2AAgentResult": {"executed_lines": [], "summary": {"covered_lines": 0, "num_statements": 1, "percent_covered": 0.0, "percent_covered_display": "0.00", "missing_lines": 1, "excluded_lines": 0, "percent_statements_covered": 0.0, "percent_statements_covered_display": "0.00", "num_branches": 0, "num_partial_branches": 0, "covered_branches": 0, "missing_branches": 0, "percent_branches_covered": 100.0, "percent_branches_covered_display": "100.00"}, "missing_lines": [56], "excluded_lines": [], "start_line": 44, "executed_branches": [], "missing_branches": []}, "A2AStreamResult": {"executed_lines": [], "summary": {"covered_lines": 0, "num_statements": 1, "percent_covered": 0.0, "percent_covered_display": "0.00", "missing_lines": 1, "excluded_lines": 0, "percent_statements_covered": 0.0, "percent_statements_covered_display": "0.0
[...]
61, 163, 164, 166, 167, 168, 170, 171, 172, 175, 177, 178, 188, 189, 190, 192, 193, 194, 195, 196, 197, 205, 206], "excluded_lines": [212, 213, 214, 215, 216, 217], "start_line": 1, "executed_branches": [], "missing_branches": [[72, 73], [72, 81], [134, -128], [134, 135], [143, 145], [143, 149], [166, 167], [166, 170], [171, 172], [171, 175], [195, 196], [195, 197]]}}}, "src/racing/team_validated/nodes.py": {"executed_lines": [25, 27, 29, 30, 34, 42, 44, 46, 55, 56, 58, 61, 76, 102, 152, 184], "summary": {"covered_lines": 16, "num_statements": 60, "percent_covered": 22.857142857142858, "percent_covered_display": "22.86", "missing_lines": 44, "excluded_lines": 0, "percent_statements_covered": 26.666666666666668, "percent_statements_covered_display": "26.67", "num_branches": 10, "num_partial_branches": 0, "covered_branches": 0, "missing_branches": 10, "percent_branches_covered": 0.0, "percent_branches_covered_display": "0.00"}, "missing_lines": [62, 77, 78, 79, 81, 82, 93, 103, 104, 105, 106, 108, 110, 112, 114, 115, 117, 122, 132, 134, 138, 153, 154, 158, 160, 161, 163, 164, 175, 185, 186, 188, 189, 190, 191, 192, 193, 194, 196, 198, 205, 213, 215, 223], "excluded_lines": [], "executed_branches": [], "missing_branches": [[81, 82], [81, 93], [108, 110], [108, 112], [163, 164], [163, 175], [189, 190], [189, 194], [191, 189], [191, 192]], "functions": {"_get_llm": {"executed_lines": [], "summary": {"covered_lines": 0, "num_statements": 1, "percent_covered": 0.0, "percent_covered_display": "0.00", "missing_lines": 1, "excluded_lines": 0, "percent_statements_covered": 0.0, "percent_statements_covered_display": "0.00", "num_branches": 0, "num_partial_branches": 0, "covered_branches": 0, "missing_branches": 0, "percent_branches_covered": 100.0, "percent_branches_covered_display": "100.00"}, "missing_lines": [62], "excluded_lines": [], "start_line": 61, "executed_branches": [], "missing_branches": []}, "telemetry_validator_node": {"executed_lines": [], "summary": {"covered_lines": 0, "num_statements": 6, "percent_covered": 0.0, "percent_covered_display": "0.00", "missing_lines": 6, "excluded_lines": 0, "percent_statements_covered": 0.0, "percent_statements_covered_display": "0.00", "num_branches": 2, "num_partial_branches": 0, "covered_branches": 0, "missing_branches": 2, "percent_branches_covered": 0.0, "percent_branches_covered_display": "0.00"}, "missing_lines": [77, 78, 79, 81, 82, 93], "excluded_lines": [], "start_line": 76, "executed_branches": [], "missing_branches": [[81, 82], [81, 93]]}, "team_principal_routing_node": {"executed_lines": [], "summary": {"covered_lines": 0, "num_statements": 14, "percent_covered": 0.0, "percent_covered_display": "0.00", "missing_lines": 14, "excluded_lines": 0, "percent_statements_covered": 0.0, "percent_statements_covered_display": "0.00", "num_branches": 2, "num_partial_branches": 0, "covered_branches": 0, "missing_branches": 2, "percent_branches_covered": 0.0, "percent_branches_covered_display": "0.00"}, "missing_lines": [103, 104, 105, 106, 108, 110, 112, 114, 115, 117, 122, 132, 134, 138], "excluded_lines": [], "start_line": 102, "executed_branches": [], "missing_branches": [[108, 110], [108, 112]]}, "expert_validator_node": {"executed_lines": [], "summary": {"covered_lines": 0, "num_statements": 8, "percent_covered": 0.0, "percent_covered_display": "0.00", "missing_lines": 8, "excluded_lines": 0, "percent_statements_covered": 0.0, "percent_statements_covered_display": "0.00", "num_branches": 2, "num_partial_branches": 0, "covered_branches": 0, "missing_branches": 2, "percent_branches_covered": 0.0, "percent_branches_covered_display": "0.00"}, "missing_lines": [153, 154, 158, 160, 161, 163, 164, 175], "excluded_lines": [], "start_line": 152, "executed_branches": [], "missing_branches": [[163, 164], [163, 175]]}, "team_principal_decision_node": {"executed_lines": [], "summary": {"covered_lines": 0, "num_statements": 15, "percent_covered": 0.0, "percent_covered_display": "0.00", "missing_lines": 15, "excluded_lines": 0, "percent_statements_covered": 0.0, "percent_statements_covered_display": "0.00", "num_branches": 4, "num_partial_branches": 0, "covered_branches": 0, "missing_branches": 4, "percent_branches_covered": 0.0, "percent_branches_covered_display": "0.00"}, "missing_lines": [185, 186, 188, 189, 190, 191, 192, 193, 194, 196, 198, 205, 213, 215, 223], "excluded_lines": [], "start_line": 184, "executed_branches": [], "missing_branches": [[189, 190], [189, 194], [191, 189], [191, 192]]}, "": {"executed_lines": [25, 27, 29, 30, 34, 42, 44, 46, 55, 56, 58, 61, 76, 102, 152, 184], "summary": {"covered_lines": 16, "num_statements": 16, "percent_covered": 100.0, "percent_covered_display": "100.00", "missing_lines": 0, "excluded_lines": 0, "percent_statements_covered": 100.0, "percent_statements_covered_display": "100.00", "num_branches": 0, "num_partial_branches": 0, "covered_branches": 0, "missing_branches": 0, "percent_branches_covered": 100.0, "percent_branches_covered_display": "100.00"}, "missing_lines": [], "excluded_lines": [], "start_line": 1, "executed_branches": [], "missing_branches": []}}, "classes": {"": {"executed_lines": [25, 27, 29, 30, 34, 42, 44, 46, 55, 56, 58, 61, 76, 102, 152, 184], "summary": {"covered_lines": 16, "num_statements": 60, "percent_covered": 22.857142857142858, "percent_covered_display": "22.86", "missing_lines": 44, "excluded_lines": 0, "percent_statements_covered": 26.666666666666668, "percent_statements_covered_display": "26.67", "num_branches": 10, "num_partial_branches": 0, "covered_branches": 0, "missing_branches": 10, "percent_branches_covered": 0.0, "percent_branches_covered_display": "0.00"}, "missing_lines": [62, 77, 78, 79, 81, 82, 93, 103, 104, 105, 106, 108, 110, 112, 114, 115, 117, 122, 132, 134, 138, 153, 154, 158, 160, 161, 163, 164, 175, 185, 186, 188, 189, 190, 191, 192, 193, 194, 196, 198, 205, 213, 215, 223], "excluded_lines": [], "start_line": 1, "executed_branches": [], "missing_branches": [[81, 82], [81, 93], [108, 110], [108, 112], [163, 164], [163, 175], [189, 190], [189, 194], [191, 189], [191, 192]]}}}, "src/racing/team_validated/state_tools.py": {"executed_lines": [2, 4, 5, 7, 8, 9, 10, 12, 13, 16, 17, 18, 19, 20, 23, 24], "summary": {"covered_lines": 16, "num_statements": 21, "percent_covered": 76.19047619047619, "percent_covered_display": "76.19", "missing_lines": 5, "excluded_lines": 0, "percent_statements_covered": 76.19047619047619, "percent_statements_covered_display": "76.19", "num_branches": 0, "num_partial_branches": 0, "covered_branches": 0, "missing_branches": 0, "percent_branches_covered": 100.0, "percent_branches_covered_display": "100.00"}, "missing_lines": [36, 37, 41, 42, 43], "excluded_lines": [], "executed_branches": [], "missing_branches": [], "functions": {"ask_michelin_engineer": {"executed_lines": [], "summary": {"covered_lines": 0, "num_statements": 5, "percent_covered": 0.0, "percent_covered_display": "0.00", "missing_lines": 5, "excluded_lines": 0, "percent_statements_covered": 0.0, "percent_statements_covered_display": "0.00", "num_branches": 0, "num_partial_branches": 0, "covered_branches": 0, "missing_branches": 0, "percent_branches_covered": 100.0, "percent_branches_covered_display": "100.00"}, "missing_lines": [36, 37, 41, 42, 43], "excluded_lines": [], "start_line": 24, "executed_branches": [], "missing_branches": []}, "": {"executed_lines": [2, 4, 5, 7, 8, 9, 10, 12, 13, 16, 17, 18, 19, 20, 23, 24], "summary": {"covered_lines": 16, "num_statements": 16, "percent_covered": 100.0, "percent_covered_display": "100.00", "missing_lines": 0, "excluded_lines": 0, "percent_statements_covered": 100.0, "percent_statements_covered_display": "100.00", "num_branches": 0, "num_partial_branches": 0, "covered_branches": 0, "missing_branches": 0, "percent_branches_covered": 100.0, "percent_branches_covered_display": "100.00"}, "missing_lines": [], "excluded_lines": [], "start_line": 1, "executed_branches": [], "missing_branches": []}}, "classes": {"TeamState": {"executed_lines": [], "summary": {"covered_lines": 0, "num_statements": 0, "percent_covered": 100.0, "percent_covered_display": "100.00", "missing_lines": 0, "excluded_lines": 0, "percent_statements_covered": 100.0, "percent_statements_covered_display": "100.00", "num_branches": 0, "num_partial_branches": 0, "covered_branches": 0, "missing_branches": 0, "percent_branches_covered": 100.0, "percent_branches_covered_display": "100.00"}, "missing_lines": [], "excluded_lines": [], "start_line": 16, "executed_branches": [], "missing_branches": []}, "": {"executed_lines": [2, 4, 5, 7, 8, 9, 10, 12, 13, 16, 17, 18, 19, 20, 23, 24], "summary": {"covered_lines": 16, "num_statements": 21, "percent_covered": 76.19047619047619, "percent_covered_display": "76.19", "missing_lines": 5, "excluded_lines": 0, "percent_statements_covered": 76.19047619047619, "percent_statements_covered_display": "76.19", "num_branches": 0, "num_partial_branches": 0, "covered_branches": 0, "missing_branches": 0, "percent_branches_covered": 100.0, "percent_branches_covered_display": "100.00"}, "missing_lines": [36, 37, 41, 42, 43], "excluded_lines": [], "start_line": 1, "executed_branches": [], "missing_branches": []}}}, "src/racing/team_zero_shot/__init__.py": {"executed_lines": [], "summary": {"covered_lines": 0, "num_statements": 0, "percent_covered": 100.0, "percent_covered_display": "100.00", "missing_lines": 0, "excluded_lines": 0, "percent_statements_covered": 100.0, "percent_statements_covered_display": "100.00", "num_branches": 0, "num_partial_branches": 0, "covered_branches": 0, "missing_branches": 0, "percent_branches_covered": 100.0, "percent_branches_covered_display": "100.00"}, "missing_lines": [], "excluded_lines": [], "executed_branches": [], "missing_branches": [], "functions": {"": {"executed_lines": [], "summary": {"covered_lines": 0, "num_statements": 0, "percent_covered": 100.0, "percent_covered_display": "100.00", "missing_lines": 0, "excluded_lines": 0, "percent_statements_covered": 100.0, "percent_statements_covered_display": "100.00", "num_branches": 0, "num_partial_branches": 0, "covered_branches": 0, "missing_branches": 0, "percent_branches_covered": 100.0, "percent_branches_covered_display": "100.00"}, "missing_lines": [], "excluded_lines": [], "start_line": 1, "executed_branches": [], "missing_branches": []}}, "classes": {"": {"executed_lines": [], "summary": {"covered_lines": 0, "num_statements": 0, "percent_covered": 100.0, "percent_covered_display": "100.00", "missing_lines": 0, "excluded_lines": 0, "percent_statements_covered": 100.0, "percent_statements_covered_display": "100.00", "num_branches": 0, "num_partial_branches": 0, "covered_branches": 0, "missing_branches": 0, "percent_branches_covered": 100.0, "percent_branches_covered_display": "100.00"}, "missing_lines": [], "excluded_lines": [], "start_line": 1, "executed_branches": [], "missing_branches": []}}}, "src/racing/team_zero_shot/main.py": {"executed_lines": [14, 16, 17, 18, 19, 20, 21, 22, 24, 25, 26, 27, 28, 29, 30, 36, 37, 38, 39, 40, 41, 44, 46, 52, 66, 67, 70, 71, 74, 75, 90, 103, 112, 141, 142, 143, 144, 145, 146, 147, 150, 151, 158, 217], "summary": {"covered_lines": 44, "num_statements": 102, "percent_covered": 39.285714285714285, "percent_covered_display": "39.29", "missing_lines": 58, "excluded_lines": 6, "percent_statements_covered": 43.13725490196079, "percent_statements_covered_display": "43.14", "num_branches": 10, "num_partial_branches": 0, "covered_branches": 0, "missing_branches": 10, "percent_branches_covered": 0.0, "percent_branches_covered_display": "0.00"}, "missing_lines": [53, 77, 78, 85, 86, 87, 91, 92, 93, 94, 95, 96, 113, 120, 121, 125, 127, 128, 129, 130, 132, 133, 134, 159, 161, 162, 163, 164, 165, 166, 167, 168, 170, 171, 173, 175, 176, 177, 179, 180, 181, 183, 184, 185, 188, 190, 191, 201, 202, 203, 205, 206, 207, 208, 209, 210, 218, 219], "excluded_lines": [225, 226, 227, 228, 229, 230], "executed_branches": [], "missing_branches": [[127, 128], [127, 132], [164, -158], [164, 165], [173, 175], [173, 179], [184, 185], [184, 188], [208, 209], [208, 210]], "functions": {"_parse_args": {"executed_lines": [37, 38, 39, 40, 41], "summary": {"covered_lines": 5, "num_statements": 5, "percent_covered": 100.0, "percent_covered_display": "100.00", "missing_lines": 0, "excluded_lines": 0, "percent_statements_covered": 100.0, "percent_statements_covered_display": "100.00", "num_branches": 0, "num_partial_branches": 0, "covered_branches": 0, "missing_branches": 0, "percent_branches_covered": 100.0, "percent_branches_covered_display": "100.00"}, "missing_lines": [], "excluded_lines": [], "start_line": 36, "executed_branches": [], "missing_branches": []}, "_get_llm": {"executed_lines": [], "summary": {"covered_lines": 0, "num_statements": 1, "percent_covered": 0.0, "percent_covered_display": "0.00", "missing_lines": 1, "excluded_lines": 0, "percent_statements_covered": 0.0, "percent_statements_covered_display": "0.00", "num_branches": 0, "num_partial_branches": 0, "covered_branches": 0, "missing_branches": 0, "percent_branches_covered": 100.0, "percent_branches_covered_display": "100.00"}, "missing_lines": [53], "excluded_lines": [], "start_line": 52, "executed_branches": [], "missing_branches": []}, "handle_query": {"executed_lines": [], "summary": {"covered_lines": 0, "num_statements": 5, "percent_covered": 0.0, "percent_covered_display": "0.00", "missing_lines": 5, "excluded_lines": 0, "percent_statements_covered": 0.0, "percent_statements_covered_display": "0.00", "num_branches": 0, "num_partial_branches": 0, "covered_branches": 0, "missing_branches": 0, "percent_branches_covered": 100.0, "percent_branches_covered_display": "100.00"}, "missing_lines": [77, 78, 85, 86, 87], "excluded_lines": [], "start_line": 75, "executed_branches": [], "missing_branches": []}, "_run_query_server": {"executed_lines": [], "summary": {"covered_lines": 0, "num_statements": 6, "percent_covered": 0.0, "percent_covered_display": "0.00", "missing_lines": 6, "excluded_lines": 0, "percent_statements_covered": 0.0, "percent_statements_covered_display": "0.00", "num_branches": 0, "num_partial_branches": 0, "covered_branches": 0, "missing_branches": 0, "percent_branches_covered": 100.0, "percent_branches_covered_display": "100.00"}, "missing_lines": [91, 92, 93, 94, 95, 96], "excluded_lines": [], "start_line": 90, "executed_branches": [], "missing_branches": []}, "_decide": {"executed_lines": [], "summary": {"covered_lines": 0, "num_statements": 11, "percent_covered": 0.0, "percent_covered_display": "0.00", "missing_lines": 11, "excluded_lines": 0, "percent_statements_covered": 0.0, "percent_statements_covered_display": "0.00", "num_branches": 2, "num_partial_branches": 0, "covered_branches": 0, "missing_branches": 2, "percent_branches_covered": 0.0, "percent_branches_covered_display": "0.00"}, "missing_lines": [113, 120, 121, 125, 127, 128, 129, 130, 132, 133, 134], "excluded_lines": [], "start_line": 112, "executed_branches": [], "missing_branches": [[127, 128], [127, 132]]}, "_pfx": {"executed_lines": [151], "summary": {"covered_lines": 1, "num_statements": 1, "percent_covered": 100.0, "percent_covered_display": "100.00", "missing_lines": 0, "excluded_lines": 0, "percent_statements_covered": 100.0, "percent_statements_covered_display": "100.00", "num_branches": 0, "num_partial_branches": 0, "covered_branches": 0, "missing_branches": 0, "percent_branches_covered": 100.0, "percent_branches_covered_display": "100.00"}, "missing_lines": [], "excluded_lines": [], "start_line": 150, "executed_branches": [], "missing_branches": []}, "listen_and_race": {"executed_lines": [], "summary": {"covered_lines": 0, "num_statements": 33, "percent_covered": 0.0, "percent_covered_display": "0.00", "missing_lines": 33, "excluded_lines": 0, "percent_statements_covered": 0.0, "percent_statements_covered_display": "0.00", "num_branches": 8, "num_partial_branches": 0, "covered_branches": 0, "missing_branches": 8, "percent_branches_covered": 0.0, "percent_branches_covered_display": "0.00"}, "missing_lines": [159, 161, 162, 163, 164, 165, 166, 167, 168, 170, 171, 173, 175, 176, 177, 179, 180, 181, 183, 184, 185, 188, 190, 191, 201, 202, 203, 205, 206, 207, 208, 209, 210], "excluded_lines": [], "start_line": 158, "executed_branches": [], "missing_branches": [[164, -158], [164, 165], [173, 175], [173, 179], [184, 185], [184, 188], [208, 209], [208, 210]]}, "_main": {"executed_lines": [], "summary": {"covered_lines": 0, "num_statements": 2, "percent_covered": 0.0, "percent_covered_display": "0.00", "missing_lines": 2, "excluded_lines": 0, "percent_statements_covered": 0.0, "percent_statements_covered_display": "0.00", "num_branches": 0, "num_partial_branches": 0, "covered_branches": 0, "missing_branches": 0, "percent_branches_covered": 100.0, "percent_branches_covered_display": "100.00"}, "missing_lines": [218, 219], "excluded_lines": [], "start_line": 217, "executed_branches": [], "missing_branches": []}, "": {"executed_lines": [14, 16, 17, 18, 19, 20, 21, 22, 24, 25, 26, 27, 28, 29, 30, 36, 44, 46, 52, 66, 67, 70, 71, 74, 75, 90, 103, 112, 141, 142, 143, 144, 145, 146, 147, 150, 158, 217], "summary": {"covered_lines": 38, "num_statements": 38, "percent_covered": 100.0, "percent_covered_display": "100.00", "missing_lines": 0, "excluded_lines": 6, "percent_statements_covered": 100.0, "percent_statements_covered_display": "100.00", "num_branches": 0, "num_partial_branches": 0, "covered_branches": 0, "missing_branches": 0, "percent_branches_covered": 100.0, "percent_branches_covered_display": "100.00"}, "missing_lines": [], "excluded_lines": [225, 226, 227, 228, 229, 230], "start_line": 1, "executed_branches": [], "missing_branches": []}}, "classes": {"_QueryPayload": {"executed_lines": [], "summary": {"covered_lines": 0, "num_statements": 0, "percent_covered": 100.0, "percent_covered_display": "100.00", "missing_lines": 0, "excluded_lines": 0, "percent_statements_covered": 100.0, "percent_statements_covered_display": "100.00", "num_branches": 0, "num_partial_branches": 0, "covered_branches": 0, "missing_branches": 0, "percent_branches_covered": 100.0, "percent_branches_covered_display": "100.00"}, "missing_lines": [], "excluded_lines": [], "start_line": 70, "executed_branches": [], "missing_branches": []}, "": {"executed_lines": [14, 16, 17, 18, 19, 20, 21, 22, 24, 25, 26, 27, 28, 29, 30, 36, 37, 38, 39, 40, 41, 44, 46, 52, 66, 67, 70, 71, 74, 75, 90, 103, 112, 141, 142, 143, 144, 145, 146, 147, 150, 151, 158, 217], "summary": {"covered_lines": 44, "num_statements": 102, "percent_covered": 39.285714285714285, "percent_covered_display": "39.29", "missing_lines": 58, "excluded_lines": 6, "percent_statements_covered": 43.13725490196079, "percent_statements_covered_display": "43.14", "num_branches": 10, "num_partial_branches": 0, "covered_branches": 0, "missing_branches": 10, "percent_branches_covered": 0.0, "percent_branches_covered_display": "0.00"}, "missing_lines": [53, 77, 78, 85, 86, 87, 91, 92, 93, 94, 95, 96, 113, 120, 121, 125, 127, 128, 129, 130, 132, 133, 134, 159, 161, 162, 163, 164, 165, 166, 167, 168, 170, 171, 173, 175, 176, 177, 179, 180, 181, 183, 184, 185, 188, 190, 191, 201, 202, 203, 205, 206, 207, 208, 209, 210, 218, 219], "excluded_lines": [225, 226, 227, 228, 229, 230], "start_line": 1, "executed_branches": [], "missing_branches": [[127, 128], [127, 132], [164, -158], [164, 165], [173, 175], [173, 179], [184, 185], [184, 188], [208, 209], [208, 210]]}}}}, "totals": {"covered_lines": 3349, "num_statements": 6207, "percent_covered": 51.62130485740331, "percent_covered_display": "51.62", "missing_lines": 2858, "excluded_lines": 148, "percent_statements_covered": 53.95521185758015, "percent_statements_covered_display": "53.96", "num_branches": 1472, "num_partial_branches": 125, "covered_branches": 615, "missing_branches": 857, "percent_branches_covered": 41.77989130434783, "percent_branches_covered_display": "41.78"}}